[ 2016-04-23T06:58:54+08:00 ] 127.0.0.1 /
INFO: [ app_init ] --START--
INFO: Run Behavior\BuildLiteBehavior [ RunTime:0.000020s ]
INFO: [ app_init ] --END-- [ RunTime:0.013292s ]
INFO: [ app_begin ] --START--
INFO: Run Behavior\ReadHtmlCacheBehavior [ RunTime:0.015279s ]
INFO: [ app_begin ] --END-- [ RunTime:0.015360s ]
INFO: [ view_parse ] --START--
INFO: [ template_filter ] --START--
INFO: Run Behavior\ContentReplaceBehavior [ RunTime:0.000040s ]
INFO: [ template_filter ] --END-- [ RunTime:0.000093s ]
INFO: Run Behavior\ParseTemplateBehavior [ RunTime:0.130866s ]
INFO: [ view_parse ] --END-- [ RunTime:0.130934s ]
INFO: [ view_filter ] --START--
INFO: Run Behavior\WriteHtmlCacheBehavior [ RunTime:0.006977s ]
INFO: [ view_filter ] --END-- [ RunTime:0.007018s ]
INFO: [ app_end ] --START--
INFO: Run Behavior\ShowPageTraceBehavior [ RunTime:0.006132s ]
INFO: [ app_end ] --END-- [ RunTime:0.006176s ]

[ 2016-04-23T07:05:38+08:00 ] 127.0.0.1 /index.php/Home/Index/index
INFO: [ app_init ] --START--
INFO: Run Behavior\BuildLiteBehavior [ RunTime:0.000017s ]
INFO: [ app_init ] --END-- [ RunTime:0.000545s ]
INFO: [ app_begin ] --START--
INFO: Run Behavior\ReadHtmlCacheBehavior [ RunTime:0.001052s ]
INFO: [ app_begin ] --END-- [ RunTime:0.001151s ]

[ 2016-04-23T09:19:43+08:00 ] 127.0.0.1 /
INFO: [ app_init ] --START--
INFO: Run Behavior\BuildLiteBehavior [ RunTime:0.000013s ]
INFO: [ app_init ] --END-- [ RunTime:0.000713s ]
INFO: [ app_begin ] --START--
INFO: Run Behavior\ReadHtmlCacheBehavior [ RunTime:0.000502s ]
INFO: [ app_begin ] --END-- [ RunTime:0.000546s ]
INFO: [ view_parse ] --START--
INFO: [ template_filter ] --START--
INFO: Run Behavior\ContentReplaceBehavior [ RunTime:0.000068s ]
INFO: [ template_filter ] --END-- [ RunTime:0.000138s ]
INFO: Run Behavior\ParseTemplateBehavior [ RunTime:0.031661s ]
INFO: [ view_parse ] --END-- [ RunTime:0.031734s ]
INFO: [ view_filter ] --START--
INFO: Run Behavior\WriteHtmlCacheBehavior [ RunTime:0.000429s ]
INFO: [ view_filter ] --END-- [ RunTime:0.000466s ]
INFO: [ app_end ] --START--
INFO: Run Behavior\ShowPageTraceBehavior [ RunTime:0.000555s ]
INFO: [ app_end ] --END-- [ RunTime:0.000592s ]

[ 2016-04-23T09:19:50+08:00 ] 127.0.0.1 /index.php/Home/Index/index
INFO: [ app_init ] --START--
INFO: Run Behavior\BuildLiteBehavior [ RunTime:0.000011s ]
INFO: [ app_init ] --END-- [ RunTime:0.000481s ]
INFO: [ app_begin ] --START--
INFO: Run Behavior\ReadHtmlCacheBehavior [ RunTime:0.001412s ]
INFO: [ app_begin ] --END-- [ RunTime:0.001514s ]
SQL: SHOW COLUMNS FROM `admin` [ RunTime:0.0650s ]
SQL: SHOW COLUMNS FROM `admin` [ RunTime:0.0705s ]
SQL: SELECT * FROM `admin` WHERE `admin_name` = '郭旭峰' AND `admin_pwd` = '3c4bbe2658f1df10ef6b4c38a8e614f59a96455807d39326bef7f0deb28374ff'  [ RunTime:0.0520s ]
INFO: [ app_end ] --START--
INFO: Run Behavior\ShowPageTraceBehavior [ RunTime:0.001174s ]
INFO: [ app_end ] --END-- [ RunTime:0.001253s ]

[ 2016-04-23T09:19:51+08:00 ] 127.0.0.1 /index.php/Home/Login/index
INFO: [ app_init ] --START--
INFO: Run Behavior\BuildLiteBehavior [ RunTime:0.000011s ]
INFO: [ app_init ] --END-- [ RunTime:0.000422s ]
INFO: [ app_begin ] --START--
INFO: Run Behavior\ReadHtmlCacheBehavior [ RunTime:0.000538s ]
INFO: [ app_begin ] --END-- [ RunTime:0.000600s ]
INFO: [ view_parse ] --START--
INFO: [ template_filter ] --START--
INFO: Run Behavior\ContentReplaceBehavior [ RunTime:0.000047s ]
INFO: [ template_filter ] --END-- [ RunTime:0.000092s ]
INFO: Run Behavior\ParseTemplateBehavior [ RunTime:0.015826s ]
INFO: [ view_parse ] --END-- [ RunTime:0.015903s ]
INFO: [ view_filter ] --START--
INFO: Run Behavior\WriteHtmlCacheBehavior [ RunTime:0.000351s ]
INFO: [ view_filter ] --END-- [ RunTime:0.000381s ]
INFO: [ app_end ] --START--
INFO: Run Behavior\ShowPageTraceBehavior [ RunTime:0.000614s ]
INFO: [ app_end ] --END-- [ RunTime:0.000655s ]

[ 2016-04-23T09:22:50+08:00 ] 127.0.0.1 /index.php/Home/Index/index
INFO: [ app_init ] --START--
INFO: Run Behavior\BuildLiteBehavior [ RunTime:0.000015s ]
INFO: [ app_init ] --END-- [ RunTime:0.000588s ]
INFO: [ app_begin ] --START--
INFO: Run Behavior\ReadHtmlCacheBehavior [ RunTime:0.000647s ]
INFO: [ app_begin ] --END-- [ RunTime:0.000716s ]
SQL: SHOW COLUMNS FROM `admin` [ RunTime:0.0674s ]
SQL: SHOW COLUMNS FROM `admin` [ RunTime:0.0398s ]
SQL: SELECT * FROM `admin` WHERE `admin_name` = '郭旭峰' AND `admin_pwd` = '2ff7fd46b2dec0f597b9c7a5cca7e87c2d9657b46110f58539ab326e215f745f'  [ RunTime:0.0615s ]
NOTIC: [8] Undefined index: checkbox F:\WWW\progect\drivingSchool\admin\Home\Controller\IndexController.class.php 第 42 行.
SQL: SHOW COLUMNS FROM `admin` [ RunTime:0.0316s ]
SQL: SHOW COLUMNS FROM `admin` [ RunTime:0.0337s ]
SQL: SELECT * FROM `admin` INNER JOIN admin_role ON admin.admin_id = admin_role.admin_id INNER JOIN role ON admin_role.role_id = role.role_id  WHERE ( admin_role.admin_id=7 )  [ RunTime:0.0272s ]
SQL: SHOW COLUMNS FROM `role` [ RunTime:0.0312s ]
SQL: SELECT * FROM `role` INNER JOIN role_privilege ON role.role_id = role_privilege.role_id INNER JOIN privilege ON role_privilege.privilege_id = privilege.privilege_id  WHERE ( role.role_id in(3,2) )  [ RunTime:0.0365s ]
SQL: SHOW COLUMNS FROM `privilege` [ RunTime:0.0331s ]
SQL: SELECT * FROM `privilege` WHERE ( parent_id =6 )  [ RunTime:0.0508s ]
SQL: SELECT * FROM `privilege` WHERE ( parent_id =1 )  [ RunTime:0.0388s ]
SQL: SELECT * FROM `privilege` WHERE ( parent_id=27 )  [ RunTime:0.0394s ]
SQL: SELECT * FROM `privilege` WHERE ( parent_id=28 )  [ RunTime:0.0348s ]
SQL: SELECT * FROM `privilege` WHERE ( parent_id=29 )  [ RunTime:0.0390s ]
SQL: SELECT * FROM `privilege` WHERE ( parent_id=30 )  [ RunTime:0.0465s ]
SQL: SELECT * FROM `privilege` WHERE ( parent_id=7 )  [ RunTime:0.0365s ]
SQL: SELECT * FROM `privilege` WHERE ( parent_id=8 )  [ RunTime:0.0393s ]
SQL: SELECT * FROM `privilege` WHERE ( parent_id=9 )  [ RunTime:0.0354s ]
SQL: SELECT * FROM `privilege` WHERE ( parent_id=10 )  [ RunTime:0.0374s ]
SQL: SHOW COLUMNS FROM `log` [ RunTime:0.0384s ]
SQL: SELECT * FROM `log` ORDER BY id desc LIMIT 1   [ RunTime:0.0296s ]
NOTIC: [8] Undefined variable: rolename F:\WWW\progect\drivingSchool\admin\Home\Controller\IndexController.class.php 第 140 行.
NOTIC: [8] Undefined variable: roleid F:\WWW\progect\drivingSchool\admin\Home\Controller\IndexController.class.php 第 141 行.
INFO: [ view_parse ] --START--
INFO: [ template_filter ] --START--
INFO: Run Behavior\ContentReplaceBehavior [ RunTime:0.000080s ]
INFO: [ template_filter ] --END-- [ RunTime:0.000190s ]
INFO: Run Behavior\ParseTemplateBehavior [ RunTime:0.042522s ]
INFO: [ view_parse ] --END-- [ RunTime:0.042626s ]
INFO: [ view_filter ] --START--
INFO: Run Behavior\WriteHtmlCacheBehavior [ RunTime:0.000807s ]
INFO: [ view_filter ] --END-- [ RunTime:0.000868s ]
INFO: [ app_end ] --START--
INFO: Run Behavior\ShowPageTraceBehavior [ RunTime:0.001139s ]
INFO: [ app_end ] --END-- [ RunTime:0.001204s ]

[ 2016-04-23T09:22:50+08:00 ] 127.0.0.1 /index.php/Home/Index/showtop
INFO: [ app_init ] --START--
INFO: Run Behavior\BuildLiteBehavior [ RunTime:0.000014s ]
INFO: [ app_init ] --END-- [ RunTime:0.000400s ]
INFO: [ app_begin ] --START--
INFO: Run Behavior\ReadHtmlCacheBehavior [ RunTime:0.000449s ]
INFO: [ app_begin ] --END-- [ RunTime:0.000489s ]
INFO: [ view_parse ] --START--
INFO: [ template_filter ] --START--
INFO: Run Behavior\ContentReplaceBehavior [ RunTime:0.000052s ]
INFO: [ template_filter ] --END-- [ RunTime:0.000112s ]
INFO: Run Behavior\ParseTemplateBehavior [ RunTime:0.007026s ]
INFO: [ view_parse ] --END-- [ RunTime:0.007102s ]
INFO: [ view_filter ] --START--
INFO: Run Behavior\WriteHtmlCacheBehavior [ RunTime:0.000292s ]
INFO: [ view_filter ] --END-- [ RunTime:0.000324s ]
INFO: [ app_end ] --START--
INFO: Run Behavior\ShowPageTraceBehavior [ RunTime:0.000561s ]
INFO: [ app_end ] --END-- [ RunTime:0.000597s ]

[ 2016-04-23T09:22:51+08:00 ] 127.0.0.1 /index.php/Home/Index/showleft
INFO: [ app_init ] --START--
INFO: Run Behavior\BuildLiteBehavior [ RunTime:0.000013s ]
INFO: [ app_init ] --END-- [ RunTime:0.000536s ]
INFO: [ app_begin ] --START--
INFO: Run Behavior\ReadHtmlCacheBehavior [ RunTime:0.000664s ]
INFO: [ app_begin ] --END-- [ RunTime:0.000723s ]
NOTIC: [8] Undefined index: roleid F:\WWW\progect\drivingSchool\admin\Home\Controller\IndexController.class.php 第 169 行.
INFO: [ view_parse ] --START--
INFO: [ template_filter ] --START--
INFO: Run Behavior\ContentReplaceBehavior [ RunTime:0.000058s ]
INFO: [ template_filter ] --END-- [ RunTime:0.000107s ]
NOTIC: [8] Undefined index: roleid F:\WWW\progect\drivingSchool\admin\Runtime\Cache\Home\16b1d9df6df002234f513f89bfb9c844.php 第 83 行.
INFO: Run Behavior\ParseTemplateBehavior [ RunTime:0.589616s ]
INFO: [ view_parse ] --END-- [ RunTime:0.589672s ]
INFO: [ view_filter ] --START--
INFO: Run Behavior\WriteHtmlCacheBehavior [ RunTime:0.000305s ]
INFO: [ view_filter ] --END-- [ RunTime:0.000336s ]
INFO: [ app_end ] --START--
INFO: Run Behavior\ShowPageTraceBehavior [ RunTime:0.000479s ]
INFO: [ app_end ] --END-- [ RunTime:0.000520s ]

[ 2016-04-23T09:22:51+08:00 ] 127.0.0.1 /index.php/Home/Index/right.html
INFO: [ app_init ] --START--
INFO: Run Behavior\BuildLiteBehavior [ RunTime:0.000011s ]
INFO: [ app_init ] --END-- [ RunTime:0.000467s ]
INFO: [ app_begin ] --START--
INFO: Run Behavior\ReadHtmlCacheBehavior [ RunTime:0.000544s ]
INFO: [ app_begin ] --END-- [ RunTime:0.000583s ]
INFO: [ view_parse ] --START--
INFO: [ template_filter ] --START--
INFO: Run Behavior\ContentReplaceBehavior [ RunTime:0.000025s ]
INFO: [ template_filter ] --END-- [ RunTime:0.000069s ]
INFO: Run Behavior\ParseTemplateBehavior [ RunTime:0.007812s ]
INFO: [ view_parse ] --END-- [ RunTime:0.007884s ]
INFO: [ view_filter ] --START--
INFO: Run Behavior\WriteHtmlCacheBehavior [ RunTime:0.000496s ]
INFO: [ view_filter ] --END-- [ RunTime:0.000558s ]
INFO: [ app_end ] --START--
INFO: Run Behavior\ShowPageTraceBehavior [ RunTime:0.000615s ]
INFO: [ app_end ] --END-- [ RunTime:0.000658s ]

