[ 2016-04-27T16:19:03+08:00 ] 127.0.0.1 /progect/drivingSchool/
INFO: [ app_init ] --START--
INFO: Run Behavior\BuildLiteBehavior [ RunTime:0.000000s ]
INFO: [ app_init ] --END-- [ RunTime:0.000000s ]
INFO: [ app_begin ] --START--
INFO: Run Behavior\ReadHtmlCacheBehavior [ RunTime:0.001000s ]
INFO: [ app_begin ] --END-- [ RunTime:0.001000s ]
INFO: [ view_parse ] --START--
INFO: [ template_filter ] --START--
INFO: Run Behavior\ContentReplaceBehavior [ RunTime:0.000000s ]
INFO: [ template_filter ] --END-- [ RunTime:0.000000s ]
INFO: Run Behavior\ParseTemplateBehavior [ RunTime:0.056003s ]
INFO: [ view_parse ] --END-- [ RunTime:0.056003s ]
INFO: [ view_filter ] --START--
INFO: Run Behavior\WriteHtmlCacheBehavior [ RunTime:0.001000s ]
INFO: [ view_filter ] --END-- [ RunTime:0.001000s ]
INFO: [ app_end ] --START--
INFO: Run Behavior\ShowPageTraceBehavior [ RunTime:0.001000s ]
INFO: [ app_end ] --END-- [ RunTime:0.001000s ]

[ 2016-04-27T16:19:12+08:00 ] 127.0.0.1 /progect/drivingSchool/index.php/Home/Index/index
INFO: [ app_init ] --START--
INFO: Run Behavior\BuildLiteBehavior [ RunTime:0.000000s ]
INFO: [ app_init ] --END-- [ RunTime:0.000000s ]
INFO: [ app_begin ] --START--
INFO: Run Behavior\ReadHtmlCacheBehavior [ RunTime:0.001000s ]
INFO: [ app_begin ] --END-- [ RunTime:0.001000s ]
SQL: SHOW COLUMNS FROM `admin` [ RunTime:0.2060s ]
SQL: SHOW COLUMNS FROM `admin` [ RunTime:0.1050s ]
SQL: SELECT * FROM `admin` WHERE `admin_name` = '张捷' AND `admin_pwd` = '3c4bbe2658f1df10ef6b4c38a8e614f59a96455807d39326bef7f0deb28374ff'  [ RunTime:0.3250s ]
NOTIC: [8] Undefined index: checkbox D:\WWW\progect\drivingSchool\admin\Home\Controller\IndexController.class.php 第 42 行.
SQL: SHOW COLUMNS FROM `admin` [ RunTime:0.0430s ]
SQL: SHOW COLUMNS FROM `admin` [ RunTime:0.0640s ]
SQL: SELECT * FROM `admin` INNER JOIN admin_role ON admin.admin_id = admin_role.admin_id INNER JOIN role ON admin_role.role_id = role.role_id  WHERE ( admin_role.admin_id=4 )  [ RunTime:0.0700s ]
SQL: SHOW COLUMNS FROM `role` [ RunTime:0.0480s ]
SQL: SELECT * FROM `role` INNER JOIN role_privilege ON role.role_id = role_privilege.role_id INNER JOIN privilege ON role_privilege.privilege_id = privilege.privilege_id  WHERE ( role.role_id in(5) )  [ RunTime:0.0410s ]
SQL: SHOW COLUMNS FROM `privilege` [ RunTime:0.0410s ]
SQL: SELECT * FROM `privilege` WHERE ( parent_id =4 )  [ RunTime:0.0400s ]
SQL: SELECT * FROM `privilege` WHERE ( parent_id=19 )  [ RunTime:0.0410s ]
SQL: SELECT * FROM `privilege` WHERE ( parent_id=20 )  [ RunTime:0.0440s ]
SQL: SELECT * FROM `privilege` WHERE ( parent_id=21 )  [ RunTime:0.0670s ]
SQL: SELECT * FROM `privilege` WHERE ( parent_id=22 )  [ RunTime:0.0890s ]
SQL: SHOW COLUMNS FROM `log` [ RunTime:0.1110s ]
SQL: SELECT * FROM `log` ORDER BY id desc LIMIT 1   [ RunTime:0.0980s ]
NOTIC: [8] Undefined variable: rolename D:\WWW\progect\drivingSchool\admin\Home\Controller\IndexController.class.php 第 140 行.
NOTIC: [8] Undefined variable: roleid D:\WWW\progect\drivingSchool\admin\Home\Controller\IndexController.class.php 第 141 行.
INFO: [ view_parse ] --START--
INFO: [ template_filter ] --START--
INFO: Run Behavior\ContentReplaceBehavior [ RunTime:0.000000s ]
INFO: [ template_filter ] --END-- [ RunTime:0.000000s ]
INFO: Run Behavior\ParseTemplateBehavior [ RunTime:0.023001s ]
INFO: [ view_parse ] --END-- [ RunTime:0.024002s ]
INFO: [ view_filter ] --START--
INFO: Run Behavior\WriteHtmlCacheBehavior [ RunTime:0.000000s ]
INFO: [ view_filter ] --END-- [ RunTime:0.000000s ]
INFO: [ app_end ] --START--
INFO: Run Behavior\ShowPageTraceBehavior [ RunTime:0.002000s ]
INFO: [ app_end ] --END-- [ RunTime:0.002000s ]

[ 2016-04-27T16:19:12+08:00 ] 127.0.0.1 /progect/drivingSchool/index.php/Home/Index/showtop
INFO: [ app_init ] --START--
INFO: Run Behavior\BuildLiteBehavior [ RunTime:0.000000s ]
INFO: [ app_init ] --END-- [ RunTime:0.001000s ]
INFO: [ app_begin ] --START--
INFO: Run Behavior\ReadHtmlCacheBehavior [ RunTime:0.001000s ]
INFO: [ app_begin ] --END-- [ RunTime:0.001000s ]
INFO: [ view_parse ] --START--
INFO: [ template_filter ] --START--
INFO: Run Behavior\ContentReplaceBehavior [ RunTime:0.000000s ]
INFO: [ template_filter ] --END-- [ RunTime:0.000000s ]
INFO: Run Behavior\ParseTemplateBehavior [ RunTime:0.103006s ]
INFO: [ view_parse ] --END-- [ RunTime:0.103006s ]
INFO: [ view_filter ] --START--
INFO: Run Behavior\WriteHtmlCacheBehavior [ RunTime:0.000000s ]
INFO: [ view_filter ] --END-- [ RunTime:0.000000s ]
INFO: [ app_end ] --START--
INFO: Run Behavior\ShowPageTraceBehavior [ RunTime:0.001000s ]
INFO: [ app_end ] --END-- [ RunTime:0.001000s ]

[ 2016-04-27T16:19:13+08:00 ] 127.0.0.1 /progect/drivingSchool/index.php/Home/Index/right.html
INFO: [ app_init ] --START--
INFO: Run Behavior\BuildLiteBehavior [ RunTime:0.000000s ]
INFO: [ app_init ] --END-- [ RunTime:0.001000s ]
INFO: [ app_begin ] --START--
INFO: Run Behavior\ReadHtmlCacheBehavior [ RunTime:0.001000s ]
INFO: [ app_begin ] --END-- [ RunTime:0.001000s ]
INFO: [ view_parse ] --START--
INFO: [ template_filter ] --START--
INFO: Run Behavior\ContentReplaceBehavior [ RunTime:0.000000s ]
INFO: [ template_filter ] --END-- [ RunTime:0.000000s ]
INFO: Run Behavior\ParseTemplateBehavior [ RunTime:0.029002s ]
INFO: [ view_parse ] --END-- [ RunTime:0.029002s ]
INFO: [ view_filter ] --START--
INFO: Run Behavior\WriteHtmlCacheBehavior [ RunTime:0.001000s ]
INFO: [ view_filter ] --END-- [ RunTime:0.001000s ]
INFO: [ app_end ] --START--
INFO: Run Behavior\ShowPageTraceBehavior [ RunTime:0.001000s ]
INFO: [ app_end ] --END-- [ RunTime:0.001000s ]

[ 2016-04-27T16:19:14+08:00 ] 127.0.0.1 /progect/drivingSchool/index.php/Home/Index/showleft
INFO: [ app_init ] --START--
INFO: Run Behavior\BuildLiteBehavior [ RunTime:0.000000s ]
INFO: [ app_init ] --END-- [ RunTime:0.000000s ]
INFO: [ app_begin ] --START--
INFO: Run Behavior\ReadHtmlCacheBehavior [ RunTime:0.001000s ]
INFO: [ app_begin ] --END-- [ RunTime:0.002000s ]
NOTIC: [8] Undefined index: roleid D:\WWW\progect\drivingSchool\admin\Home\Controller\IndexController.class.php 第 169 行.
INFO: [ view_parse ] --START--
INFO: [ template_filter ] --START--
INFO: Run Behavior\ContentReplaceBehavior [ RunTime:0.000000s ]
INFO: [ template_filter ] --END-- [ RunTime:0.001000s ]
NOTIC: [8] Undefined index: roleid D:\WWW\progect\drivingSchool\admin\Runtime\Cache\Home\16b1d9df6df002234f513f89bfb9c844.php 第 83 行.
INFO: Run Behavior\ParseTemplateBehavior [ RunTime:0.107006s ]
INFO: [ view_parse ] --END-- [ RunTime:0.108006s ]
INFO: [ view_filter ] --START--
INFO: Run Behavior\WriteHtmlCacheBehavior [ RunTime:0.000000s ]
INFO: [ view_filter ] --END-- [ RunTime:0.000000s ]
INFO: [ app_end ] --START--
INFO: Run Behavior\ShowPageTraceBehavior [ RunTime:0.001000s ]
INFO: [ app_end ] --END-- [ RunTime:0.001000s ]

[ 2016-04-27T16:19:20+08:00 ] 127.0.0.1 /progect/drivingSchool/index.php/Home/Staff/staff_add
INFO: [ app_init ] --START--
INFO: Run Behavior\BuildLiteBehavior [ RunTime:0.000000s ]
INFO: [ app_init ] --END-- [ RunTime:0.000000s ]
INFO: [ app_begin ] --START--
INFO: Run Behavior\ReadHtmlCacheBehavior [ RunTime:0.001000s ]
INFO: [ app_begin ] --END-- [ RunTime:0.001000s ]
NOTIC: [2048] Declaration of Home\Controller\StaffController::show() should be compatible with Think\Controller::show($content, $charset = '', $contentType = '', $prefix = '') D:\WWW\progect\drivingSchool\admin\Home\Controller\StaffController.class.php 第 225 行.
SQL: SHOW COLUMNS FROM `staff` [ RunTime:0.1520s ]
SQL: SHOW COLUMNS FROM `role` [ RunTime:0.0350s ]
SQL: SELECT * FROM `role`  [ RunTime:0.0450s ]
SQL: SHOW COLUMNS FROM `coach_driving` [ RunTime:0.0430s ]
SQL: SHOW COLUMNS FROM `coach_grade` [ RunTime:0.7920s ]
SQL: SHOW COLUMNS FROM `coach_quality` [ RunTime:0.0360s ]
SQL: SHOW COLUMNS FROM `coach_model` [ RunTime:0.0480s ]
SQL: SHOW COLUMNS FROM `coach_motor` [ RunTime:0.0390s ]
SQL: SELECT * FROM `coach_driving`  [ RunTime:0.0400s ]
SQL: SELECT * FROM `coach_grade`  [ RunTime:0.0440s ]
SQL: SELECT * FROM `coach_quality`  [ RunTime:0.0380s ]
SQL: SELECT * FROM `coach_model`  [ RunTime:0.0430s ]
SQL: SELECT * FROM `coach_motor`  [ RunTime:0.0390s ]
NOTIC: [2] Missing argument 1 for Home\Model\StaffModel::linkage(), called in D:\WWW\progect\drivingSchool\admin\Home\Controller\StaffController.class.php on line 13 and defined D:\WWW\progect\drivingSchool\admin\Home\Model\StaffModel.class.php 第 39 行.
SQL: SHOW COLUMNS FROM `region` [ RunTime:0.0410s ]
SQL: SELECT * FROM `region` WHERE ( parent_id = 1 )  [ RunTime:0.0500s ]
INFO: [ view_parse ] --START--
INFO: [ template_filter ] --START--
INFO: Run Behavior\ContentReplaceBehavior [ RunTime:0.000000s ]
INFO: [ template_filter ] --END-- [ RunTime:0.000000s ]
INFO: Run Behavior\ParseTemplateBehavior [ RunTime:0.046002s ]
INFO: [ view_parse ] --END-- [ RunTime:0.046002s ]
INFO: [ view_filter ] --START--
INFO: Run Behavior\WriteHtmlCacheBehavior [ RunTime:0.000000s ]
INFO: [ view_filter ] --END-- [ RunTime:0.000000s ]
INFO: [ app_end ] --START--
INFO: Run Behavior\ShowPageTraceBehavior [ RunTime:0.001000s ]
INFO: [ app_end ] --END-- [ RunTime:0.001000s ]

[ 2016-04-27T16:19:21+08:00 ] 127.0.0.1 /progect/drivingSchool/index.php/Home/Staff/show
INFO: [ app_init ] --START--
INFO: Run Behavior\BuildLiteBehavior [ RunTime:0.000000s ]
INFO: [ app_init ] --END-- [ RunTime:0.001000s ]
INFO: [ app_begin ] --START--
INFO: Run Behavior\ReadHtmlCacheBehavior [ RunTime:0.001000s ]
INFO: [ app_begin ] --END-- [ RunTime:0.001000s ]
NOTIC: [2048] Declaration of Home\Controller\StaffController::show() should be compatible with Think\Controller::show($content, $charset = '', $contentType = '', $prefix = '') D:\WWW\progect\drivingSchool\admin\Home\Controller\StaffController.class.php 第 225 行.
SQL: SHOW COLUMNS FROM `staff` [ RunTime:0.3460s ]
SQL: SELECT * FROM `staff` INNER JOIN coach ON staff.staff_id = coach.coach_staff_id  WHERE ( staff.role_id = 1 )  [ RunTime:0.0790s ]
SQL: SELECT * FROM `staff` INNER JOIN role ON staff.role_id = role.role_id  WHERE ( staff.role_id in (4,5,6) )  [ RunTime:0.0470s ]
NOTIC: [8] Undefined index: staff_year D:\WWW\progect\drivingSchool\admin\Home\Model\StaffModel.class.php 第 238 行.
NOTIC: [8] Undefined index: staff_start_year D:\WWW\progect\drivingSchool\admin\Home\Model\StaffModel.class.php 第 239 行.
NOTIC: [8] Undefined index: staff_end_year D:\WWW\progect\drivingSchool\admin\Home\Model\StaffModel.class.php 第 240 行.
NOTIC: [8] Undefined index: coach_start_year D:\WWW\progect\drivingSchool\admin\Home\Model\StaffModel.class.php 第 241 行.
NOTIC: [8] Undefined index: coach_validity D:\WWW\progect\drivingSchool\admin\Home\Model\StaffModel.class.php 第 242 行.
NOTIC: [8] Undefined index: driving_start_year D:\WWW\progect\drivingSchool\admin\Home\Model\StaffModel.class.php 第 243 行.
NOTIC: [8] Undefined index: driving_validity D:\WWW\progect\drivingSchool\admin\Home\Model\StaffModel.class.php 第 244 行.
NOTIC: [8] Undefined index: staff_year D:\WWW\progect\drivingSchool\admin\Home\Model\StaffModel.class.php 第 238 行.
NOTIC: [8] Undefined index: staff_start_year D:\WWW\progect\drivingSchool\admin\Home\Model\StaffModel.class.php 第 239 行.
NOTIC: [8] Undefined index: staff_end_year D:\WWW\progect\drivingSchool\admin\Home\Model\StaffModel.class.php 第 240 行.
NOTIC: [8] Undefined index: coach_start_year D:\WWW\progect\drivingSchool\admin\Home\Model\StaffModel.class.php 第 241 行.
NOTIC: [8] Undefined index: coach_validity D:\WWW\progect\drivingSchool\admin\Home\Model\StaffModel.class.php 第 242 行.
NOTIC: [8] Undefined index: driving_start_year D:\WWW\progect\drivingSchool\admin\Home\Model\StaffModel.class.php 第 243 行.
NOTIC: [8] Undefined index: driving_validity D:\WWW\progect\drivingSchool\admin\Home\Model\StaffModel.class.php 第 244 行.
NOTIC: [8] Undefined index: staff_year D:\WWW\progect\drivingSchool\admin\Home\Model\StaffModel.class.php 第 238 行.
NOTIC: [8] Undefined index: staff_start_year D:\WWW\progect\drivingSchool\admin\Home\Model\StaffModel.class.php 第 239 行.
NOTIC: [8] Undefined index: staff_end_year D:\WWW\progect\drivingSchool\admin\Home\Model\StaffModel.class.php 第 240 行.
NOTIC: [8] Undefined index: coach_start_year D:\WWW\progect\drivingSchool\admin\Home\Model\StaffModel.class.php 第 241 行.
NOTIC: [8] Undefined index: coach_validity D:\WWW\progect\drivingSchool\admin\Home\Model\StaffModel.class.php 第 242 行.
NOTIC: [8] Undefined index: driving_start_year D:\WWW\progect\drivingSchool\admin\Home\Model\StaffModel.class.php 第 243 行.
NOTIC: [8] Undefined index: driving_validity D:\WWW\progect\drivingSchool\admin\Home\Model\StaffModel.class.php 第 244 行.
NOTIC: [8] Undefined index: staff_year D:\WWW\progect\drivingSchool\admin\Home\Model\StaffModel.class.php 第 238 行.
NOTIC: [8] Undefined index: staff_start_year D:\WWW\progect\drivingSchool\admin\Home\Model\StaffModel.class.php 第 239 行.
NOTIC: [8] Undefined index: staff_end_year D:\WWW\progect\drivingSchool\admin\Home\Model\StaffModel.class.php 第 240 行.
NOTIC: [8] Undefined index: coach_start_year D:\WWW\progect\drivingSchool\admin\Home\Model\StaffModel.class.php 第 241 行.
NOTIC: [8] Undefined index: coach_validity D:\WWW\progect\drivingSchool\admin\Home\Model\StaffModel.class.php 第 242 行.
NOTIC: [8] Undefined index: driving_start_year D:\WWW\progect\drivingSchool\admin\Home\Model\StaffModel.class.php 第 243 行.
NOTIC: [8] Undefined index: driving_validity D:\WWW\progect\drivingSchool\admin\Home\Model\StaffModel.class.php 第 244 行.
NOTIC: [8] Undefined index: staff_year D:\WWW\progect\drivingSchool\admin\Home\Model\StaffModel.class.php 第 238 行.
NOTIC: [8] Undefined index: staff_start_year D:\WWW\progect\drivingSchool\admin\Home\Model\StaffModel.class.php 第 239 行.
NOTIC: [8] Undefined index: staff_end_year D:\WWW\progect\drivingSchool\admin\Home\Model\StaffModel.class.php 第 240 行.
NOTIC: [8] Undefined index: coach_start_year D:\WWW\progect\drivingSchool\admin\Home\Model\StaffModel.class.php 第 241 行.
NOTIC: [8] Undefined index: coach_validity D:\WWW\progect\drivingSchool\admin\Home\Model\StaffModel.class.php 第 242 行.
NOTIC: [8] Undefined index: driving_start_year D:\WWW\progect\drivingSchool\admin\Home\Model\StaffModel.class.php 第 243 行.
NOTIC: [8] Undefined index: driving_validity D:\WWW\progect\drivingSchool\admin\Home\Model\StaffModel.class.php 第 244 行.
NOTIC: [8] Undefined index: staff_year D:\WWW\progect\drivingSchool\admin\Home\Model\StaffModel.class.php 第 238 行.
NOTIC: [8] Undefined index: staff_start_year D:\WWW\progect\drivingSchool\admin\Home\Model\StaffModel.class.php 第 239 行.
NOTIC: [8] Undefined index: staff_end_year D:\WWW\progect\drivingSchool\admin\Home\Model\StaffModel.class.php 第 240 行.
NOTIC: [8] Undefined index: coach_start_year D:\WWW\progect\drivingSchool\admin\Home\Model\StaffModel.class.php 第 241 行.
NOTIC: [8] Undefined index: coach_validity D:\WWW\progect\drivingSchool\admin\Home\Model\StaffModel.class.php 第 242 行.
NOTIC: [8] Undefined index: driving_start_year D:\WWW\progect\drivingSchool\admin\Home\Model\StaffModel.class.php 第 243 行.
NOTIC: [8] Undefined index: driving_validity D:\WWW\progect\drivingSchool\admin\Home\Model\StaffModel.class.php 第 244 行.
NOTIC: [8] Undefined index: staff_year D:\WWW\progect\drivingSchool\admin\Home\Model\StaffModel.class.php 第 262 行.
NOTIC: [8] Undefined index: staff_start_year D:\WWW\progect\drivingSchool\admin\Home\Model\StaffModel.class.php 第 263 行.
NOTIC: [8] Undefined index: staff_end_year D:\WWW\progect\drivingSchool\admin\Home\Model\StaffModel.class.php 第 264 行.
NOTIC: [8] Undefined variable: coachyear D:\WWW\progect\drivingSchool\admin\Home\Model\StaffModel.class.php 第 268 行.
INFO: [ view_parse ] --START--
INFO: [ template_filter ] --START--
INFO: Run Behavior\ContentReplaceBehavior [ RunTime:0.000000s ]
INFO: [ template_filter ] --END-- [ RunTime:0.001000s ]
INFO: Run Behavior\ParseTemplateBehavior [ RunTime:0.059004s ]
INFO: [ view_parse ] --END-- [ RunTime:0.059004s ]
INFO: [ view_filter ] --START--
INFO: Run Behavior\WriteHtmlCacheBehavior [ RunTime:0.001000s ]
INFO: [ view_filter ] --END-- [ RunTime:0.001000s ]
INFO: [ app_end ] --START--
INFO: Run Behavior\ShowPageTraceBehavior [ RunTime:0.001000s ]
INFO: [ app_end ] --END-- [ RunTime:0.001000s ]

[ 2016-04-27T16:22:46+08:00 ] 127.0.0.1 /progect/drivingSchool/index.php/Home/Staff/staff_add
INFO: [ app_init ] --START--
INFO: Run Behavior\BuildLiteBehavior [ RunTime:0.000000s ]
INFO: [ app_init ] --END-- [ RunTime:0.000000s ]
INFO: [ app_begin ] --START--
INFO: Run Behavior\ReadHtmlCacheBehavior [ RunTime:0.001000s ]
INFO: [ app_begin ] --END-- [ RunTime:0.001000s ]
NOTIC: [2048] Declaration of Home\Controller\StaffController::show() should be compatible with Think\Controller::show($content, $charset = '', $contentType = '', $prefix = '') D:\WWW\progect\drivingSchool\admin\Home\Controller\StaffController.class.php 第 225 行.
SQL: SHOW COLUMNS FROM `staff` [ RunTime:0.0790s ]
SQL: SHOW COLUMNS FROM `role` [ RunTime:0.0480s ]
SQL: SELECT * FROM `role`  [ RunTime:0.3220s ]
SQL: SHOW COLUMNS FROM `coach_driving` [ RunTime:0.0590s ]
SQL: SHOW COLUMNS FROM `coach_grade` [ RunTime:0.0520s ]
SQL: SHOW COLUMNS FROM `coach_quality` [ RunTime:0.0550s ]
SQL: SHOW COLUMNS FROM `coach_model` [ RunTime:0.0490s ]
SQL: SHOW COLUMNS FROM `coach_motor` [ RunTime:0.0490s ]
SQL: SELECT * FROM `coach_driving`  [ RunTime:0.0550s ]
SQL: SELECT * FROM `coach_grade`  [ RunTime:0.0530s ]
SQL: SELECT * FROM `coach_quality`  [ RunTime:0.0830s ]
SQL: SELECT * FROM `coach_model`  [ RunTime:0.1030s ]
SQL: SELECT * FROM `coach_motor`  [ RunTime:0.1020s ]
NOTIC: [2] Missing argument 1 for Home\Model\StaffModel::linkage(), called in D:\WWW\progect\drivingSchool\admin\Home\Controller\StaffController.class.php on line 13 and defined D:\WWW\progect\drivingSchool\admin\Home\Model\StaffModel.class.php 第 39 行.
SQL: SHOW COLUMNS FROM `region` [ RunTime:0.1120s ]
SQL: SELECT * FROM `region` WHERE ( parent_id = 1 )  [ RunTime:0.1090s ]
INFO: [ view_parse ] --START--
INFO: [ template_filter ] --START--
INFO: Run Behavior\ContentReplaceBehavior [ RunTime:0.001000s ]
INFO: [ template_filter ] --END-- [ RunTime:0.001000s ]
INFO: Run Behavior\ParseTemplateBehavior [ RunTime:0.048002s ]
INFO: [ view_parse ] --END-- [ RunTime:0.048002s ]
INFO: [ view_filter ] --START--
INFO: Run Behavior\WriteHtmlCacheBehavior [ RunTime:0.001000s ]
INFO: [ view_filter ] --END-- [ RunTime:0.002001s ]
INFO: [ app_end ] --START--
INFO: Run Behavior\ShowPageTraceBehavior [ RunTime:0.001000s ]
INFO: [ app_end ] --END-- [ RunTime:0.001000s ]

[ 2016-04-27T16:22:47+08:00 ] 127.0.0.1 /progect/drivingSchool/index.php/Home/Staff/show
INFO: [ app_init ] --START--
INFO: Run Behavior\BuildLiteBehavior [ RunTime:0.000000s ]
INFO: [ app_init ] --END-- [ RunTime:0.001000s ]
INFO: [ app_begin ] --START--
INFO: Run Behavior\ReadHtmlCacheBehavior [ RunTime:0.000000s ]
INFO: [ app_begin ] --END-- [ RunTime:0.000000s ]
NOTIC: [2048] Declaration of Home\Controller\StaffController::show() should be compatible with Think\Controller::show($content, $charset = '', $contentType = '', $prefix = '') D:\WWW\progect\drivingSchool\admin\Home\Controller\StaffController.class.php 第 225 行.
SQL: SHOW COLUMNS FROM `staff` [ RunTime:0.1050s ]
SQL: SELECT * FROM `staff` INNER JOIN coach ON staff.staff_id = coach.coach_staff_id  WHERE ( staff.role_id = 1 )  [ RunTime:0.0760s ]
SQL: SELECT * FROM `staff` INNER JOIN role ON staff.role_id = role.role_id  WHERE ( staff.role_id in (4,5,6) )  [ RunTime:0.0740s ]
NOTIC: [8] Undefined index: staff_year D:\WWW\progect\drivingSchool\admin\Home\Model\StaffModel.class.php 第 238 行.
NOTIC: [8] Undefined index: staff_start_year D:\WWW\progect\drivingSchool\admin\Home\Model\StaffModel.class.php 第 239 行.
NOTIC: [8] Undefined index: staff_end_year D:\WWW\progect\drivingSchool\admin\Home\Model\StaffModel.class.php 第 240 行.
NOTIC: [8] Undefined index: coach_start_year D:\WWW\progect\drivingSchool\admin\Home\Model\StaffModel.class.php 第 241 行.
NOTIC: [8] Undefined index: coach_validity D:\WWW\progect\drivingSchool\admin\Home\Model\StaffModel.class.php 第 242 行.
NOTIC: [8] Undefined index: driving_start_year D:\WWW\progect\drivingSchool\admin\Home\Model\StaffModel.class.php 第 243 行.
NOTIC: [8] Undefined index: driving_validity D:\WWW\progect\drivingSchool\admin\Home\Model\StaffModel.class.php 第 244 行.
NOTIC: [8] Undefined index: staff_year D:\WWW\progect\drivingSchool\admin\Home\Model\StaffModel.class.php 第 238 行.
NOTIC: [8] Undefined index: staff_start_year D:\WWW\progect\drivingSchool\admin\Home\Model\StaffModel.class.php 第 239 行.
NOTIC: [8] Undefined index: staff_end_year D:\WWW\progect\drivingSchool\admin\Home\Model\StaffModel.class.php 第 240 行.
NOTIC: [8] Undefined index: coach_start_year D:\WWW\progect\drivingSchool\admin\Home\Model\StaffModel.class.php 第 241 行.
NOTIC: [8] Undefined index: coach_validity D:\WWW\progect\drivingSchool\admin\Home\Model\StaffModel.class.php 第 242 行.
NOTIC: [8] Undefined index: driving_start_year D:\WWW\progect\drivingSchool\admin\Home\Model\StaffModel.class.php 第 243 行.
NOTIC: [8] Undefined index: driving_validity D:\WWW\progect\drivingSchool\admin\Home\Model\StaffModel.class.php 第 244 行.
NOTIC: [8] Undefined index: staff_year D:\WWW\progect\drivingSchool\admin\Home\Model\StaffModel.class.php 第 238 行.
NOTIC: [8] Undefined index: staff_start_year D:\WWW\progect\drivingSchool\admin\Home\Model\StaffModel.class.php 第 239 行.
NOTIC: [8] Undefined index: staff_end_year D:\WWW\progect\drivingSchool\admin\Home\Model\StaffModel.class.php 第 240 行.
NOTIC: [8] Undefined index: coach_start_year D:\WWW\progect\drivingSchool\admin\Home\Model\StaffModel.class.php 第 241 行.
NOTIC: [8] Undefined index: coach_validity D:\WWW\progect\drivingSchool\admin\Home\Model\StaffModel.class.php 第 242 行.
NOTIC: [8] Undefined index: driving_start_year D:\WWW\progect\drivingSchool\admin\Home\Model\StaffModel.class.php 第 243 行.
NOTIC: [8] Undefined index: driving_validity D:\WWW\progect\drivingSchool\admin\Home\Model\StaffModel.class.php 第 244 行.
NOTIC: [8] Undefined index: staff_year D:\WWW\progect\drivingSchool\admin\Home\Model\StaffModel.class.php 第 238 行.
NOTIC: [8] Undefined index: staff_start_year D:\WWW\progect\drivingSchool\admin\Home\Model\StaffModel.class.php 第 239 行.
NOTIC: [8] Undefined index: staff_end_year D:\WWW\progect\drivingSchool\admin\Home\Model\StaffModel.class.php 第 240 行.
NOTIC: [8] Undefined index: coach_start_year D:\WWW\progect\drivingSchool\admin\Home\Model\StaffModel.class.php 第 241 行.
NOTIC: [8] Undefined index: coach_validity D:\WWW\progect\drivingSchool\admin\Home\Model\StaffModel.class.php 第 242 行.
NOTIC: [8] Undefined index: driving_start_year D:\WWW\progect\drivingSchool\admin\Home\Model\StaffModel.class.php 第 243 行.
NOTIC: [8] Undefined index: driving_validity D:\WWW\progect\drivingSchool\admin\Home\Model\StaffModel.class.php 第 244 行.
NOTIC: [8] Undefined index: staff_year D:\WWW\progect\drivingSchool\admin\Home\Model\StaffModel.class.php 第 238 行.
NOTIC: [8] Undefined index: staff_start_year D:\WWW\progect\drivingSchool\admin\Home\Model\StaffModel.class.php 第 239 行.
NOTIC: [8] Undefined index: staff_end_year D:\WWW\progect\drivingSchool\admin\Home\Model\StaffModel.class.php 第 240 行.
NOTIC: [8] Undefined index: coach_start_year D:\WWW\progect\drivingSchool\admin\Home\Model\StaffModel.class.php 第 241 行.
NOTIC: [8] Undefined index: coach_validity D:\WWW\progect\drivingSchool\admin\Home\Model\StaffModel.class.php 第 242 行.
NOTIC: [8] Undefined index: driving_start_year D:\WWW\progect\drivingSchool\admin\Home\Model\StaffModel.class.php 第 243 行.
NOTIC: [8] Undefined index: driving_validity D:\WWW\progect\drivingSchool\admin\Home\Model\StaffModel.class.php 第 244 行.
NOTIC: [8] Undefined index: staff_year D:\WWW\progect\drivingSchool\admin\Home\Model\StaffModel.class.php 第 238 行.
NOTIC: [8] Undefined index: staff_start_year D:\WWW\progect\drivingSchool\admin\Home\Model\StaffModel.class.php 第 239 行.
NOTIC: [8] Undefined index: staff_end_year D:\WWW\progect\drivingSchool\admin\Home\Model\StaffModel.class.php 第 240 行.
NOTIC: [8] Undefined index: coach_start_year D:\WWW\progect\drivingSchool\admin\Home\Model\StaffModel.class.php 第 241 行.
NOTIC: [8] Undefined index: coach_validity D:\WWW\progect\drivingSchool\admin\Home\Model\StaffModel.class.php 第 242 行.
NOTIC: [8] Undefined index: driving_start_year D:\WWW\progect\drivingSchool\admin\Home\Model\StaffModel.class.php 第 243 行.
NOTIC: [8] Undefined index: driving_validity D:\WWW\progect\drivingSchool\admin\Home\Model\StaffModel.class.php 第 244 行.
NOTIC: [8] Undefined index: staff_year D:\WWW\progect\drivingSchool\admin\Home\Model\StaffModel.class.php 第 262 行.
NOTIC: [8] Undefined index: staff_start_year D:\WWW\progect\drivingSchool\admin\Home\Model\StaffModel.class.php 第 263 行.
NOTIC: [8] Undefined index: staff_end_year D:\WWW\progect\drivingSchool\admin\Home\Model\StaffModel.class.php 第 264 行.
NOTIC: [8] Undefined variable: coachyear D:\WWW\progect\drivingSchool\admin\Home\Model\StaffModel.class.php 第 268 行.
INFO: [ view_parse ] --START--
INFO: [ template_filter ] --START--
INFO: Run Behavior\ContentReplaceBehavior [ RunTime:0.000000s ]
INFO: [ template_filter ] --END-- [ RunTime:0.000000s ]
INFO: Run Behavior\ParseTemplateBehavior [ RunTime:0.015001s ]
INFO: [ view_parse ] --END-- [ RunTime:0.015001s ]
INFO: [ view_filter ] --START--
INFO: Run Behavior\WriteHtmlCacheBehavior [ RunTime:0.001000s ]
INFO: [ view_filter ] --END-- [ RunTime:0.001000s ]
INFO: [ app_end ] --START--
INFO: Run Behavior\ShowPageTraceBehavior [ RunTime:0.001000s ]
INFO: [ app_end ] --END-- [ RunTime:0.001000s ]

[ 2016-04-27T16:23:01+08:00 ] 127.0.0.1 /progect/drivingSchool/index.php/Home/Staff/salary
INFO: [ app_init ] --START--
INFO: Run Behavior\BuildLiteBehavior [ RunTime:0.000000s ]
INFO: [ app_init ] --END-- [ RunTime:0.001000s ]
INFO: [ app_begin ] --START--
INFO: Run Behavior\ReadHtmlCacheBehavior [ RunTime:0.001001s ]
INFO: [ app_begin ] --END-- [ RunTime:0.001001s ]
NOTIC: [2048] Declaration of Home\Controller\StaffController::show() should be compatible with Think\Controller::show($content, $charset = '', $contentType = '', $prefix = '') D:\WWW\progect\drivingSchool\admin\Home\Controller\StaffController.class.php 第 225 行.
SQL: SHOW COLUMNS FROM `staff` [ RunTime:0.1670s ]
SQL: SHOW COLUMNS FROM `month` [ RunTime:0.1080s ]
SQL: SELECT * FROM `month`  [ RunTime:0.0800s ]
SQL: SHOW COLUMNS FROM `dakanum` [ RunTime:0.1080s ]
SQL: SELECT * FROM `month`  [ RunTime:0.0650s ]
SQL: SELECT * FROM `staff` WHERE ( staff.role_id in (1,4,5,6) )  [ RunTime:0.4070s ]
SQL: SELECT * FROM `dakanum` WHERE ( staff_id = '4' and month = '1' )  [ RunTime:0.6720s ]
SQL: SELECT * FROM `dakanum` WHERE ( staff_id = '4' and month = '2' )  [ RunTime:0.1110s ]
SQL: SELECT * FROM `dakanum` WHERE ( staff_id = '4' and month = '3' )  [ RunTime:0.0930s ]
SQL: SELECT * FROM `dakanum` WHERE ( staff_id = '4' and month = '4' )  [ RunTime:0.1600s ]
SQL: SELECT * FROM `dakanum` WHERE ( staff_id = '4' and month = '5' )  [ RunTime:0.1190s ]
SQL: SELECT * FROM `dakanum` WHERE ( staff_id = '4' and month = '6' )  [ RunTime:0.1000s ]
SQL: SELECT * FROM `dakanum` WHERE ( staff_id = '4' and month = '7' )  [ RunTime:0.1090s ]
SQL: SELECT * FROM `dakanum` WHERE ( staff_id = '4' and month = '8' )  [ RunTime:0.0680s ]
SQL: SELECT * FROM `dakanum` WHERE ( staff_id = '4' and month = '9' )  [ RunTime:0.0930s ]
SQL: SELECT * FROM `dakanum` WHERE ( staff_id = '4' and month = '10' )  [ RunTime:0.0680s ]
SQL: SELECT * FROM `dakanum` WHERE ( staff_id = '4' and month = '11' )  [ RunTime:0.1110s ]
SQL: SELECT * FROM `dakanum` WHERE ( staff_id = '4' and month = '12' )  [ RunTime:1.0041s ]
SQL: SELECT * FROM `dakanum` WHERE ( staff_id = '5' and month = '1' )  [ RunTime:0.0540s ]
SQL: SELECT * FROM `dakanum` WHERE ( staff_id = '5' and month = '2' )  [ RunTime:0.0600s ]
SQL: SELECT * FROM `dakanum` WHERE ( staff_id = '5' and month = '3' )  [ RunTime:0.1960s ]
SQL: SELECT * FROM `dakanum` WHERE ( staff_id = '5' and month = '4' )  [ RunTime:0.9661s ]
SQL: SELECT * FROM `dakanum` WHERE ( staff_id = '5' and month = '5' )  [ RunTime:0.1910s ]
SQL: SELECT * FROM `dakanum` WHERE ( staff_id = '5' and month = '6' )  [ RunTime:0.1370s ]
SQL: SELECT * FROM `dakanum` WHERE ( staff_id = '5' and month = '7' )  [ RunTime:0.0970s ]
SQL: SELECT * FROM `dakanum` WHERE ( staff_id = '5' and month = '8' )  [ RunTime:0.1480s ]
SQL: SELECT * FROM `dakanum` WHERE ( staff_id = '5' and month = '9' )  [ RunTime:0.0930s ]
SQL: SELECT * FROM `dakanum` WHERE ( staff_id = '5' and month = '10' )  [ RunTime:0.0790s ]
SQL: SELECT * FROM `dakanum` WHERE ( staff_id = '5' and month = '11' )  [ RunTime:0.1000s ]
SQL: SELECT * FROM `dakanum` WHERE ( staff_id = '5' and month = '12' )  [ RunTime:0.3660s ]
SQL: SELECT * FROM `dakanum` WHERE ( staff_id = '6' and month = '1' )  [ RunTime:0.0870s ]
SQL: SELECT * FROM `dakanum` WHERE ( staff_id = '6' and month = '2' )  [ RunTime:0.0920s ]
SQL: SELECT * FROM `dakanum` WHERE ( staff_id = '6' and month = '3' )  [ RunTime:0.0690s ]
SQL: SELECT * FROM `dakanum` WHERE ( staff_id = '6' and month = '4' )  [ RunTime:0.0700s ]
SQL: SELECT * FROM `dakanum` WHERE ( staff_id = '6' and month = '5' )  [ RunTime:0.0650s ]
SQL: SELECT * FROM `dakanum` WHERE ( staff_id = '6' and month = '6' )  [ RunTime:0.0860s ]
SQL: SELECT * FROM `dakanum` WHERE ( staff_id = '6' and month = '7' )  [ RunTime:0.3950s ]
SQL: SELECT * FROM `dakanum` WHERE ( staff_id = '6' and month = '8' )  [ RunTime:0.0640s ]
SQL: SELECT * FROM `dakanum` WHERE ( staff_id = '6' and month = '9' )  [ RunTime:0.0680s ]
SQL: SELECT * FROM `dakanum` WHERE ( staff_id = '6' and month = '10' )  [ RunTime:0.0500s ]
SQL: SELECT * FROM `dakanum` WHERE ( staff_id = '6' and month = '11' )  [ RunTime:0.0490s ]
SQL: SELECT * FROM `dakanum` WHERE ( staff_id = '6' and month = '12' )  [ RunTime:0.0660s ]
SQL: SELECT * FROM `dakanum` WHERE ( staff_id = '7' and month = '1' )  [ RunTime:0.0580s ]
SQL: SELECT * FROM `dakanum` WHERE ( staff_id = '7' and month = '2' )  [ RunTime:0.0620s ]
SQL: SELECT * FROM `dakanum` WHERE ( staff_id = '7' and month = '3' )  [ RunTime:0.0580s ]
SQL: SELECT * FROM `dakanum` WHERE ( staff_id = '7' and month = '4' )  [ RunTime:0.0580s ]
SQL: SELECT * FROM `dakanum` WHERE ( staff_id = '7' and month = '5' )  [ RunTime:0.3480s ]
SQL: SELECT * FROM `dakanum` WHERE ( staff_id = '7' and month = '6' )  [ RunTime:0.1740s ]
SQL: SELECT * FROM `dakanum` WHERE ( staff_id = '7' and month = '7' )  [ RunTime:0.0990s ]
SQL: SELECT * FROM `dakanum` WHERE ( staff_id = '7' and month = '8' )  [ RunTime:0.1260s ]
SQL: SELECT * FROM `dakanum` WHERE ( staff_id = '7' and month = '9' )  [ RunTime:0.0870s ]
SQL: SELECT * FROM `dakanum` WHERE ( staff_id = '7' and month = '10' )  [ RunTime:0.0880s ]
SQL: SELECT * FROM `dakanum` WHERE ( staff_id = '7' and month = '11' )  [ RunTime:0.0630s ]
SQL: SELECT * FROM `dakanum` WHERE ( staff_id = '7' and month = '12' )  [ RunTime:0.1130s ]
SQL: SELECT * FROM `dakanum` WHERE ( staff_id = '33' and month = '1' )  [ RunTime:0.1170s ]
SQL: SELECT * FROM `dakanum` WHERE ( staff_id = '33' and month = '2' )  [ RunTime:0.0840s ]
SQL: SELECT * FROM `dakanum` WHERE ( staff_id = '33' and month = '3' )  [ RunTime:0.0730s ]
SQL: SELECT * FROM `dakanum` WHERE ( staff_id = '33' and month = '4' )  [ RunTime:0.0660s ]
SQL: SELECT * FROM `dakanum` WHERE ( staff_id = '33' and month = '5' )  [ RunTime:0.0610s ]
SQL: SELECT * FROM `dakanum` WHERE ( staff_id = '33' and month = '6' )  [ RunTime:0.0690s ]
SQL: SELECT * FROM `dakanum` WHERE ( staff_id = '33' and month = '7' )  [ RunTime:0.0720s ]
SQL: SELECT * FROM `dakanum` WHERE ( staff_id = '33' and month = '8' )  [ RunTime:0.0590s ]
SQL: SELECT * FROM `dakanum` WHERE ( staff_id = '33' and month = '9' )  [ RunTime:0.0620s ]
SQL: SELECT * FROM `dakanum` WHERE ( staff_id = '33' and month = '10' )  [ RunTime:0.0680s ]
SQL: SELECT * FROM `dakanum` WHERE ( staff_id = '33' and month = '11' )  [ RunTime:0.0860s ]
SQL: SELECT * FROM `dakanum` WHERE ( staff_id = '33' and month = '12' )  [ RunTime:0.0600s ]
SQL: SELECT * FROM `dakanum` WHERE ( staff_id = '34' and month = '1' )  [ RunTime:0.0750s ]
SQL: SELECT * FROM `dakanum` WHERE ( staff_id = '34' and month = '2' )  [ RunTime:0.0600s ]
SQL: SELECT * FROM `dakanum` WHERE ( staff_id = '34' and month = '3' )  [ RunTime:0.0670s ]
SQL: SELECT * FROM `dakanum` WHERE ( staff_id = '34' and month = '4' )  [ RunTime:0.0820s ]
SQL: SELECT * FROM `dakanum` WHERE ( staff_id = '34' and month = '5' )  [ RunTime:0.0970s ]
SQL: SELECT * FROM `dakanum` WHERE ( staff_id = '34' and month = '6' )  [ RunTime:0.0860s ]
SQL: SELECT * FROM `dakanum` WHERE ( staff_id = '34' and month = '7' )  [ RunTime:0.1060s ]
SQL: SELECT * FROM `dakanum` WHERE ( staff_id = '34' and month = '8' )  [ RunTime:0.1080s ]
SQL: SELECT * FROM `dakanum` WHERE ( staff_id = '34' and month = '9' )  [ RunTime:0.0730s ]
SQL: SELECT * FROM `dakanum` WHERE ( staff_id = '34' and month = '10' )  [ RunTime:0.0570s ]
SQL: SELECT * FROM `dakanum` WHERE ( staff_id = '34' and month = '11' )  [ RunTime:0.3430s ]
SQL: SELECT * FROM `dakanum` WHERE ( staff_id = '34' and month = '12' )  [ RunTime:0.0910s ]
SQL: SELECT * FROM `dakanum` WHERE ( staff_id = '35' and month = '1' )  [ RunTime:0.1200s ]
SQL: SELECT * FROM `dakanum` WHERE ( staff_id = '35' and month = '2' )  [ RunTime:0.0950s ]
SQL: SELECT * FROM `dakanum` WHERE ( staff_id = '35' and month = '3' )  [ RunTime:0.0960s ]
SQL: SELECT * FROM `dakanum` WHERE ( staff_id = '35' and month = '4' )  [ RunTime:0.0880s ]
SQL: SELECT * FROM `dakanum` WHERE ( staff_id = '35' and month = '5' )  [ RunTime:0.1020s ]
SQL: SELECT * FROM `dakanum` WHERE ( staff_id = '35' and month = '6' )  [ RunTime:0.1200s ]
SQL: SELECT * FROM `dakanum` WHERE ( staff_id = '35' and month = '7' )  [ RunTime:0.1250s ]
SQL: SELECT * FROM `dakanum` WHERE ( staff_id = '35' and month = '8' )  [ RunTime:0.0990s ]
SQL: SELECT * FROM `dakanum` WHERE ( staff_id = '35' and month = '9' )  [ RunTime:0.1190s ]
SQL: SELECT * FROM `dakanum` WHERE ( staff_id = '35' and month = '10' )  [ RunTime:0.1060s ]
SQL: SELECT * FROM `dakanum` WHERE ( staff_id = '35' and month = '11' )  [ RunTime:0.1210s ]
SQL: SELECT * FROM `dakanum` WHERE ( staff_id = '35' and month = '12' )  [ RunTime:0.1300s ]
INFO: [ view_parse ] --START--
INFO: [ template_filter ] --START--
INFO: Run Behavior\ContentReplaceBehavior [ RunTime:0.000000s ]
INFO: [ template_filter ] --END-- [ RunTime:0.000000s ]
NOTIC: [8] Undefined variable: search D:\WWW\progect\drivingSchool\admin\Runtime\Cache\Home\10ef1fdb913a8400bda9c2fab8ebc1d9.php 第 19 行.
NOTIC: [8] Undefined variable: search D:\WWW\progect\drivingSchool\admin\Runtime\Cache\Home\10ef1fdb913a8400bda9c2fab8ebc1d9.php 第 23 行.
NOTIC: [8] Undefined offset: 0 D:\WWW\progect\drivingSchool\admin\Runtime\Cache\Home\10ef1fdb913a8400bda9c2fab8ebc1d9.php 第 40 行.
NOTIC: [8] Undefined offset: 0 D:\WWW\progect\drivingSchool\admin\Runtime\Cache\Home\10ef1fdb913a8400bda9c2fab8ebc1d9.php 第 40 行.
NOTIC: [8] Undefined offset: 0 D:\WWW\progect\drivingSchool\admin\Runtime\Cache\Home\10ef1fdb913a8400bda9c2fab8ebc1d9.php 第 40 行.
NOTIC: [8] Undefined offset: 0 D:\WWW\progect\drivingSchool\admin\Runtime\Cache\Home\10ef1fdb913a8400bda9c2fab8ebc1d9.php 第 40 行.
NOTIC: [8] Undefined offset: 0 D:\WWW\progect\drivingSchool\admin\Runtime\Cache\Home\10ef1fdb913a8400bda9c2fab8ebc1d9.php 第 40 行.
NOTIC: [8] Undefined offset: 0 D:\WWW\progect\drivingSchool\admin\Runtime\Cache\Home\10ef1fdb913a8400bda9c2fab8ebc1d9.php 第 40 行.
NOTIC: [8] Undefined offset: 0 D:\WWW\progect\drivingSchool\admin\Runtime\Cache\Home\10ef1fdb913a8400bda9c2fab8ebc1d9.php 第 40 行.
NOTIC: [8] Undefined offset: 0 D:\WWW\progect\drivingSchool\admin\Runtime\Cache\Home\10ef1fdb913a8400bda9c2fab8ebc1d9.php 第 40 行.
NOTIC: [8] Undefined offset: 0 D:\WWW\progect\drivingSchool\admin\Runtime\Cache\Home\10ef1fdb913a8400bda9c2fab8ebc1d9.php 第 40 行.
NOTIC: [8] Undefined offset: 0 D:\WWW\progect\drivingSchool\admin\Runtime\Cache\Home\10ef1fdb913a8400bda9c2fab8ebc1d9.php 第 40 行.
NOTIC: [8] Undefined offset: 0 D:\WWW\progect\drivingSchool\admin\Runtime\Cache\Home\10ef1fdb913a8400bda9c2fab8ebc1d9.php 第 40 行.
NOTIC: [8] Undefined offset: 0 D:\WWW\progect\drivingSchool\admin\Runtime\Cache\Home\10ef1fdb913a8400bda9c2fab8ebc1d9.php 第 40 行.
NOTIC: [8] Undefined offset: 0 D:\WWW\progect\drivingSchool\admin\Runtime\Cache\Home\10ef1fdb913a8400bda9c2fab8ebc1d9.php 第 40 行.
NOTIC: [8] Undefined offset: 0 D:\WWW\progect\drivingSchool\admin\Runtime\Cache\Home\10ef1fdb913a8400bda9c2fab8ebc1d9.php 第 40 行.
NOTIC: [8] Undefined offset: 0 D:\WWW\progect\drivingSchool\admin\Runtime\Cache\Home\10ef1fdb913a8400bda9c2fab8ebc1d9.php 第 40 行.
NOTIC: [8] Undefined offset: 0 D:\WWW\progect\drivingSchool\admin\Runtime\Cache\Home\10ef1fdb913a8400bda9c2fab8ebc1d9.php 第 40 行.
NOTIC: [8] Undefined offset: 0 D:\WWW\progect\drivingSchool\admin\Runtime\Cache\Home\10ef1fdb913a8400bda9c2fab8ebc1d9.php 第 40 行.
NOTIC: [8] Undefined offset: 0 D:\WWW\progect\drivingSchool\admin\Runtime\Cache\Home\10ef1fdb913a8400bda9c2fab8ebc1d9.php 第 40 行.
NOTIC: [8] Undefined offset: 0 D:\WWW\progect\drivingSchool\admin\Runtime\Cache\Home\10ef1fdb913a8400bda9c2fab8ebc1d9.php 第 40 行.
NOTIC: [8] Undefined offset: 0 D:\WWW\progect\drivingSchool\admin\Runtime\Cache\Home\10ef1fdb913a8400bda9c2fab8ebc1d9.php 第 40 行.
NOTIC: [8] Undefined offset: 0 D:\WWW\progect\drivingSchool\admin\Runtime\Cache\Home\10ef1fdb913a8400bda9c2fab8ebc1d9.php 第 40 行.
NOTIC: [8] Undefined offset: 0 D:\WWW\progect\drivingSchool\admin\Runtime\Cache\Home\10ef1fdb913a8400bda9c2fab8ebc1d9.php 第 40 行.
NOTIC: [8] Undefined offset: 0 D:\WWW\progect\drivingSchool\admin\Runtime\Cache\Home\10ef1fdb913a8400bda9c2fab8ebc1d9.php 第 40 行.
NOTIC: [8] Undefined offset: 0 D:\WWW\progect\drivingSchool\admin\Runtime\Cache\Home\10ef1fdb913a8400bda9c2fab8ebc1d9.php 第 40 行.
NOTIC: [8] Undefined offset: 0 D:\WWW\progect\drivingSchool\admin\Runtime\Cache\Home\10ef1fdb913a8400bda9c2fab8ebc1d9.php 第 40 行.
NOTIC: [8] Undefined offset: 0 D:\WWW\progect\drivingSchool\admin\Runtime\Cache\Home\10ef1fdb913a8400bda9c2fab8ebc1d9.php 第 40 行.
NOTIC: [8] Undefined offset: 0 D:\WWW\progect\drivingSchool\admin\Runtime\Cache\Home\10ef1fdb913a8400bda9c2fab8ebc1d9.php 第 40 行.
NOTIC: [8] Undefined offset: 0 D:\WWW\progect\drivingSchool\admin\Runtime\Cache\Home\10ef1fdb913a8400bda9c2fab8ebc1d9.php 第 40 行.
NOTIC: [8] Undefined offset: 0 D:\WWW\progect\drivingSchool\admin\Runtime\Cache\Home\10ef1fdb913a8400bda9c2fab8ebc1d9.php 第 40 行.
NOTIC: [8] Undefined offset: 0 D:\WWW\progect\drivingSchool\admin\Runtime\Cache\Home\10ef1fdb913a8400bda9c2fab8ebc1d9.php 第 40 行.
NOTIC: [8] Undefined offset: 0 D:\WWW\progect\drivingSchool\admin\Runtime\Cache\Home\10ef1fdb913a8400bda9c2fab8ebc1d9.php 第 40 行.
NOTIC: [8] Undefined offset: 0 D:\WWW\progect\drivingSchool\admin\Runtime\Cache\Home\10ef1fdb913a8400bda9c2fab8ebc1d9.php 第 40 行.
NOTIC: [8] Undefined offset: 0 D:\WWW\progect\drivingSchool\admin\Runtime\Cache\Home\10ef1fdb913a8400bda9c2fab8ebc1d9.php 第 40 行.
NOTIC: [8] Undefined offset: 0 D:\WWW\progect\drivingSchool\admin\Runtime\Cache\Home\10ef1fdb913a8400bda9c2fab8ebc1d9.php 第 40 行.
NOTIC: [8] Undefined offset: 0 D:\WWW\progect\drivingSchool\admin\Runtime\Cache\Home\10ef1fdb913a8400bda9c2fab8ebc1d9.php 第 40 行.
NOTIC: [8] Undefined offset: 0 D:\WWW\progect\drivingSchool\admin\Runtime\Cache\Home\10ef1fdb913a8400bda9c2fab8ebc1d9.php 第 40 行.
NOTIC: [8] Undefined offset: 0 D:\WWW\progect\drivingSchool\admin\Runtime\Cache\Home\10ef1fdb913a8400bda9c2fab8ebc1d9.php 第 40 行.
NOTIC: [8] Undefined offset: 0 D:\WWW\progect\drivingSchool\admin\Runtime\Cache\Home\10ef1fdb913a8400bda9c2fab8ebc1d9.php 第 40 行.
NOTIC: [8] Undefined offset: 0 D:\WWW\progect\drivingSchool\admin\Runtime\Cache\Home\10ef1fdb913a8400bda9c2fab8ebc1d9.php 第 40 行.
NOTIC: [8] Undefined offset: 0 D:\WWW\progect\drivingSchool\admin\Runtime\Cache\Home\10ef1fdb913a8400bda9c2fab8ebc1d9.php 第 40 行.
NOTIC: [8] Undefined offset: 0 D:\WWW\progect\drivingSchool\admin\Runtime\Cache\Home\10ef1fdb913a8400bda9c2fab8ebc1d9.php 第 40 行.
NOTIC: [8] Undefined offset: 0 D:\WWW\progect\drivingSchool\admin\Runtime\Cache\Home\10ef1fdb913a8400bda9c2fab8ebc1d9.php 第 40 行.
NOTIC: [8] Undefined offset: 0 D:\WWW\progect\drivingSchool\admin\Runtime\Cache\Home\10ef1fdb913a8400bda9c2fab8ebc1d9.php 第 40 行.
NOTIC: [8] Undefined offset: 0 D:\WWW\progect\drivingSchool\admin\Runtime\Cache\Home\10ef1fdb913a8400bda9c2fab8ebc1d9.php 第 40 行.
NOTIC: [8] Undefined offset: 0 D:\WWW\progect\drivingSchool\admin\Runtime\Cache\Home\10ef1fdb913a8400bda9c2fab8ebc1d9.php 第 40 行.
NOTIC: [8] Undefined offset: 0 D:\WWW\progect\drivingSchool\admin\Runtime\Cache\Home\10ef1fdb913a8400bda9c2fab8ebc1d9.php 第 40 行.
NOTIC: [8] Undefined offset: 0 D:\WWW\progect\drivingSchool\admin\Runtime\Cache\Home\10ef1fdb913a8400bda9c2fab8ebc1d9.php 第 40 行.
NOTIC: [8] Undefined offset: 0 D:\WWW\progect\drivingSchool\admin\Runtime\Cache\Home\10ef1fdb913a8400bda9c2fab8ebc1d9.php 第 40 行.
NOTIC: [8] Undefined offset: 0 D:\WWW\progect\drivingSchool\admin\Runtime\Cache\Home\10ef1fdb913a8400bda9c2fab8ebc1d9.php 第 40 行.
NOTIC: [8] Undefined offset: 0 D:\WWW\progect\drivingSchool\admin\Runtime\Cache\Home\10ef1fdb913a8400bda9c2fab8ebc1d9.php 第 40 行.
NOTIC: [8] Undefined offset: 0 D:\WWW\progect\drivingSchool\admin\Runtime\Cache\Home\10ef1fdb913a8400bda9c2fab8ebc1d9.php 第 40 行.
NOTIC: [8] Undefined offset: 0 D:\WWW\progect\drivingSchool\admin\Runtime\Cache\Home\10ef1fdb913a8400bda9c2fab8ebc1d9.php 第 40 行.
NOTIC: [8] Undefined offset: 0 D:\WWW\progect\drivingSchool\admin\Runtime\Cache\Home\10ef1fdb913a8400bda9c2fab8ebc1d9.php 第 40 行.
NOTIC: [8] Undefined offset: 0 D:\WWW\progect\drivingSchool\admin\Runtime\Cache\Home\10ef1fdb913a8400bda9c2fab8ebc1d9.php 第 40 行.
NOTIC: [8] Undefined offset: 0 D:\WWW\progect\drivingSchool\admin\Runtime\Cache\Home\10ef1fdb913a8400bda9c2fab8ebc1d9.php 第 40 行.
NOTIC: [8] Undefined offset: 0 D:\WWW\progect\drivingSchool\admin\Runtime\Cache\Home\10ef1fdb913a8400bda9c2fab8ebc1d9.php 第 40 行.
NOTIC: [8] Undefined offset: 0 D:\WWW\progect\drivingSchool\admin\Runtime\Cache\Home\10ef1fdb913a8400bda9c2fab8ebc1d9.php 第 40 行.
NOTIC: [8] Undefined offset: 0 D:\WWW\progect\drivingSchool\admin\Runtime\Cache\Home\10ef1fdb913a8400bda9c2fab8ebc1d9.php 第 40 行.
NOTIC: [8] Undefined offset: 0 D:\WWW\progect\drivingSchool\admin\Runtime\Cache\Home\10ef1fdb913a8400bda9c2fab8ebc1d9.php 第 40 行.
NOTIC: [8] Undefined offset: 0 D:\WWW\progect\drivingSchool\admin\Runtime\Cache\Home\10ef1fdb913a8400bda9c2fab8ebc1d9.php 第 40 行.
NOTIC: [8] Undefined offset: 0 D:\WWW\progect\drivingSchool\admin\Runtime\Cache\Home\10ef1fdb913a8400bda9c2fab8ebc1d9.php 第 40 行.
NOTIC: [8] Undefined offset: 0 D:\WWW\progect\drivingSchool\admin\Runtime\Cache\Home\10ef1fdb913a8400bda9c2fab8ebc1d9.php 第 40 行.
NOTIC: [8] Undefined offset: 0 D:\WWW\progect\drivingSchool\admin\Runtime\Cache\Home\10ef1fdb913a8400bda9c2fab8ebc1d9.php 第 40 行.
NOTIC: [8] Undefined offset: 0 D:\WWW\progect\drivingSchool\admin\Runtime\Cache\Home\10ef1fdb913a8400bda9c2fab8ebc1d9.php 第 40 行.
NOTIC: [8] Undefined offset: 0 D:\WWW\progect\drivingSchool\admin\Runtime\Cache\Home\10ef1fdb913a8400bda9c2fab8ebc1d9.php 第 40 行.
NOTIC: [8] Undefined offset: 0 D:\WWW\progect\drivingSchool\admin\Runtime\Cache\Home\10ef1fdb913a8400bda9c2fab8ebc1d9.php 第 40 行.
NOTIC: [8] Undefined offset: 0 D:\WWW\progect\drivingSchool\admin\Runtime\Cache\Home\10ef1fdb913a8400bda9c2fab8ebc1d9.php 第 40 行.
NOTIC: [8] Undefined offset: 0 D:\WWW\progect\drivingSchool\admin\Runtime\Cache\Home\10ef1fdb913a8400bda9c2fab8ebc1d9.php 第 40 行.
NOTIC: [8] Undefined offset: 0 D:\WWW\progect\drivingSchool\admin\Runtime\Cache\Home\10ef1fdb913a8400bda9c2fab8ebc1d9.php 第 40 行.
NOTIC: [8] Undefined offset: 0 D:\WWW\progect\drivingSchool\admin\Runtime\Cache\Home\10ef1fdb913a8400bda9c2fab8ebc1d9.php 第 40 行.
NOTIC: [8] Undefined offset: 0 D:\WWW\progect\drivingSchool\admin\Runtime\Cache\Home\10ef1fdb913a8400bda9c2fab8ebc1d9.php 第 40 行.
NOTIC: [8] Undefined offset: 0 D:\WWW\progect\drivingSchool\admin\Runtime\Cache\Home\10ef1fdb913a8400bda9c2fab8ebc1d9.php 第 40 行.
NOTIC: [8] Undefined offset: 0 D:\WWW\progect\drivingSchool\admin\Runtime\Cache\Home\10ef1fdb913a8400bda9c2fab8ebc1d9.php 第 40 行.
NOTIC: [8] Undefined offset: 0 D:\WWW\progect\drivingSchool\admin\Runtime\Cache\Home\10ef1fdb913a8400bda9c2fab8ebc1d9.php 第 40 行.
NOTIC: [8] Undefined offset: 0 D:\WWW\progect\drivingSchool\admin\Runtime\Cache\Home\10ef1fdb913a8400bda9c2fab8ebc1d9.php 第 40 行.
NOTIC: [8] Undefined offset: 0 D:\WWW\progect\drivingSchool\admin\Runtime\Cache\Home\10ef1fdb913a8400bda9c2fab8ebc1d9.php 第 40 行.
INFO: Run Behavior\ParseTemplateBehavior [ RunTime:0.027002s ]
INFO: [ view_parse ] --END-- [ RunTime:0.027002s ]
INFO: [ view_filter ] --START--
INFO: Run Behavior\WriteHtmlCacheBehavior [ RunTime:0.001000s ]
INFO: [ view_filter ] --END-- [ RunTime:0.001000s ]
INFO: [ app_end ] --START--
INFO: Run Behavior\ShowPageTraceBehavior [ RunTime:0.000000s ]
INFO: [ app_end ] --END-- [ RunTime:0.000000s ]

[ 2016-04-27T16:23:03+08:00 ] 127.0.0.1 /progect/drivingSchool/index.php/Home/Staff/leave
INFO: [ app_init ] --START--
INFO: Run Behavior\BuildLiteBehavior [ RunTime:0.000000s ]
INFO: [ app_init ] --END-- [ RunTime:0.000000s ]
INFO: [ app_begin ] --START--
INFO: Run Behavior\ReadHtmlCacheBehavior [ RunTime:0.000000s ]
INFO: [ app_begin ] --END-- [ RunTime:0.001000s ]
NOTIC: [2048] Declaration of Home\Controller\StaffController::show() should be compatible with Think\Controller::show($content, $charset = '', $contentType = '', $prefix = '') D:\WWW\progect\drivingSchool\admin\Home\Controller\StaffController.class.php 第 225 行.
SQL: SHOW COLUMNS FROM `staff` [ RunTime:1.1201s ]
SQL: SELECT * FROM `staff` INNER JOIN staff_leave on staff.staff_id = staff_leave.work_id  WHERE ( staff.role_id in (1,4,5,6) )  [ RunTime:0.2820s ]
INFO: [ view_parse ] --START--
INFO: [ template_filter ] --START--
INFO: Run Behavior\ContentReplaceBehavior [ RunTime:0.000000s ]
INFO: [ template_filter ] --END-- [ RunTime:0.001001s ]
NOTIC: [8] Undefined variable: search D:\WWW\progect\drivingSchool\admin\Runtime\Cache\Home\6118d72b34788c9771c50dd879f59fa2.php 第 17 行.
NOTIC: [8] Undefined variable: search D:\WWW\progect\drivingSchool\admin\Runtime\Cache\Home\6118d72b34788c9771c50dd879f59fa2.php 第 21 行.
NOTIC: [8] Undefined variable: search D:\WWW\progect\drivingSchool\admin\Runtime\Cache\Home\6118d72b34788c9771c50dd879f59fa2.php 第 25 行.
NOTIC: [8] Undefined variable: search D:\WWW\progect\drivingSchool\admin\Runtime\Cache\Home\6118d72b34788c9771c50dd879f59fa2.php 第 29 行.
INFO: Run Behavior\ParseTemplateBehavior [ RunTime:0.091005s ]
INFO: [ view_parse ] --END-- [ RunTime:0.091005s ]
INFO: [ view_filter ] --START--
INFO: Run Behavior\WriteHtmlCacheBehavior [ RunTime:0.001000s ]
INFO: [ view_filter ] --END-- [ RunTime:0.001000s ]
INFO: [ app_end ] --START--
INFO: Run Behavior\ShowPageTraceBehavior [ RunTime:0.002000s ]
INFO: [ app_end ] --END-- [ RunTime:0.002000s ]

[ 2016-04-27T16:23:09+08:00 ] 127.0.0.1 /progect/drivingSchool/index.php/Home/Staff/hours
INFO: [ app_init ] --START--
INFO: Run Behavior\BuildLiteBehavior [ RunTime:0.000000s ]
INFO: [ app_init ] --END-- [ RunTime:0.001000s ]
INFO: [ app_begin ] --START--
INFO: Run Behavior\ReadHtmlCacheBehavior [ RunTime:0.001000s ]
INFO: [ app_begin ] --END-- [ RunTime:0.001000s ]
NOTIC: [2048] Declaration of Home\Controller\StaffController::show() should be compatible with Think\Controller::show($content, $charset = '', $contentType = '', $prefix = '') D:\WWW\progect\drivingSchool\admin\Home\Controller\StaffController.class.php 第 225 行.
SQL: SHOW COLUMNS FROM `staff` [ RunTime:0.0450s ]
SQL: SHOW COLUMNS FROM `month` [ RunTime:0.0510s ]
SQL: SELECT * FROM `month`  [ RunTime:0.0460s ]
SQL: SHOW COLUMNS FROM `dakanum` [ RunTime:0.0480s ]
SQL: SELECT * FROM `month`  [ RunTime:0.0520s ]
SQL: SELECT * FROM `staff` WHERE ( role_id = 1 )  [ RunTime:0.0520s ]
SQL: SELECT * FROM `dakanum` WHERE ( staff_id = '5' and month = '1' )  [ RunTime:0.0590s ]
NOTIC: [8] Undefined offset: 0 D:\WWW\progect\drivingSchool\admin\Home\Model\StaffModel.class.php 第 571 行.
SQL: SELECT * FROM `dakanum` WHERE ( staff_id = '5' and month = '2' )  [ RunTime:0.0570s ]
NOTIC: [8] Undefined offset: 0 D:\WWW\progect\drivingSchool\admin\Home\Model\StaffModel.class.php 第 571 行.
SQL: SELECT * FROM `dakanum` WHERE ( staff_id = '5' and month = '3' )  [ RunTime:0.0460s ]
NOTIC: [8] Undefined offset: 0 D:\WWW\progect\drivingSchool\admin\Home\Model\StaffModel.class.php 第 571 行.
SQL: SELECT * FROM `dakanum` WHERE ( staff_id = '5' and month = '4' )  [ RunTime:0.0480s ]
NOTIC: [8] Undefined offset: 0 D:\WWW\progect\drivingSchool\admin\Home\Model\StaffModel.class.php 第 571 行.
SQL: SELECT * FROM `dakanum` WHERE ( staff_id = '5' and month = '5' )  [ RunTime:0.0490s ]
NOTIC: [8] Undefined offset: 0 D:\WWW\progect\drivingSchool\admin\Home\Model\StaffModel.class.php 第 571 行.
SQL: SELECT * FROM `dakanum` WHERE ( staff_id = '5' and month = '6' )  [ RunTime:0.0460s ]
NOTIC: [8] Undefined offset: 0 D:\WWW\progect\drivingSchool\admin\Home\Model\StaffModel.class.php 第 571 行.
SQL: SELECT * FROM `dakanum` WHERE ( staff_id = '5' and month = '7' )  [ RunTime:0.0480s ]
NOTIC: [8] Undefined offset: 0 D:\WWW\progect\drivingSchool\admin\Home\Model\StaffModel.class.php 第 571 行.
SQL: SELECT * FROM `dakanum` WHERE ( staff_id = '5' and month = '8' )  [ RunTime:0.0470s ]
NOTIC: [8] Undefined offset: 0 D:\WWW\progect\drivingSchool\admin\Home\Model\StaffModel.class.php 第 571 行.
SQL: SELECT * FROM `dakanum` WHERE ( staff_id = '5' and month = '9' )  [ RunTime:0.0490s ]
NOTIC: [8] Undefined offset: 0 D:\WWW\progect\drivingSchool\admin\Home\Model\StaffModel.class.php 第 571 行.
SQL: SELECT * FROM `dakanum` WHERE ( staff_id = '5' and month = '10' )  [ RunTime:0.0470s ]
NOTIC: [8] Undefined offset: 0 D:\WWW\progect\drivingSchool\admin\Home\Model\StaffModel.class.php 第 571 行.
SQL: SELECT * FROM `dakanum` WHERE ( staff_id = '5' and month = '11' )  [ RunTime:0.0460s ]
NOTIC: [8] Undefined offset: 0 D:\WWW\progect\drivingSchool\admin\Home\Model\StaffModel.class.php 第 571 行.
SQL: SELECT * FROM `dakanum` WHERE ( staff_id = '5' and month = '12' )  [ RunTime:0.0480s ]
NOTIC: [8] Undefined offset: 0 D:\WWW\progect\drivingSchool\admin\Home\Model\StaffModel.class.php 第 571 行.
SQL: SELECT * FROM `dakanum` WHERE ( staff_id = '6' and month = '1' )  [ RunTime:0.0480s ]
SQL: SELECT * FROM `dakanum` WHERE ( staff_id = '6' and month = '2' )  [ RunTime:0.2960s ]
SQL: SELECT * FROM `dakanum` WHERE ( staff_id = '6' and month = '3' )  [ RunTime:0.0490s ]
SQL: SELECT * FROM `dakanum` WHERE ( staff_id = '6' and month = '4' )  [ RunTime:0.0490s ]
SQL: SELECT * FROM `dakanum` WHERE ( staff_id = '6' and month = '5' )  [ RunTime:0.0490s ]
NOTIC: [8] Undefined offset: 0 D:\WWW\progect\drivingSchool\admin\Home\Model\StaffModel.class.php 第 571 行.
SQL: SELECT * FROM `dakanum` WHERE ( staff_id = '6' and month = '6' )  [ RunTime:0.0470s ]
NOTIC: [8] Undefined offset: 0 D:\WWW\progect\drivingSchool\admin\Home\Model\StaffModel.class.php 第 571 行.
SQL: SELECT * FROM `dakanum` WHERE ( staff_id = '6' and month = '7' )  [ RunTime:0.0840s ]
NOTIC: [8] Undefined offset: 0 D:\WWW\progect\drivingSchool\admin\Home\Model\StaffModel.class.php 第 571 行.
SQL: SELECT * FROM `dakanum` WHERE ( staff_id = '6' and month = '8' )  [ RunTime:0.0480s ]
NOTIC: [8] Undefined offset: 0 D:\WWW\progect\drivingSchool\admin\Home\Model\StaffModel.class.php 第 571 行.
SQL: SELECT * FROM `dakanum` WHERE ( staff_id = '6' and month = '9' )  [ RunTime:0.0440s ]
NOTIC: [8] Undefined offset: 0 D:\WWW\progect\drivingSchool\admin\Home\Model\StaffModel.class.php 第 571 行.
SQL: SELECT * FROM `dakanum` WHERE ( staff_id = '6' and month = '10' )  [ RunTime:0.0460s ]
NOTIC: [8] Undefined offset: 0 D:\WWW\progect\drivingSchool\admin\Home\Model\StaffModel.class.php 第 571 行.
SQL: SELECT * FROM `dakanum` WHERE ( staff_id = '6' and month = '11' )  [ RunTime:0.0470s ]
NOTIC: [8] Undefined offset: 0 D:\WWW\progect\drivingSchool\admin\Home\Model\StaffModel.class.php 第 571 行.
SQL: SELECT * FROM `dakanum` WHERE ( staff_id = '6' and month = '12' )  [ RunTime:0.3010s ]
NOTIC: [8] Undefined offset: 0 D:\WWW\progect\drivingSchool\admin\Home\Model\StaffModel.class.php 第 571 行.
SQL: SELECT * FROM `dakanum` WHERE ( staff_id = '7' and month = '1' )  [ RunTime:0.0500s ]
NOTIC: [8] Undefined offset: 0 D:\WWW\progect\drivingSchool\admin\Home\Model\StaffModel.class.php 第 571 行.
SQL: SELECT * FROM `dakanum` WHERE ( staff_id = '7' and month = '2' )  [ RunTime:0.0480s ]
NOTIC: [8] Undefined offset: 0 D:\WWW\progect\drivingSchool\admin\Home\Model\StaffModel.class.php 第 571 行.
SQL: SELECT * FROM `dakanum` WHERE ( staff_id = '7' and month = '3' )  [ RunTime:0.0430s ]
NOTIC: [8] Undefined offset: 0 D:\WWW\progect\drivingSchool\admin\Home\Model\StaffModel.class.php 第 571 行.
SQL: SELECT * FROM `dakanum` WHERE ( staff_id = '7' and month = '4' )  [ RunTime:0.0460s ]
NOTIC: [8] Undefined offset: 0 D:\WWW\progect\drivingSchool\admin\Home\Model\StaffModel.class.php 第 571 行.
SQL: SELECT * FROM `dakanum` WHERE ( staff_id = '7' and month = '5' )  [ RunTime:0.0440s ]
NOTIC: [8] Undefined offset: 0 D:\WWW\progect\drivingSchool\admin\Home\Model\StaffModel.class.php 第 571 行.
SQL: SELECT * FROM `dakanum` WHERE ( staff_id = '7' and month = '6' )  [ RunTime:0.0740s ]
NOTIC: [8] Undefined offset: 0 D:\WWW\progect\drivingSchool\admin\Home\Model\StaffModel.class.php 第 571 行.
SQL: SELECT * FROM `dakanum` WHERE ( staff_id = '7' and month = '7' )  [ RunTime:0.3030s ]
NOTIC: [8] Undefined offset: 0 D:\WWW\progect\drivingSchool\admin\Home\Model\StaffModel.class.php 第 571 行.
SQL: SELECT * FROM `dakanum` WHERE ( staff_id = '7' and month = '8' )  [ RunTime:0.0510s ]
NOTIC: [8] Undefined offset: 0 D:\WWW\progect\drivingSchool\admin\Home\Model\StaffModel.class.php 第 571 行.
SQL: SELECT * FROM `dakanum` WHERE ( staff_id = '7' and month = '9' )  [ RunTime:0.0440s ]
NOTIC: [8] Undefined offset: 0 D:\WWW\progect\drivingSchool\admin\Home\Model\StaffModel.class.php 第 571 行.
SQL: SELECT * FROM `dakanum` WHERE ( staff_id = '7' and month = '10' )  [ RunTime:0.0320s ]
NOTIC: [8] Undefined offset: 0 D:\WWW\progect\drivingSchool\admin\Home\Model\StaffModel.class.php 第 571 行.
SQL: SELECT * FROM `dakanum` WHERE ( staff_id = '7' and month = '11' )  [ RunTime:0.0350s ]
NOTIC: [8] Undefined offset: 0 D:\WWW\progect\drivingSchool\admin\Home\Model\StaffModel.class.php 第 571 行.
SQL: SELECT * FROM `dakanum` WHERE ( staff_id = '7' and month = '12' )  [ RunTime:0.0510s ]
NOTIC: [8] Undefined offset: 0 D:\WWW\progect\drivingSchool\admin\Home\Model\StaffModel.class.php 第 571 行.
SQL: SELECT * FROM `dakanum` WHERE ( staff_id = '33' and month = '1' )  [ RunTime:0.0490s ]
SQL: SELECT * FROM `dakanum` WHERE ( staff_id = '33' and month = '2' )  [ RunTime:0.0470s ]
SQL: SELECT * FROM `dakanum` WHERE ( staff_id = '33' and month = '3' )  [ RunTime:0.0480s ]
SQL: SELECT * FROM `dakanum` WHERE ( staff_id = '33' and month = '4' )  [ RunTime:0.0470s ]
NOTIC: [8] Undefined offset: 0 D:\WWW\progect\drivingSchool\admin\Home\Model\StaffModel.class.php 第 571 行.
SQL: SELECT * FROM `dakanum` WHERE ( staff_id = '33' and month = '5' )  [ RunTime:0.0480s ]
SQL: SELECT * FROM `dakanum` WHERE ( staff_id = '33' and month = '6' )  [ RunTime:0.0610s ]
NOTIC: [8] Undefined offset: 0 D:\WWW\progect\drivingSchool\admin\Home\Model\StaffModel.class.php 第 571 行.
SQL: SELECT * FROM `dakanum` WHERE ( staff_id = '33' and month = '7' )  [ RunTime:0.0490s ]
NOTIC: [8] Undefined offset: 0 D:\WWW\progect\drivingSchool\admin\Home\Model\StaffModel.class.php 第 571 行.
SQL: SELECT * FROM `dakanum` WHERE ( staff_id = '33' and month = '8' )  [ RunTime:0.0480s ]
NOTIC: [8] Undefined offset: 0 D:\WWW\progect\drivingSchool\admin\Home\Model\StaffModel.class.php 第 571 行.
SQL: SELECT * FROM `dakanum` WHERE ( staff_id = '33' and month = '9' )  [ RunTime:0.0490s ]
NOTIC: [8] Undefined offset: 0 D:\WWW\progect\drivingSchool\admin\Home\Model\StaffModel.class.php 第 571 行.
SQL: SELECT * FROM `dakanum` WHERE ( staff_id = '33' and month = '10' )  [ RunTime:0.0470s ]
NOTIC: [8] Undefined offset: 0 D:\WWW\progect\drivingSchool\admin\Home\Model\StaffModel.class.php 第 571 行.
SQL: SELECT * FROM `dakanum` WHERE ( staff_id = '33' and month = '11' )  [ RunTime:0.0510s ]
NOTIC: [8] Undefined offset: 0 D:\WWW\progect\drivingSchool\admin\Home\Model\StaffModel.class.php 第 571 行.
SQL: SELECT * FROM `dakanum` WHERE ( staff_id = '33' and month = '12' )  [ RunTime:0.0490s ]
NOTIC: [8] Undefined offset: 0 D:\WWW\progect\drivingSchool\admin\Home\Model\StaffModel.class.php 第 571 行.
SQL: SELECT * FROM `dakanum` WHERE ( staff_id = '34' and month = '1' )  [ RunTime:0.0480s ]
NOTIC: [8] Undefined offset: 0 D:\WWW\progect\drivingSchool\admin\Home\Model\StaffModel.class.php 第 571 行.
SQL: SELECT * FROM `dakanum` WHERE ( staff_id = '34' and month = '2' )  [ RunTime:0.0480s ]
NOTIC: [8] Undefined offset: 0 D:\WWW\progect\drivingSchool\admin\Home\Model\StaffModel.class.php 第 571 行.
SQL: SELECT * FROM `dakanum` WHERE ( staff_id = '34' and month = '3' )  [ RunTime:0.0520s ]
NOTIC: [8] Undefined offset: 0 D:\WWW\progect\drivingSchool\admin\Home\Model\StaffModel.class.php 第 571 行.
SQL: SELECT * FROM `dakanum` WHERE ( staff_id = '34' and month = '4' )  [ RunTime:0.0500s ]
NOTIC: [8] Undefined offset: 0 D:\WWW\progect\drivingSchool\admin\Home\Model\StaffModel.class.php 第 571 行.
SQL: SELECT * FROM `dakanum` WHERE ( staff_id = '34' and month = '5' )  [ RunTime:0.0480s ]
NOTIC: [8] Undefined offset: 0 D:\WWW\progect\drivingSchool\admin\Home\Model\StaffModel.class.php 第 571 行.
SQL: SELECT * FROM `dakanum` WHERE ( staff_id = '34' and month = '6' )  [ RunTime:0.0490s ]
NOTIC: [8] Undefined offset: 0 D:\WWW\progect\drivingSchool\admin\Home\Model\StaffModel.class.php 第 571 行.
SQL: SELECT * FROM `dakanum` WHERE ( staff_id = '34' and month = '7' )  [ RunTime:0.0460s ]
NOTIC: [8] Undefined offset: 0 D:\WWW\progect\drivingSchool\admin\Home\Model\StaffModel.class.php 第 571 行.
SQL: SELECT * FROM `dakanum` WHERE ( staff_id = '34' and month = '8' )  [ RunTime:0.0470s ]
NOTIC: [8] Undefined offset: 0 D:\WWW\progect\drivingSchool\admin\Home\Model\StaffModel.class.php 第 571 行.
SQL: SELECT * FROM `dakanum` WHERE ( staff_id = '34' and month = '9' )  [ RunTime:0.0410s ]
NOTIC: [8] Undefined offset: 0 D:\WWW\progect\drivingSchool\admin\Home\Model\StaffModel.class.php 第 571 行.
SQL: SELECT * FROM `dakanum` WHERE ( staff_id = '34' and month = '10' )  [ RunTime:0.0450s ]
NOTIC: [8] Undefined offset: 0 D:\WWW\progect\drivingSchool\admin\Home\Model\StaffModel.class.php 第 571 行.
SQL: SELECT * FROM `dakanum` WHERE ( staff_id = '34' and month = '11' )  [ RunTime:0.0480s ]
NOTIC: [8] Undefined offset: 0 D:\WWW\progect\drivingSchool\admin\Home\Model\StaffModel.class.php 第 571 行.
SQL: SELECT * FROM `dakanum` WHERE ( staff_id = '34' and month = '12' )  [ RunTime:0.0490s ]
NOTIC: [8] Undefined offset: 0 D:\WWW\progect\drivingSchool\admin\Home\Model\StaffModel.class.php 第 571 行.
SQL: SELECT * FROM `dakanum` WHERE ( staff_id = '35' and month = '1' )  [ RunTime:0.0470s ]
NOTIC: [8] Undefined offset: 0 D:\WWW\progect\drivingSchool\admin\Home\Model\StaffModel.class.php 第 571 行.
SQL: SELECT * FROM `dakanum` WHERE ( staff_id = '35' and month = '2' )  [ RunTime:0.0560s ]
NOTIC: [8] Undefined offset: 0 D:\WWW\progect\drivingSchool\admin\Home\Model\StaffModel.class.php 第 571 行.
SQL: SELECT * FROM `dakanum` WHERE ( staff_id = '35' and month = '3' )  [ RunTime:0.0680s ]
NOTIC: [8] Undefined offset: 0 D:\WWW\progect\drivingSchool\admin\Home\Model\StaffModel.class.php 第 571 行.
SQL: SELECT * FROM `dakanum` WHERE ( staff_id = '35' and month = '4' )  [ RunTime:0.0500s ]
NOTIC: [8] Undefined offset: 0 D:\WWW\progect\drivingSchool\admin\Home\Model\StaffModel.class.php 第 571 行.
SQL: SELECT * FROM `dakanum` WHERE ( staff_id = '35' and month = '5' )  [ RunTime:0.0500s ]
NOTIC: [8] Undefined offset: 0 D:\WWW\progect\drivingSchool\admin\Home\Model\StaffModel.class.php 第 571 行.
SQL: SELECT * FROM `dakanum` WHERE ( staff_id = '35' and month = '6' )  [ RunTime:0.0510s ]
NOTIC: [8] Undefined offset: 0 D:\WWW\progect\drivingSchool\admin\Home\Model\StaffModel.class.php 第 571 行.
SQL: SELECT * FROM `dakanum` WHERE ( staff_id = '35' and month = '7' )  [ RunTime:0.0480s ]
NOTIC: [8] Undefined offset: 0 D:\WWW\progect\drivingSchool\admin\Home\Model\StaffModel.class.php 第 571 行.
SQL: SELECT * FROM `dakanum` WHERE ( staff_id = '35' and month = '8' )  [ RunTime:0.2970s ]
NOTIC: [8] Undefined offset: 0 D:\WWW\progect\drivingSchool\admin\Home\Model\StaffModel.class.php 第 571 行.
SQL: SELECT * FROM `dakanum` WHERE ( staff_id = '35' and month = '9' )  [ RunTime:0.0520s ]
NOTIC: [8] Undefined offset: 0 D:\WWW\progect\drivingSchool\admin\Home\Model\StaffModel.class.php 第 571 行.
SQL: SELECT * FROM `dakanum` WHERE ( staff_id = '35' and month = '10' )  [ RunTime:0.0640s ]
NOTIC: [8] Undefined offset: 0 D:\WWW\progect\drivingSchool\admin\Home\Model\StaffModel.class.php 第 571 行.
SQL: SELECT * FROM `dakanum` WHERE ( staff_id = '35' and month = '11' )  [ RunTime:0.3070s ]
NOTIC: [8] Undefined offset: 0 D:\WWW\progect\drivingSchool\admin\Home\Model\StaffModel.class.php 第 571 行.
SQL: SELECT * FROM `dakanum` WHERE ( staff_id = '35' and month = '12' )  [ RunTime:0.0500s ]
NOTIC: [8] Undefined offset: 0 D:\WWW\progect\drivingSchool\admin\Home\Model\StaffModel.class.php 第 571 行.
INFO: [ view_parse ] --START--
INFO: [ template_filter ] --START--
INFO: Run Behavior\ContentReplaceBehavior [ RunTime:0.000000s ]
INFO: [ template_filter ] --END-- [ RunTime:0.000000s ]
NOTIC: [8] Undefined variable: search D:\WWW\progect\drivingSchool\admin\Runtime\Cache\Home\e515fee5ba469dd77eec8a49913febd4.php 第 23 行.
NOTIC: [8] Undefined variable: search D:\WWW\progect\drivingSchool\admin\Runtime\Cache\Home\e515fee5ba469dd77eec8a49913febd4.php 第 27 行.
INFO: Run Behavior\ParseTemplateBehavior [ RunTime:0.100006s ]
INFO: [ view_parse ] --END-- [ RunTime:0.100006s ]
INFO: [ view_filter ] --START--
INFO: Run Behavior\WriteHtmlCacheBehavior [ RunTime:0.001000s ]
INFO: [ view_filter ] --END-- [ RunTime:0.001000s ]
INFO: [ app_end ] --START--
INFO: Run Behavior\ShowPageTraceBehavior [ RunTime:0.001000s ]
INFO: [ app_end ] --END-- [ RunTime:0.001000s ]

[ 2016-04-27T16:23:11+08:00 ] 127.0.0.1 /progect/drivingSchool/index.php/Home/Staff/washow
INFO: [ app_init ] --START--
INFO: Run Behavior\BuildLiteBehavior [ RunTime:0.000000s ]
INFO: [ app_init ] --END-- [ RunTime:0.001000s ]
INFO: [ app_begin ] --START--
INFO: Run Behavior\ReadHtmlCacheBehavior [ RunTime:0.001000s ]
INFO: [ app_begin ] --END-- [ RunTime:0.001000s ]
NOTIC: [2048] Declaration of Home\Controller\StaffController::show() should be compatible with Think\Controller::show($content, $charset = '', $contentType = '', $prefix = '') D:\WWW\progect\drivingSchool\admin\Home\Controller\StaffController.class.php 第 225 行.
SQL: SHOW COLUMNS FROM `staff` [ RunTime:0.6710s ]
SQL: SHOW COLUMNS FROM `in_out` [ RunTime:0.2230s ]
SQL: SELECT * FROM `in_out` WHERE ( parent_id = 1 )  [ RunTime:0.0970s ]
SQL: SELECT COUNT(*) AS tp_count FROM `in_out` WHERE ( parent_id = 1 ) LIMIT 1   [ RunTime:0.0440s ]
SQL: SELECT * FROM `in_out` WHERE ( parent_id = 2 )  [ RunTime:0.0480s ]
NOTIC: [8] Undefined variable: sum1 D:\WWW\progect\drivingSchool\admin\Home\Model\StaffModel.class.php 第 659 行.
SQL: SELECT COUNT(*) AS tp_count FROM `in_out` WHERE ( parent_id = 2 ) LIMIT 1   [ RunTime:0.0480s ]
SQL: SHOW COLUMNS FROM `dakanum` [ RunTime:0.0520s ]
SQL: SELECT * FROM `dakanum` INNER JOIN staff on dakanum.staff_id = staff.staff_id INNER JOIN role on staff.role_id = role.role_id   [ RunTime:0.0570s ]
INFO: [ view_parse ] --START--
INFO: [ template_filter ] --START--
INFO: Run Behavior\ContentReplaceBehavior [ RunTime:0.000000s ]
INFO: [ template_filter ] --END-- [ RunTime:0.000000s ]
NOTIC: [8] Undefined variable: search D:\WWW\progect\drivingSchool\admin\Runtime\Cache\Home\4ea3fda14233c37f286c20d641dabab7.php 第 19 行.
NOTIC: [8] Undefined variable: search D:\WWW\progect\drivingSchool\admin\Runtime\Cache\Home\4ea3fda14233c37f286c20d641dabab7.php 第 23 行.
INFO: Run Behavior\ParseTemplateBehavior [ RunTime:0.051003s ]
INFO: [ view_parse ] --END-- [ RunTime:0.051003s ]
INFO: [ view_filter ] --START--
INFO: Run Behavior\WriteHtmlCacheBehavior [ RunTime:0.001000s ]
INFO: [ view_filter ] --END-- [ RunTime:0.001000s ]
INFO: [ app_end ] --START--
INFO: Run Behavior\ShowPageTraceBehavior [ RunTime:0.000000s ]
INFO: [ app_end ] --END-- [ RunTime:0.001000s ]

[ 2016-04-27T16:23:11+08:00 ] 127.0.0.1 /progect/drivingSchool/index.php/Home/Staff/social
INFO: [ app_init ] --START--
INFO: Run Behavior\BuildLiteBehavior [ RunTime:0.000000s ]
INFO: [ app_init ] --END-- [ RunTime:0.001000s ]
INFO: [ app_begin ] --START--
INFO: Run Behavior\ReadHtmlCacheBehavior [ RunTime:0.001000s ]
INFO: [ app_begin ] --END-- [ RunTime:0.001000s ]
NOTIC: [2048] Declaration of Home\Controller\StaffController::show() should be compatible with Think\Controller::show($content, $charset = '', $contentType = '', $prefix = '') D:\WWW\progect\drivingSchool\admin\Home\Controller\StaffController.class.php 第 225 行.
SQL: SHOW COLUMNS FROM `staff` [ RunTime:0.0510s ]
SQL: SHOW COLUMNS FROM `social` [ RunTime:0.0530s ]
SQL: SELECT * FROM `social`  [ RunTime:0.0530s ]
INFO: [ view_parse ] --START--
INFO: [ template_filter ] --START--
INFO: Run Behavior\ContentReplaceBehavior [ RunTime:0.000000s ]
INFO: [ template_filter ] --END-- [ RunTime:0.000000s ]
INFO: Run Behavior\ParseTemplateBehavior [ RunTime:0.086005s ]
INFO: [ view_parse ] --END-- [ RunTime:0.087005s ]
INFO: [ view_filter ] --START--
INFO: Run Behavior\WriteHtmlCacheBehavior [ RunTime:0.001000s ]
INFO: [ view_filter ] --END-- [ RunTime:0.001000s ]
INFO: [ app_end ] --START--
INFO: Run Behavior\ShowPageTraceBehavior [ RunTime:0.001000s ]
INFO: [ app_end ] --END-- [ RunTime:0.001000s ]

[ 2016-04-27T16:23:15+08:00 ] 127.0.0.1 /progect/drivingSchool/index.php/Home/Staff/set
INFO: [ app_init ] --START--
INFO: Run Behavior\BuildLiteBehavior [ RunTime:0.000000s ]
INFO: [ app_init ] --END-- [ RunTime:0.001000s ]
INFO: [ app_begin ] --START--
INFO: Run Behavior\ReadHtmlCacheBehavior [ RunTime:0.001000s ]
INFO: [ app_begin ] --END-- [ RunTime:0.001000s ]
NOTIC: [2048] Declaration of Home\Controller\StaffController::show() should be compatible with Think\Controller::show($content, $charset = '', $contentType = '', $prefix = '') D:\WWW\progect\drivingSchool\admin\Home\Controller\StaffController.class.php 第 225 行.
SQL: SHOW COLUMNS FROM `staff` [ RunTime:0.1250s ]
SQL: SHOW COLUMNS FROM `in_out` [ RunTime:0.1260s ]
SQL: SELECT * FROM `in_out` WHERE ( parent_id = 1 )  [ RunTime:0.1450s ]
SQL: SELECT COUNT(*) AS tp_count FROM `in_out` WHERE ( parent_id = 1 ) LIMIT 1   [ RunTime:0.1540s ]
SQL: SELECT * FROM `in_out` WHERE ( parent_id = 2 )  [ RunTime:0.2170s ]
NOTIC: [8] Undefined variable: sum1 D:\WWW\progect\drivingSchool\admin\Home\Model\StaffModel.class.php 第 659 行.
SQL: SELECT COUNT(*) AS tp_count FROM `in_out` WHERE ( parent_id = 2 ) LIMIT 1   [ RunTime:0.1710s ]
INFO: [ view_parse ] --START--
INFO: [ template_filter ] --START--
INFO: Run Behavior\ContentReplaceBehavior [ RunTime:0.001000s ]
INFO: [ template_filter ] --END-- [ RunTime:0.001000s ]
INFO: Run Behavior\ParseTemplateBehavior [ RunTime:0.074005s ]
INFO: [ view_parse ] --END-- [ RunTime:0.074005s ]
INFO: [ view_filter ] --START--
INFO: Run Behavior\WriteHtmlCacheBehavior [ RunTime:0.000000s ]
INFO: [ view_filter ] --END-- [ RunTime:0.000000s ]
INFO: [ app_end ] --START--
INFO: Run Behavior\ShowPageTraceBehavior [ RunTime:0.001000s ]
INFO: [ app_end ] --END-- [ RunTime:0.001000s ]

[ 2016-04-27T16:26:12+08:00 ] 127.0.0.1 /progect/drivingSchool/index.php/Home/Staff/washow
INFO: [ app_init ] --START--
INFO: Run Behavior\BuildLiteBehavior [ RunTime:0.000000s ]
INFO: [ app_init ] --END-- [ RunTime:0.001000s ]
INFO: [ app_begin ] --START--
INFO: Run Behavior\ReadHtmlCacheBehavior [ RunTime:0.000000s ]
INFO: [ app_begin ] --END-- [ RunTime:0.000000s ]
NOTIC: [2048] Declaration of Home\Controller\StaffController::show() should be compatible with Think\Controller::show($content, $charset = '', $contentType = '', $prefix = '') D:\WWW\progect\drivingSchool\admin\Home\Controller\StaffController.class.php 第 225 行.
SQL: SHOW COLUMNS FROM `staff` [ RunTime:0.0740s ]
SQL: SHOW COLUMNS FROM `in_out` [ RunTime:0.0400s ]
SQL: SELECT * FROM `in_out` WHERE ( parent_id = 1 )  [ RunTime:0.0340s ]
SQL: SELECT COUNT(*) AS tp_count FROM `in_out` WHERE ( parent_id = 1 ) LIMIT 1   [ RunTime:0.0420s ]
SQL: SELECT * FROM `in_out` WHERE ( parent_id = 2 )  [ RunTime:0.0490s ]
NOTIC: [8] Undefined variable: sum1 D:\WWW\progect\drivingSchool\admin\Home\Model\StaffModel.class.php 第 659 行.
SQL: SELECT COUNT(*) AS tp_count FROM `in_out` WHERE ( parent_id = 2 ) LIMIT 1   [ RunTime:0.0420s ]
SQL: SHOW COLUMNS FROM `dakanum` [ RunTime:0.0850s ]
SQL: SELECT * FROM `dakanum` INNER JOIN staff on dakanum.staff_id = staff.staff_id INNER JOIN role on staff.role_id = role.role_id   [ RunTime:0.0550s ]
INFO: [ view_parse ] --START--
INFO: [ template_filter ] --START--
INFO: Run Behavior\ContentReplaceBehavior [ RunTime:0.000000s ]
INFO: [ template_filter ] --END-- [ RunTime:0.000000s ]
NOTIC: [8] Undefined variable: search D:\WWW\progect\drivingSchool\admin\Runtime\Cache\Home\4ea3fda14233c37f286c20d641dabab7.php 第 19 行.
NOTIC: [8] Undefined variable: search D:\WWW\progect\drivingSchool\admin\Runtime\Cache\Home\4ea3fda14233c37f286c20d641dabab7.php 第 23 行.
INFO: Run Behavior\ParseTemplateBehavior [ RunTime:0.024002s ]
INFO: [ view_parse ] --END-- [ RunTime:0.024002s ]
INFO: [ view_filter ] --START--
INFO: Run Behavior\WriteHtmlCacheBehavior [ RunTime:0.001000s ]
INFO: [ view_filter ] --END-- [ RunTime:0.001000s ]
INFO: [ app_end ] --START--
INFO: Run Behavior\ShowPageTraceBehavior [ RunTime:0.002000s ]
INFO: [ app_end ] --END-- [ RunTime:0.002000s ]

[ 2016-04-27T16:26:19+08:00 ] 127.0.0.1 /progect/drivingSchool/index.php/Home/Staff/social
INFO: [ app_init ] --START--
INFO: Run Behavior\BuildLiteBehavior [ RunTime:0.000000s ]
INFO: [ app_init ] --END-- [ RunTime:0.001000s ]
INFO: [ app_begin ] --START--
INFO: Run Behavior\ReadHtmlCacheBehavior [ RunTime:0.000000s ]
INFO: [ app_begin ] --END-- [ RunTime:0.000000s ]
NOTIC: [2048] Declaration of Home\Controller\StaffController::show() should be compatible with Think\Controller::show($content, $charset = '', $contentType = '', $prefix = '') D:\WWW\progect\drivingSchool\admin\Home\Controller\StaffController.class.php 第 225 行.
SQL: SHOW COLUMNS FROM `staff` [ RunTime:2.7892s ]
SQL: SHOW COLUMNS FROM `social` [ RunTime:0.0470s ]
SQL: SELECT * FROM `social`  [ RunTime:0.0430s ]
INFO: [ view_parse ] --START--
INFO: [ template_filter ] --START--
INFO: Run Behavior\ContentReplaceBehavior [ RunTime:0.000000s ]
INFO: [ template_filter ] --END-- [ RunTime:0.000000s ]
INFO: Run Behavior\ParseTemplateBehavior [ RunTime:0.021002s ]
INFO: [ view_parse ] --END-- [ RunTime:0.021002s ]
INFO: [ view_filter ] --START--
INFO: Run Behavior\WriteHtmlCacheBehavior [ RunTime:0.001000s ]
INFO: [ view_filter ] --END-- [ RunTime:0.001000s ]
INFO: [ app_end ] --START--
INFO: Run Behavior\ShowPageTraceBehavior [ RunTime:0.002000s ]
INFO: [ app_end ] --END-- [ RunTime:0.002000s ]

[ 2016-04-27T16:26:32+08:00 ] 127.0.0.1 /progect/drivingSchool/index.php/Home/Staff/salary
INFO: [ app_init ] --START--
INFO: Run Behavior\BuildLiteBehavior [ RunTime:0.000000s ]
INFO: [ app_init ] --END-- [ RunTime:0.000000s ]
INFO: [ app_begin ] --START--
INFO: Run Behavior\ReadHtmlCacheBehavior [ RunTime:0.001000s ]
INFO: [ app_begin ] --END-- [ RunTime:0.001000s ]
NOTIC: [2048] Declaration of Home\Controller\StaffController::show() should be compatible with Think\Controller::show($content, $charset = '', $contentType = '', $prefix = '') D:\WWW\progect\drivingSchool\admin\Home\Controller\StaffController.class.php 第 225 行.
SQL: SHOW COLUMNS FROM `staff` [ RunTime:0.0470s ]
SQL: SHOW COLUMNS FROM `month` [ RunTime:0.0450s ]
SQL: SELECT * FROM `month`  [ RunTime:0.0470s ]
SQL: SHOW COLUMNS FROM `dakanum` [ RunTime:0.0490s ]
SQL: SELECT * FROM `month`  [ RunTime:0.2890s ]
SQL: SELECT * FROM `staff` WHERE ( staff.role_id in (1,4,5,6) )  [ RunTime:0.1030s ]
SQL: SELECT * FROM `dakanum` WHERE ( staff_id = '4' and month = '1' )  [ RunTime:0.0910s ]
SQL: SELECT * FROM `dakanum` WHERE ( staff_id = '4' and month = '2' )  [ RunTime:0.0560s ]
SQL: SELECT * FROM `dakanum` WHERE ( staff_id = '4' and month = '3' )  [ RunTime:0.0580s ]
SQL: SELECT * FROM `dakanum` WHERE ( staff_id = '4' and month = '4' )  [ RunTime:0.1110s ]
SQL: SELECT * FROM `dakanum` WHERE ( staff_id = '4' and month = '5' )  [ RunTime:0.0490s ]
SQL: SELECT * FROM `dakanum` WHERE ( staff_id = '4' and month = '6' )  [ RunTime:0.0500s ]
SQL: SELECT * FROM `dakanum` WHERE ( staff_id = '4' and month = '7' )  [ RunTime:0.0530s ]
SQL: SELECT * FROM `dakanum` WHERE ( staff_id = '4' and month = '8' )  [ RunTime:0.0500s ]
SQL: SELECT * FROM `dakanum` WHERE ( staff_id = '4' and month = '9' )  [ RunTime:0.0450s ]
SQL: SELECT * FROM `dakanum` WHERE ( staff_id = '4' and month = '10' )  [ RunTime:0.0510s ]
SQL: SELECT * FROM `dakanum` WHERE ( staff_id = '4' and month = '11' )  [ RunTime:0.0460s ]
SQL: SELECT * FROM `dakanum` WHERE ( staff_id = '4' and month = '12' )  [ RunTime:0.4890s ]
SQL: SELECT * FROM `dakanum` WHERE ( staff_id = '5' and month = '1' )  [ RunTime:0.4790s ]
SQL: SELECT * FROM `dakanum` WHERE ( staff_id = '5' and month = '2' )  [ RunTime:0.0500s ]
SQL: SELECT * FROM `dakanum` WHERE ( staff_id = '5' and month = '3' )  [ RunTime:0.1270s ]
SQL: SELECT * FROM `dakanum` WHERE ( staff_id = '5' and month = '4' )  [ RunTime:0.2110s ]
SQL: SELECT * FROM `dakanum` WHERE ( staff_id = '5' and month = '5' )  [ RunTime:0.0570s ]
SQL: SELECT * FROM `dakanum` WHERE ( staff_id = '5' and month = '6' )  [ RunTime:0.0440s ]
SQL: SELECT * FROM `dakanum` WHERE ( staff_id = '5' and month = '7' )  [ RunTime:0.0450s ]
SQL: SELECT * FROM `dakanum` WHERE ( staff_id = '5' and month = '8' )  [ RunTime:0.0560s ]
SQL: SELECT * FROM `dakanum` WHERE ( staff_id = '5' and month = '9' )  [ RunTime:0.0520s ]
SQL: SELECT * FROM `dakanum` WHERE ( staff_id = '5' and month = '10' )  [ RunTime:0.0490s ]
SQL: SELECT * FROM `dakanum` WHERE ( staff_id = '5' and month = '11' )  [ RunTime:0.0560s ]
SQL: SELECT * FROM `dakanum` WHERE ( staff_id = '5' and month = '12' )  [ RunTime:0.0500s ]
SQL: SELECT * FROM `dakanum` WHERE ( staff_id = '6' and month = '1' )  [ RunTime:0.3500s ]
SQL: SELECT * FROM `dakanum` WHERE ( staff_id = '6' and month = '2' )  [ RunTime:0.0480s ]
SQL: SELECT * FROM `dakanum` WHERE ( staff_id = '6' and month = '3' )  [ RunTime:0.0460s ]
SQL: SELECT * FROM `dakanum` WHERE ( staff_id = '6' and month = '4' )  [ RunTime:0.0370s ]
SQL: SELECT * FROM `dakanum` WHERE ( staff_id = '6' and month = '5' )  [ RunTime:0.0400s ]
SQL: SELECT * FROM `dakanum` WHERE ( staff_id = '6' and month = '6' )  [ RunTime:0.0450s ]
SQL: SELECT * FROM `dakanum` WHERE ( staff_id = '6' and month = '7' )  [ RunTime:0.0530s ]
SQL: SELECT * FROM `dakanum` WHERE ( staff_id = '6' and month = '8' )  [ RunTime:0.0350s ]
SQL: SELECT * FROM `dakanum` WHERE ( staff_id = '6' and month = '9' )  [ RunTime:0.0470s ]
SQL: SELECT * FROM `dakanum` WHERE ( staff_id = '6' and month = '10' )  [ RunTime:0.0550s ]
SQL: SELECT * FROM `dakanum` WHERE ( staff_id = '6' and month = '11' )  [ RunTime:0.0510s ]
SQL: SELECT * FROM `dakanum` WHERE ( staff_id = '6' and month = '12' )  [ RunTime:0.0480s ]
SQL: SELECT * FROM `dakanum` WHERE ( staff_id = '7' and month = '1' )  [ RunTime:0.0420s ]
SQL: SELECT * FROM `dakanum` WHERE ( staff_id = '7' and month = '2' )  [ RunTime:0.0490s ]
SQL: SELECT * FROM `dakanum` WHERE ( staff_id = '7' and month = '3' )  [ RunTime:0.0450s ]
SQL: SELECT * FROM `dakanum` WHERE ( staff_id = '7' and month = '4' )  [ RunTime:0.0340s ]
SQL: SELECT * FROM `dakanum` WHERE ( staff_id = '7' and month = '5' )  [ RunTime:0.0420s ]
SQL: SELECT * FROM `dakanum` WHERE ( staff_id = '7' and month = '6' )  [ RunTime:0.0450s ]
SQL: SELECT * FROM `dakanum` WHERE ( staff_id = '7' and month = '7' )  [ RunTime:0.0460s ]
SQL: SELECT * FROM `dakanum` WHERE ( staff_id = '7' and month = '8' )  [ RunTime:0.0470s ]
SQL: SELECT * FROM `dakanum` WHERE ( staff_id = '7' and month = '9' )  [ RunTime:0.0420s ]
SQL: SELECT * FROM `dakanum` WHERE ( staff_id = '7' and month = '10' )  [ RunTime:0.1080s ]
SQL: SELECT * FROM `dakanum` WHERE ( staff_id = '7' and month = '11' )  [ RunTime:0.1150s ]
SQL: SELECT * FROM `dakanum` WHERE ( staff_id = '7' and month = '12' )  [ RunTime:0.8020s ]
SQL: SELECT * FROM `dakanum` WHERE ( staff_id = '33' and month = '1' )  [ RunTime:0.0440s ]
SQL: SELECT * FROM `dakanum` WHERE ( staff_id = '33' and month = '2' )  [ RunTime:0.0470s ]
SQL: SELECT * FROM `dakanum` WHERE ( staff_id = '33' and month = '3' )  [ RunTime:0.0420s ]
SQL: SELECT * FROM `dakanum` WHERE ( staff_id = '33' and month = '4' )  [ RunTime:0.0420s ]
SQL: SELECT * FROM `dakanum` WHERE ( staff_id = '33' and month = '5' )  [ RunTime:0.0490s ]
SQL: SELECT * FROM `dakanum` WHERE ( staff_id = '33' and month = '6' )  [ RunTime:0.3000s ]
SQL: SELECT * FROM `dakanum` WHERE ( staff_id = '33' and month = '7' )  [ RunTime:0.0420s ]
SQL: SELECT * FROM `dakanum` WHERE ( staff_id = '33' and month = '8' )  [ RunTime:0.0380s ]
SQL: SELECT * FROM `dakanum` WHERE ( staff_id = '33' and month = '9' )  [ RunTime:0.0400s ]
SQL: SELECT * FROM `dakanum` WHERE ( staff_id = '33' and month = '10' )  [ RunTime:0.7880s ]
SQL: SELECT * FROM `dakanum` WHERE ( staff_id = '33' and month = '11' )  [ RunTime:0.0390s ]
SQL: SELECT * FROM `dakanum` WHERE ( staff_id = '33' and month = '12' )  [ RunTime:0.0340s ]
SQL: SELECT * FROM `dakanum` WHERE ( staff_id = '34' and month = '1' )  [ RunTime:0.0440s ]
SQL: SELECT * FROM `dakanum` WHERE ( staff_id = '34' and month = '2' )  [ RunTime:0.0520s ]
SQL: SELECT * FROM `dakanum` WHERE ( staff_id = '34' and month = '3' )  [ RunTime:0.0490s ]
SQL: SELECT * FROM `dakanum` WHERE ( staff_id = '34' and month = '4' )  [ RunTime:0.0710s ]
SQL: SELECT * FROM `dakanum` WHERE ( staff_id = '34' and month = '5' )  [ RunTime:0.0360s ]
SQL: SELECT * FROM `dakanum` WHERE ( staff_id = '34' and month = '6' )  [ RunTime:0.0480s ]
SQL: SELECT * FROM `dakanum` WHERE ( staff_id = '34' and month = '7' )  [ RunTime:0.3060s ]
SQL: SELECT * FROM `dakanum` WHERE ( staff_id = '34' and month = '8' )  [ RunTime:0.0620s ]
SQL: SELECT * FROM `dakanum` WHERE ( staff_id = '34' and month = '9' )  [ RunTime:0.0490s ]
SQL: SELECT * FROM `dakanum` WHERE ( staff_id = '34' and month = '10' )  [ RunTime:0.3050s ]
SQL: SELECT * FROM `dakanum` WHERE ( staff_id = '34' and month = '11' )  [ RunTime:0.0440s ]
SQL: SELECT * FROM `dakanum` WHERE ( staff_id = '34' and month = '12' )  [ RunTime:0.0330s ]
SQL: SELECT * FROM `dakanum` WHERE ( staff_id = '35' and month = '1' )  [ RunTime:0.0360s ]
SQL: SELECT * FROM `dakanum` WHERE ( staff_id = '35' and month = '2' )  [ RunTime:0.0810s ]
SQL: SELECT * FROM `dakanum` WHERE ( staff_id = '35' and month = '3' )  [ RunTime:0.0500s ]
SQL: SELECT * FROM `dakanum` WHERE ( staff_id = '35' and month = '4' )  [ RunTime:0.0480s ]
SQL: SELECT * FROM `dakanum` WHERE ( staff_id = '35' and month = '5' )  [ RunTime:0.0450s ]
SQL: SELECT * FROM `dakanum` WHERE ( staff_id = '35' and month = '6' )  [ RunTime:0.0440s ]
SQL: SELECT * FROM `dakanum` WHERE ( staff_id = '35' and month = '7' )  [ RunTime:0.0420s ]
SQL: SELECT * FROM `dakanum` WHERE ( staff_id = '35' and month = '8' )  [ RunTime:0.0570s ]
SQL: SELECT * FROM `dakanum` WHERE ( staff_id = '35' and month = '9' )  [ RunTime:0.0490s ]
SQL: SELECT * FROM `dakanum` WHERE ( staff_id = '35' and month = '10' )  [ RunTime:0.0480s ]
SQL: SELECT * FROM `dakanum` WHERE ( staff_id = '35' and month = '11' )  [ RunTime:0.0430s ]
SQL: SELECT * FROM `dakanum` WHERE ( staff_id = '35' and month = '12' )  [ RunTime:0.0470s ]
INFO: [ view_parse ] --START--
INFO: [ template_filter ] --START--
INFO: Run Behavior\ContentReplaceBehavior [ RunTime:0.000000s ]
INFO: [ template_filter ] --END-- [ RunTime:0.000000s ]
NOTIC: [8] Undefined variable: search D:\WWW\progect\drivingSchool\admin\Runtime\Cache\Home\10ef1fdb913a8400bda9c2fab8ebc1d9.php 第 19 行.
NOTIC: [8] Undefined variable: search D:\WWW\progect\drivingSchool\admin\Runtime\Cache\Home\10ef1fdb913a8400bda9c2fab8ebc1d9.php 第 23 行.
NOTIC: [8] Undefined offset: 0 D:\WWW\progect\drivingSchool\admin\Runtime\Cache\Home\10ef1fdb913a8400bda9c2fab8ebc1d9.php 第 40 行.
NOTIC: [8] Undefined offset: 0 D:\WWW\progect\drivingSchool\admin\Runtime\Cache\Home\10ef1fdb913a8400bda9c2fab8ebc1d9.php 第 40 行.
NOTIC: [8] Undefined offset: 0 D:\WWW\progect\drivingSchool\admin\Runtime\Cache\Home\10ef1fdb913a8400bda9c2fab8ebc1d9.php 第 40 行.
NOTIC: [8] Undefined offset: 0 D:\WWW\progect\drivingSchool\admin\Runtime\Cache\Home\10ef1fdb913a8400bda9c2fab8ebc1d9.php 第 40 行.
NOTIC: [8] Undefined offset: 0 D:\WWW\progect\drivingSchool\admin\Runtime\Cache\Home\10ef1fdb913a8400bda9c2fab8ebc1d9.php 第 40 行.
NOTIC: [8] Undefined offset: 0 D:\WWW\progect\drivingSchool\admin\Runtime\Cache\Home\10ef1fdb913a8400bda9c2fab8ebc1d9.php 第 40 行.
NOTIC: [8] Undefined offset: 0 D:\WWW\progect\drivingSchool\admin\Runtime\Cache\Home\10ef1fdb913a8400bda9c2fab8ebc1d9.php 第 40 行.
NOTIC: [8] Undefined offset: 0 D:\WWW\progect\drivingSchool\admin\Runtime\Cache\Home\10ef1fdb913a8400bda9c2fab8ebc1d9.php 第 40 行.
NOTIC: [8] Undefined offset: 0 D:\WWW\progect\drivingSchool\admin\Runtime\Cache\Home\10ef1fdb913a8400bda9c2fab8ebc1d9.php 第 40 行.
NOTIC: [8] Undefined offset: 0 D:\WWW\progect\drivingSchool\admin\Runtime\Cache\Home\10ef1fdb913a8400bda9c2fab8ebc1d9.php 第 40 行.
NOTIC: [8] Undefined offset: 0 D:\WWW\progect\drivingSchool\admin\Runtime\Cache\Home\10ef1fdb913a8400bda9c2fab8ebc1d9.php 第 40 行.
NOTIC: [8] Undefined offset: 0 D:\WWW\progect\drivingSchool\admin\Runtime\Cache\Home\10ef1fdb913a8400bda9c2fab8ebc1d9.php 第 40 行.
NOTIC: [8] Undefined offset: 0 D:\WWW\progect\drivingSchool\admin\Runtime\Cache\Home\10ef1fdb913a8400bda9c2fab8ebc1d9.php 第 40 行.
NOTIC: [8] Undefined offset: 0 D:\WWW\progect\drivingSchool\admin\Runtime\Cache\Home\10ef1fdb913a8400bda9c2fab8ebc1d9.php 第 40 行.
NOTIC: [8] Undefined offset: 0 D:\WWW\progect\drivingSchool\admin\Runtime\Cache\Home\10ef1fdb913a8400bda9c2fab8ebc1d9.php 第 40 行.
NOTIC: [8] Undefined offset: 0 D:\WWW\progect\drivingSchool\admin\Runtime\Cache\Home\10ef1fdb913a8400bda9c2fab8ebc1d9.php 第 40 行.
NOTIC: [8] Undefined offset: 0 D:\WWW\progect\drivingSchool\admin\Runtime\Cache\Home\10ef1fdb913a8400bda9c2fab8ebc1d9.php 第 40 行.
NOTIC: [8] Undefined offset: 0 D:\WWW\progect\drivingSchool\admin\Runtime\Cache\Home\10ef1fdb913a8400bda9c2fab8ebc1d9.php 第 40 行.
NOTIC: [8] Undefined offset: 0 D:\WWW\progect\drivingSchool\admin\Runtime\Cache\Home\10ef1fdb913a8400bda9c2fab8ebc1d9.php 第 40 行.
NOTIC: [8] Undefined offset: 0 D:\WWW\progect\drivingSchool\admin\Runtime\Cache\Home\10ef1fdb913a8400bda9c2fab8ebc1d9.php 第 40 行.
NOTIC: [8] Undefined offset: 0 D:\WWW\progect\drivingSchool\admin\Runtime\Cache\Home\10ef1fdb913a8400bda9c2fab8ebc1d9.php 第 40 行.
NOTIC: [8] Undefined offset: 0 D:\WWW\progect\drivingSchool\admin\Runtime\Cache\Home\10ef1fdb913a8400bda9c2fab8ebc1d9.php 第 40 行.
NOTIC: [8] Undefined offset: 0 D:\WWW\progect\drivingSchool\admin\Runtime\Cache\Home\10ef1fdb913a8400bda9c2fab8ebc1d9.php 第 40 行.
NOTIC: [8] Undefined offset: 0 D:\WWW\progect\drivingSchool\admin\Runtime\Cache\Home\10ef1fdb913a8400bda9c2fab8ebc1d9.php 第 40 行.
NOTIC: [8] Undefined offset: 0 D:\WWW\progect\drivingSchool\admin\Runtime\Cache\Home\10ef1fdb913a8400bda9c2fab8ebc1d9.php 第 40 行.
NOTIC: [8] Undefined offset: 0 D:\WWW\progect\drivingSchool\admin\Runtime\Cache\Home\10ef1fdb913a8400bda9c2fab8ebc1d9.php 第 40 行.
NOTIC: [8] Undefined offset: 0 D:\WWW\progect\drivingSchool\admin\Runtime\Cache\Home\10ef1fdb913a8400bda9c2fab8ebc1d9.php 第 40 行.
NOTIC: [8] Undefined offset: 0 D:\WWW\progect\drivingSchool\admin\Runtime\Cache\Home\10ef1fdb913a8400bda9c2fab8ebc1d9.php 第 40 行.
NOTIC: [8] Undefined offset: 0 D:\WWW\progect\drivingSchool\admin\Runtime\Cache\Home\10ef1fdb913a8400bda9c2fab8ebc1d9.php 第 40 行.
NOTIC: [8] Undefined offset: 0 D:\WWW\progect\drivingSchool\admin\Runtime\Cache\Home\10ef1fdb913a8400bda9c2fab8ebc1d9.php 第 40 行.
NOTIC: [8] Undefined offset: 0 D:\WWW\progect\drivingSchool\admin\Runtime\Cache\Home\10ef1fdb913a8400bda9c2fab8ebc1d9.php 第 40 行.
NOTIC: [8] Undefined offset: 0 D:\WWW\progect\drivingSchool\admin\Runtime\Cache\Home\10ef1fdb913a8400bda9c2fab8ebc1d9.php 第 40 行.
NOTIC: [8] Undefined offset: 0 D:\WWW\progect\drivingSchool\admin\Runtime\Cache\Home\10ef1fdb913a8400bda9c2fab8ebc1d9.php 第 40 行.
NOTIC: [8] Undefined offset: 0 D:\WWW\progect\drivingSchool\admin\Runtime\Cache\Home\10ef1fdb913a8400bda9c2fab8ebc1d9.php 第 40 行.
NOTIC: [8] Undefined offset: 0 D:\WWW\progect\drivingSchool\admin\Runtime\Cache\Home\10ef1fdb913a8400bda9c2fab8ebc1d9.php 第 40 行.
NOTIC: [8] Undefined offset: 0 D:\WWW\progect\drivingSchool\admin\Runtime\Cache\Home\10ef1fdb913a8400bda9c2fab8ebc1d9.php 第 40 行.
NOTIC: [8] Undefined offset: 0 D:\WWW\progect\drivingSchool\admin\Runtime\Cache\Home\10ef1fdb913a8400bda9c2fab8ebc1d9.php 第 40 行.
NOTIC: [8] Undefined offset: 0 D:\WWW\progect\drivingSchool\admin\Runtime\Cache\Home\10ef1fdb913a8400bda9c2fab8ebc1d9.php 第 40 行.
NOTIC: [8] Undefined offset: 0 D:\WWW\progect\drivingSchool\admin\Runtime\Cache\Home\10ef1fdb913a8400bda9c2fab8ebc1d9.php 第 40 行.
NOTIC: [8] Undefined offset: 0 D:\WWW\progect\drivingSchool\admin\Runtime\Cache\Home\10ef1fdb913a8400bda9c2fab8ebc1d9.php 第 40 行.
NOTIC: [8] Undefined offset: 0 D:\WWW\progect\drivingSchool\admin\Runtime\Cache\Home\10ef1fdb913a8400bda9c2fab8ebc1d9.php 第 40 行.
NOTIC: [8] Undefined offset: 0 D:\WWW\progect\drivingSchool\admin\Runtime\Cache\Home\10ef1fdb913a8400bda9c2fab8ebc1d9.php 第 40 行.
NOTIC: [8] Undefined offset: 0 D:\WWW\progect\drivingSchool\admin\Runtime\Cache\Home\10ef1fdb913a8400bda9c2fab8ebc1d9.php 第 40 行.
NOTIC: [8] Undefined offset: 0 D:\WWW\progect\drivingSchool\admin\Runtime\Cache\Home\10ef1fdb913a8400bda9c2fab8ebc1d9.php 第 40 行.
NOTIC: [8] Undefined offset: 0 D:\WWW\progect\drivingSchool\admin\Runtime\Cache\Home\10ef1fdb913a8400bda9c2fab8ebc1d9.php 第 40 行.
NOTIC: [8] Undefined offset: 0 D:\WWW\progect\drivingSchool\admin\Runtime\Cache\Home\10ef1fdb913a8400bda9c2fab8ebc1d9.php 第 40 行.
NOTIC: [8] Undefined offset: 0 D:\WWW\progect\drivingSchool\admin\Runtime\Cache\Home\10ef1fdb913a8400bda9c2fab8ebc1d9.php 第 40 行.
NOTIC: [8] Undefined offset: 0 D:\WWW\progect\drivingSchool\admin\Runtime\Cache\Home\10ef1fdb913a8400bda9c2fab8ebc1d9.php 第 40 行.
NOTIC: [8] Undefined offset: 0 D:\WWW\progect\drivingSchool\admin\Runtime\Cache\Home\10ef1fdb913a8400bda9c2fab8ebc1d9.php 第 40 行.
NOTIC: [8] Undefined offset: 0 D:\WWW\progect\drivingSchool\admin\Runtime\Cache\Home\10ef1fdb913a8400bda9c2fab8ebc1d9.php 第 40 行.
NOTIC: [8] Undefined offset: 0 D:\WWW\progect\drivingSchool\admin\Runtime\Cache\Home\10ef1fdb913a8400bda9c2fab8ebc1d9.php 第 40 行.
NOTIC: [8] Undefined offset: 0 D:\WWW\progect\drivingSchool\admin\Runtime\Cache\Home\10ef1fdb913a8400bda9c2fab8ebc1d9.php 第 40 行.
NOTIC: [8] Undefined offset: 0 D:\WWW\progect\drivingSchool\admin\Runtime\Cache\Home\10ef1fdb913a8400bda9c2fab8ebc1d9.php 第 40 行.
NOTIC: [8] Undefined offset: 0 D:\WWW\progect\drivingSchool\admin\Runtime\Cache\Home\10ef1fdb913a8400bda9c2fab8ebc1d9.php 第 40 行.
NOTIC: [8] Undefined offset: 0 D:\WWW\progect\drivingSchool\admin\Runtime\Cache\Home\10ef1fdb913a8400bda9c2fab8ebc1d9.php 第 40 行.
NOTIC: [8] Undefined offset: 0 D:\WWW\progect\drivingSchool\admin\Runtime\Cache\Home\10ef1fdb913a8400bda9c2fab8ebc1d9.php 第 40 行.
NOTIC: [8] Undefined offset: 0 D:\WWW\progect\drivingSchool\admin\Runtime\Cache\Home\10ef1fdb913a8400bda9c2fab8ebc1d9.php 第 40 行.
NOTIC: [8] Undefined offset: 0 D:\WWW\progect\drivingSchool\admin\Runtime\Cache\Home\10ef1fdb913a8400bda9c2fab8ebc1d9.php 第 40 行.
NOTIC: [8] Undefined offset: 0 D:\WWW\progect\drivingSchool\admin\Runtime\Cache\Home\10ef1fdb913a8400bda9c2fab8ebc1d9.php 第 40 行.
NOTIC: [8] Undefined offset: 0 D:\WWW\progect\drivingSchool\admin\Runtime\Cache\Home\10ef1fdb913a8400bda9c2fab8ebc1d9.php 第 40 行.
NOTIC: [8] Undefined offset: 0 D:\WWW\progect\drivingSchool\admin\Runtime\Cache\Home\10ef1fdb913a8400bda9c2fab8ebc1d9.php 第 40 行.
NOTIC: [8] Undefined offset: 0 D:\WWW\progect\drivingSchool\admin\Runtime\Cache\Home\10ef1fdb913a8400bda9c2fab8ebc1d9.php 第 40 行.
NOTIC: [8] Undefined offset: 0 D:\WWW\progect\drivingSchool\admin\Runtime\Cache\Home\10ef1fdb913a8400bda9c2fab8ebc1d9.php 第 40 行.
NOTIC: [8] Undefined offset: 0 D:\WWW\progect\drivingSchool\admin\Runtime\Cache\Home\10ef1fdb913a8400bda9c2fab8ebc1d9.php 第 40 行.
NOTIC: [8] Undefined offset: 0 D:\WWW\progect\drivingSchool\admin\Runtime\Cache\Home\10ef1fdb913a8400bda9c2fab8ebc1d9.php 第 40 行.
NOTIC: [8] Undefined offset: 0 D:\WWW\progect\drivingSchool\admin\Runtime\Cache\Home\10ef1fdb913a8400bda9c2fab8ebc1d9.php 第 40 行.
NOTIC: [8] Undefined offset: 0 D:\WWW\progect\drivingSchool\admin\Runtime\Cache\Home\10ef1fdb913a8400bda9c2fab8ebc1d9.php 第 40 行.
NOTIC: [8] Undefined offset: 0 D:\WWW\progect\drivingSchool\admin\Runtime\Cache\Home\10ef1fdb913a8400bda9c2fab8ebc1d9.php 第 40 行.
NOTIC: [8] Undefined offset: 0 D:\WWW\progect\drivingSchool\admin\Runtime\Cache\Home\10ef1fdb913a8400bda9c2fab8ebc1d9.php 第 40 行.
NOTIC: [8] Undefined offset: 0 D:\WWW\progect\drivingSchool\admin\Runtime\Cache\Home\10ef1fdb913a8400bda9c2fab8ebc1d9.php 第 40 行.
NOTIC: [8] Undefined offset: 0 D:\WWW\progect\drivingSchool\admin\Runtime\Cache\Home\10ef1fdb913a8400bda9c2fab8ebc1d9.php 第 40 行.
NOTIC: [8] Undefined offset: 0 D:\WWW\progect\drivingSchool\admin\Runtime\Cache\Home\10ef1fdb913a8400bda9c2fab8ebc1d9.php 第 40 行.
NOTIC: [8] Undefined offset: 0 D:\WWW\progect\drivingSchool\admin\Runtime\Cache\Home\10ef1fdb913a8400bda9c2fab8ebc1d9.php 第 40 行.
NOTIC: [8] Undefined offset: 0 D:\WWW\progect\drivingSchool\admin\Runtime\Cache\Home\10ef1fdb913a8400bda9c2fab8ebc1d9.php 第 40 行.
NOTIC: [8] Undefined offset: 0 D:\WWW\progect\drivingSchool\admin\Runtime\Cache\Home\10ef1fdb913a8400bda9c2fab8ebc1d9.php 第 40 行.
NOTIC: [8] Undefined offset: 0 D:\WWW\progect\drivingSchool\admin\Runtime\Cache\Home\10ef1fdb913a8400bda9c2fab8ebc1d9.php 第 40 行.
INFO: Run Behavior\ParseTemplateBehavior [ RunTime:0.027002s ]
INFO: [ view_parse ] --END-- [ RunTime:0.027002s ]
INFO: [ view_filter ] --START--
INFO: Run Behavior\WriteHtmlCacheBehavior [ RunTime:0.001000s ]
INFO: [ view_filter ] --END-- [ RunTime:0.001000s ]
INFO: [ app_end ] --START--
INFO: Run Behavior\ShowPageTraceBehavior [ RunTime:0.002000s ]
INFO: [ app_end ] --END-- [ RunTime:0.002000s ]

[ 2016-04-27T16:26:34+08:00 ] 127.0.0.1 /progect/drivingSchool/index.php/Home/Staff/leave
INFO: [ app_init ] --START--
INFO: Run Behavior\BuildLiteBehavior [ RunTime:0.000000s ]
INFO: [ app_init ] --END-- [ RunTime:0.001000s ]
INFO: [ app_begin ] --START--
INFO: Run Behavior\ReadHtmlCacheBehavior [ RunTime:0.001000s ]
INFO: [ app_begin ] --END-- [ RunTime:0.001000s ]
NOTIC: [2048] Declaration of Home\Controller\StaffController::show() should be compatible with Think\Controller::show($content, $charset = '', $contentType = '', $prefix = '') D:\WWW\progect\drivingSchool\admin\Home\Controller\StaffController.class.php 第 225 行.
SQL: SHOW COLUMNS FROM `staff` [ RunTime:0.1730s ]
SQL: SELECT * FROM `staff` INNER JOIN staff_leave on staff.staff_id = staff_leave.work_id  WHERE ( staff.role_id in (1,4,5,6) )  [ RunTime:0.1790s ]
INFO: [ view_parse ] --START--
INFO: [ template_filter ] --START--
INFO: Run Behavior\ContentReplaceBehavior [ RunTime:0.000000s ]
INFO: [ template_filter ] --END-- [ RunTime:0.000000s ]
NOTIC: [8] Undefined variable: search D:\WWW\progect\drivingSchool\admin\Runtime\Cache\Home\6118d72b34788c9771c50dd879f59fa2.php 第 17 行.
NOTIC: [8] Undefined variable: search D:\WWW\progect\drivingSchool\admin\Runtime\Cache\Home\6118d72b34788c9771c50dd879f59fa2.php 第 21 行.
NOTIC: [8] Undefined variable: search D:\WWW\progect\drivingSchool\admin\Runtime\Cache\Home\6118d72b34788c9771c50dd879f59fa2.php 第 25 行.
NOTIC: [8] Undefined variable: search D:\WWW\progect\drivingSchool\admin\Runtime\Cache\Home\6118d72b34788c9771c50dd879f59fa2.php 第 29 行.
INFO: Run Behavior\ParseTemplateBehavior [ RunTime:0.026001s ]
INFO: [ view_parse ] --END-- [ RunTime:0.026001s ]
INFO: [ view_filter ] --START--
INFO: Run Behavior\WriteHtmlCacheBehavior [ RunTime:0.001000s ]
INFO: [ view_filter ] --END-- [ RunTime:0.001000s ]
INFO: [ app_end ] --START--
INFO: Run Behavior\ShowPageTraceBehavior [ RunTime:0.000000s ]
INFO: [ app_end ] --END-- [ RunTime:0.000000s ]

[ 2016-04-27T18:15:47+08:00 ] 127.0.0.1 /progect/drivingSchool/
INFO: [ app_init ] --START--
INFO: Run Behavior\BuildLiteBehavior [ RunTime:0.000000s ]
INFO: [ app_init ] --END-- [ RunTime:0.002500s ]
INFO: [ app_begin ] --START--
INFO: Run Behavior\ReadHtmlCacheBehavior [ RunTime:0.000000s ]
INFO: [ app_begin ] --END-- [ RunTime:0.000000s ]
INFO: [ view_parse ] --START--
INFO: [ template_filter ] --START--
INFO: Run Behavior\ContentReplaceBehavior [ RunTime:0.000000s ]
INFO: [ template_filter ] --END-- [ RunTime:0.000000s ]
INFO: Run Behavior\ParseTemplateBehavior [ RunTime:0.031501s ]
INFO: [ view_parse ] --END-- [ RunTime:0.031501s ]
INFO: [ view_filter ] --START--
INFO: Run Behavior\WriteHtmlCacheBehavior [ RunTime:0.002500s ]
INFO: [ view_filter ] --END-- [ RunTime:0.002500s ]
INFO: [ app_end ] --START--
INFO: Run Behavior\ShowPageTraceBehavior [ RunTime:0.000000s ]
INFO: [ app_end ] --END-- [ RunTime:0.000000s ]

[ 2016-04-27T18:15:52+08:00 ] 127.0.0.1 /progect/drivingSchool/index.php/Home/Index/index
INFO: [ app_init ] --START--
INFO: Run Behavior\BuildLiteBehavior [ RunTime:0.000000s ]
INFO: [ app_init ] --END-- [ RunTime:0.002500s ]
INFO: [ app_begin ] --START--
INFO: Run Behavior\ReadHtmlCacheBehavior [ RunTime:0.001000s ]
INFO: [ app_begin ] --END-- [ RunTime:0.001000s ]
ERR: SQLSTATE[HY000] [2002] ׽ֲһ޷ӵ


[ 2016-04-27T18:15:57+08:00 ] 127.0.0.1 /progect/drivingSchool/index.php/Home/Index/index
INFO: [ app_init ] --START--
INFO: Run Behavior\BuildLiteBehavior [ RunTime:0.000000s ]
INFO: [ app_init ] --END-- [ RunTime:0.000000s ]
INFO: [ app_begin ] --START--
INFO: Run Behavior\ReadHtmlCacheBehavior [ RunTime:0.000000s ]
INFO: [ app_begin ] --END-- [ RunTime:0.000000s ]
ERR: SQLSTATE[HY000] [2002] ׽ֲһ޷ӵ


[ 2016-04-27T18:16:13+08:00 ] 127.0.0.1 /progect/drivingSchool/index.php/Home/Index/index
INFO: [ app_init ] --START--
INFO: Run Behavior\BuildLiteBehavior [ RunTime:0.000000s ]
INFO: [ app_init ] --END-- [ RunTime:0.000000s ]
INFO: [ app_begin ] --START--
INFO: Run Behavior\ReadHtmlCacheBehavior [ RunTime:0.002500s ]
INFO: [ app_begin ] --END-- [ RunTime:0.002500s ]
ERR: SQLSTATE[HY000] [2002] ׽ֲһ޷ӵ


[ 2016-04-27T18:16:25+08:00 ] 127.0.0.1 /progect/drivingSchool/
INFO: [ app_init ] --START--
INFO: Run Behavior\BuildLiteBehavior [ RunTime:0.000000s ]
INFO: [ app_init ] --END-- [ RunTime:0.000000s ]
INFO: [ app_begin ] --START--
INFO: Run Behavior\ReadHtmlCacheBehavior [ RunTime:0.000000s ]
INFO: [ app_begin ] --END-- [ RunTime:0.000000s ]
INFO: [ view_parse ] --START--
INFO: [ template_filter ] --START--
INFO: Run Behavior\ContentReplaceBehavior [ RunTime:0.000000s ]
INFO: [ template_filter ] --END-- [ RunTime:0.000000s ]
INFO: Run Behavior\ParseTemplateBehavior [ RunTime:0.010000s ]
INFO: [ view_parse ] --END-- [ RunTime:0.010000s ]
INFO: [ view_filter ] --START--
INFO: Run Behavior\WriteHtmlCacheBehavior [ RunTime:0.000000s ]
INFO: [ view_filter ] --END-- [ RunTime:0.000000s ]
INFO: [ app_end ] --START--
INFO: Run Behavior\ShowPageTraceBehavior [ RunTime:0.002500s ]
INFO: [ app_end ] --END-- [ RunTime:0.002500s ]

