[ 2016-04-22T08:01:32+08:00 ] 127.0.0.1 /progect/drivingSchool/
INFO: [ app_init ] --START--
INFO: Run Behavior\BuildLiteBehavior [ RunTime:0.000000s ]
INFO: [ app_init ] --END-- [ RunTime:0.001000s ]
INFO: [ app_begin ] --START--
INFO: Run Behavior\ReadHtmlCacheBehavior [ RunTime:0.001000s ]
INFO: [ app_begin ] --END-- [ RunTime:0.001000s ]
INFO: [ view_parse ] --START--
INFO: [ template_filter ] --START--
INFO: Run Behavior\ContentReplaceBehavior [ RunTime:0.000000s ]
INFO: [ template_filter ] --END-- [ RunTime:0.000000s ]
INFO: Run Behavior\ParseTemplateBehavior [ RunTime:0.030002s ]
INFO: [ view_parse ] --END-- [ RunTime:0.030002s ]
INFO: [ view_filter ] --START--
INFO: Run Behavior\WriteHtmlCacheBehavior [ RunTime:0.001000s ]
INFO: [ view_filter ] --END-- [ RunTime:0.001000s ]
INFO: [ app_end ] --START--
INFO: Run Behavior\ShowPageTraceBehavior [ RunTime:0.001000s ]
INFO: [ app_end ] --END-- [ RunTime:0.001000s ]

[ 2016-04-22T08:01:38+08:00 ] 127.0.0.1 /progect/drivingSchool/index.php/Home/Index/index
INFO: [ app_init ] --START--
INFO: Run Behavior\BuildLiteBehavior [ RunTime:0.000000s ]
INFO: [ app_init ] --END-- [ RunTime:0.001000s ]
INFO: [ app_begin ] --START--
INFO: Run Behavior\ReadHtmlCacheBehavior [ RunTime:0.001000s ]
INFO: [ app_begin ] --END-- [ RunTime:0.001000s ]
SQL: SHOW COLUMNS FROM `admin` [ RunTime:0.0430s ]
SQL: SHOW COLUMNS FROM `admin` [ RunTime:0.0130s ]
SQL: SELECT * FROM `admin` WHERE `admin_name` = '张捷' AND `admin_pwd` = '3c4bbe2658f1df10ef6b4c38a8e614f59a96455807d39326bef7f0deb28374ff'  [ RunTime:0.0130s ]
NOTIC: [8] Undefined index: checkbox D:\WWW\progect\drivingSchool\admin\Home\Controller\IndexController.class.php 第 37 行.
SQL: SHOW COLUMNS FROM `admin` [ RunTime:0.0390s ]
SQL: SHOW COLUMNS FROM `admin` [ RunTime:0.0670s ]
SQL: SELECT * FROM `admin` INNER JOIN admin_role ON admin.admin_id = admin_role.admin_id INNER JOIN role ON admin_role.role_id = role.role_id  WHERE ( admin_role.admin_id=4 )  [ RunTime:0.0370s ]
SQL: SHOW COLUMNS FROM `role` [ RunTime:0.0330s ]
SQL: SELECT * FROM `role` INNER JOIN role_privilege ON role.role_id = role_privilege.role_id INNER JOIN privilege ON role_privilege.privilege_id = privilege.privilege_id  WHERE ( role.role_id in(5) )  [ RunTime:0.0330s ]
SQL: SHOW COLUMNS FROM `privilege` [ RunTime:0.0440s ]
SQL: SELECT * FROM `privilege` WHERE ( parent_id =4 )  [ RunTime:0.0380s ]
SQL: SELECT * FROM `privilege` WHERE ( parent_id=19 )  [ RunTime:0.0210s ]
SQL: SELECT * FROM `privilege` WHERE ( parent_id=20 )  [ RunTime:0.0120s ]
SQL: SELECT * FROM `privilege` WHERE ( parent_id=21 )  [ RunTime:0.0080s ]
SQL: SELECT * FROM `privilege` WHERE ( parent_id=22 )  [ RunTime:0.0060s ]
NOTIC: [8] Undefined variable: rolename D:\WWW\progect\drivingSchool\admin\Home\Controller\IndexController.class.php 第 126 行.
NOTIC: [8] Undefined variable: roleid D:\WWW\progect\drivingSchool\admin\Home\Controller\IndexController.class.php 第 127 行.
INFO: [ view_parse ] --START--
INFO: [ template_filter ] --START--
INFO: Run Behavior\ContentReplaceBehavior [ RunTime:0.000000s ]
INFO: [ template_filter ] --END-- [ RunTime:0.000000s ]
INFO: Run Behavior\ParseTemplateBehavior [ RunTime:0.010001s ]
INFO: [ view_parse ] --END-- [ RunTime:0.010001s ]
INFO: [ view_filter ] --START--
INFO: Run Behavior\WriteHtmlCacheBehavior [ RunTime:0.001000s ]
INFO: [ view_filter ] --END-- [ RunTime:0.001000s ]
INFO: [ app_end ] --START--
INFO: Run Behavior\ShowPageTraceBehavior [ RunTime:0.001000s ]
INFO: [ app_end ] --END-- [ RunTime:0.001000s ]

[ 2016-04-22T08:01:38+08:00 ] 127.0.0.1 /progect/drivingSchool/index.php/Home/Index/top.html
INFO: [ app_init ] --START--
INFO: Run Behavior\BuildLiteBehavior [ RunTime:0.000000s ]
INFO: [ app_init ] --END-- [ RunTime:0.001000s ]
INFO: [ app_begin ] --START--
INFO: Run Behavior\ReadHtmlCacheBehavior [ RunTime:0.002000s ]
INFO: [ app_begin ] --END-- [ RunTime:0.002000s ]
INFO: [ view_parse ] --START--
INFO: [ template_filter ] --START--
INFO: Run Behavior\ContentReplaceBehavior [ RunTime:0.001000s ]
INFO: [ template_filter ] --END-- [ RunTime:0.001000s ]
INFO: Run Behavior\ParseTemplateBehavior [ RunTime:0.034002s ]
INFO: [ view_parse ] --END-- [ RunTime:0.034002s ]
INFO: [ view_filter ] --START--
INFO: Run Behavior\WriteHtmlCacheBehavior [ RunTime:0.000000s ]
INFO: [ view_filter ] --END-- [ RunTime:0.000000s ]
INFO: [ app_end ] --START--
INFO: Run Behavior\ShowPageTraceBehavior [ RunTime:0.001000s ]
INFO: [ app_end ] --END-- [ RunTime:0.001000s ]

[ 2016-04-22T08:01:39+08:00 ] 127.0.0.1 /progect/drivingSchool/index.php/Home/Index/showleft
INFO: [ app_init ] --START--
INFO: Run Behavior\BuildLiteBehavior [ RunTime:0.000000s ]
INFO: [ app_init ] --END-- [ RunTime:0.001000s ]
INFO: [ app_begin ] --START--
INFO: Run Behavior\ReadHtmlCacheBehavior [ RunTime:0.001000s ]
INFO: [ app_begin ] --END-- [ RunTime:0.001000s ]
NOTIC: [8] Undefined index: roleid D:\WWW\progect\drivingSchool\admin\Home\Controller\IndexController.class.php 第 151 行.
INFO: [ view_parse ] --START--
INFO: [ template_filter ] --START--
INFO: Run Behavior\ContentReplaceBehavior [ RunTime:0.000000s ]
INFO: [ template_filter ] --END-- [ RunTime:0.000000s ]
NOTIC: [8] Undefined index: roleid D:\WWW\progect\drivingSchool\admin\Runtime\Cache\Home\16b1d9df6df002234f513f89bfb9c844.php 第 82 行.
INFO: Run Behavior\ParseTemplateBehavior [ RunTime:0.025001s ]
INFO: [ view_parse ] --END-- [ RunTime:0.025001s ]
INFO: [ view_filter ] --START--
INFO: Run Behavior\WriteHtmlCacheBehavior [ RunTime:0.001000s ]
INFO: [ view_filter ] --END-- [ RunTime:0.001000s ]
INFO: [ app_end ] --START--
INFO: Run Behavior\ShowPageTraceBehavior [ RunTime:0.001000s ]
INFO: [ app_end ] --END-- [ RunTime:0.001000s ]

[ 2016-04-22T08:01:39+08:00 ] 127.0.0.1 /progect/drivingSchool/index.php/Home/Index/right.html
INFO: [ app_init ] --START--
INFO: Run Behavior\BuildLiteBehavior [ RunTime:0.000000s ]
INFO: [ app_init ] --END-- [ RunTime:0.002000s ]
INFO: [ app_begin ] --START--
INFO: Run Behavior\ReadHtmlCacheBehavior [ RunTime:0.002000s ]
INFO: [ app_begin ] --END-- [ RunTime:0.002000s ]
INFO: [ view_parse ] --START--
INFO: [ template_filter ] --START--
INFO: Run Behavior\ContentReplaceBehavior [ RunTime:0.000000s ]
INFO: [ template_filter ] --END-- [ RunTime:0.000000s ]
INFO: Run Behavior\ParseTemplateBehavior [ RunTime:0.034001s ]
INFO: [ view_parse ] --END-- [ RunTime:0.034001s ]
INFO: [ view_filter ] --START--
INFO: Run Behavior\WriteHtmlCacheBehavior [ RunTime:0.001001s ]
INFO: [ view_filter ] --END-- [ RunTime:0.001001s ]
INFO: [ app_end ] --START--
INFO: Run Behavior\ShowPageTraceBehavior [ RunTime:0.001000s ]
INFO: [ app_end ] --END-- [ RunTime:0.001000s ]

[ 2016-04-22T08:01:44+08:00 ] 127.0.0.1 /progect/drivingSchool/index.php/Home/Staff/leave
INFO: [ app_init ] --START--
INFO: Run Behavior\BuildLiteBehavior [ RunTime:0.000000s ]
INFO: [ app_init ] --END-- [ RunTime:0.001000s ]
INFO: [ app_begin ] --START--
INFO: Run Behavior\ReadHtmlCacheBehavior [ RunTime:0.001000s ]
INFO: [ app_begin ] --END-- [ RunTime:0.001000s ]
NOTIC: [2048] Declaration of Home\Controller\StaffController::show() should be compatible with Think\Controller::show($content, $charset = '', $contentType = '', $prefix = '') D:\WWW\progect\drivingSchool\admin\Home\Controller\StaffController.class.php 第 157 行.
SQL: SHOW COLUMNS FROM `staff` [ RunTime:0.0060s ]
SQL: SELECT * FROM `staff` INNER JOIN staff_leave on staff.staff_id = staff_leave.work_id  WHERE ( staff.role_id in (1,4,5,6) )  [ RunTime:0.0120s ]
INFO: [ view_parse ] --START--
INFO: [ template_filter ] --START--
INFO: Run Behavior\ContentReplaceBehavior [ RunTime:0.000000s ]
INFO: [ template_filter ] --END-- [ RunTime:0.000000s ]
NOTIC: [8] Undefined variable: search D:\WWW\progect\drivingSchool\admin\Runtime\Cache\Home\6118d72b34788c9771c50dd879f59fa2.php 第 17 行.
NOTIC: [8] Undefined variable: search D:\WWW\progect\drivingSchool\admin\Runtime\Cache\Home\6118d72b34788c9771c50dd879f59fa2.php 第 21 行.
NOTIC: [8] Undefined variable: search D:\WWW\progect\drivingSchool\admin\Runtime\Cache\Home\6118d72b34788c9771c50dd879f59fa2.php 第 25 行.
NOTIC: [8] Undefined variable: search D:\WWW\progect\drivingSchool\admin\Runtime\Cache\Home\6118d72b34788c9771c50dd879f59fa2.php 第 29 行.
INFO: Run Behavior\ParseTemplateBehavior [ RunTime:0.030002s ]
INFO: [ view_parse ] --END-- [ RunTime:0.031002s ]
INFO: [ view_filter ] --START--
INFO: Run Behavior\WriteHtmlCacheBehavior [ RunTime:0.000000s ]
INFO: [ view_filter ] --END-- [ RunTime:0.000000s ]
INFO: [ app_end ] --START--
INFO: Run Behavior\ShowPageTraceBehavior [ RunTime:0.002000s ]
INFO: [ app_end ] --END-- [ RunTime:0.002000s ]

[ 2016-04-22T08:01:47+08:00 ] 127.0.0.1 /progect/drivingSchool/index.php/Home/Staff/hours
INFO: [ app_init ] --START--
INFO: Run Behavior\BuildLiteBehavior [ RunTime:0.000000s ]
INFO: [ app_init ] --END-- [ RunTime:0.001000s ]
INFO: [ app_begin ] --START--
INFO: Run Behavior\ReadHtmlCacheBehavior [ RunTime:0.000000s ]
INFO: [ app_begin ] --END-- [ RunTime:0.000000s ]
NOTIC: [2048] Declaration of Home\Controller\StaffController::show() should be compatible with Think\Controller::show($content, $charset = '', $contentType = '', $prefix = '') D:\WWW\progect\drivingSchool\admin\Home\Controller\StaffController.class.php 第 157 行.
SQL: SHOW COLUMNS FROM `staff` [ RunTime:0.0700s ]
SQL: SHOW COLUMNS FROM `month` [ RunTime:0.0110s ]
SQL: SELECT * FROM `month`  [ RunTime:0.0200s ]
SQL: SHOW COLUMNS FROM `dakanum` [ RunTime:0.0580s ]
SQL: SELECT * FROM `month`  [ RunTime:0.1000s ]
SQL: SELECT * FROM `staff` WHERE ( role_id = 1 )  [ RunTime:0.0270s ]
SQL: SELECT * FROM `dakanum` WHERE ( staff_id = '5' and month = '1' )  [ RunTime:0.0190s ]
NOTIC: [8] Undefined offset: 0 D:\WWW\progect\drivingSchool\admin\Home\Model\StaffModel.class.php 第 571 行.
SQL: SELECT * FROM `dakanum` WHERE ( staff_id = '5' and month = '2' )  [ RunTime:0.0140s ]
NOTIC: [8] Undefined offset: 0 D:\WWW\progect\drivingSchool\admin\Home\Model\StaffModel.class.php 第 571 行.
SQL: SELECT * FROM `dakanum` WHERE ( staff_id = '5' and month = '3' )  [ RunTime:0.0090s ]
NOTIC: [8] Undefined offset: 0 D:\WWW\progect\drivingSchool\admin\Home\Model\StaffModel.class.php 第 571 行.
SQL: SELECT * FROM `dakanum` WHERE ( staff_id = '5' and month = '4' )  [ RunTime:0.0070s ]
NOTIC: [8] Undefined offset: 0 D:\WWW\progect\drivingSchool\admin\Home\Model\StaffModel.class.php 第 571 行.
SQL: SELECT * FROM `dakanum` WHERE ( staff_id = '5' and month = '5' )  [ RunTime:0.0180s ]
NOTIC: [8] Undefined offset: 0 D:\WWW\progect\drivingSchool\admin\Home\Model\StaffModel.class.php 第 571 行.
SQL: SELECT * FROM `dakanum` WHERE ( staff_id = '5' and month = '6' )  [ RunTime:0.0150s ]
NOTIC: [8] Undefined offset: 0 D:\WWW\progect\drivingSchool\admin\Home\Model\StaffModel.class.php 第 571 行.
SQL: SELECT * FROM `dakanum` WHERE ( staff_id = '5' and month = '7' )  [ RunTime:0.0040s ]
NOTIC: [8] Undefined offset: 0 D:\WWW\progect\drivingSchool\admin\Home\Model\StaffModel.class.php 第 571 行.
SQL: SELECT * FROM `dakanum` WHERE ( staff_id = '5' and month = '8' )  [ RunTime:0.0050s ]
NOTIC: [8] Undefined offset: 0 D:\WWW\progect\drivingSchool\admin\Home\Model\StaffModel.class.php 第 571 行.
SQL: SELECT * FROM `dakanum` WHERE ( staff_id = '5' and month = '9' )  [ RunTime:0.0070s ]
NOTIC: [8] Undefined offset: 0 D:\WWW\progect\drivingSchool\admin\Home\Model\StaffModel.class.php 第 571 行.
SQL: SELECT * FROM `dakanum` WHERE ( staff_id = '5' and month = '10' )  [ RunTime:0.0100s ]
NOTIC: [8] Undefined offset: 0 D:\WWW\progect\drivingSchool\admin\Home\Model\StaffModel.class.php 第 571 行.
SQL: SELECT * FROM `dakanum` WHERE ( staff_id = '5' and month = '11' )  [ RunTime:0.0040s ]
NOTIC: [8] Undefined offset: 0 D:\WWW\progect\drivingSchool\admin\Home\Model\StaffModel.class.php 第 571 行.
SQL: SELECT * FROM `dakanum` WHERE ( staff_id = '5' and month = '12' )  [ RunTime:0.0040s ]
NOTIC: [8] Undefined offset: 0 D:\WWW\progect\drivingSchool\admin\Home\Model\StaffModel.class.php 第 571 行.
SQL: SELECT * FROM `dakanum` WHERE ( staff_id = '6' and month = '1' )  [ RunTime:0.0060s ]
SQL: SELECT * FROM `dakanum` WHERE ( staff_id = '6' and month = '2' )  [ RunTime:0.0040s ]
SQL: SELECT * FROM `dakanum` WHERE ( staff_id = '6' and month = '3' )  [ RunTime:0.0040s ]
SQL: SELECT * FROM `dakanum` WHERE ( staff_id = '6' and month = '4' )  [ RunTime:0.0060s ]
SQL: SELECT * FROM `dakanum` WHERE ( staff_id = '6' and month = '5' )  [ RunTime:0.0050s ]
NOTIC: [8] Undefined offset: 0 D:\WWW\progect\drivingSchool\admin\Home\Model\StaffModel.class.php 第 571 行.
SQL: SELECT * FROM `dakanum` WHERE ( staff_id = '6' and month = '6' )  [ RunTime:0.0040s ]
NOTIC: [8] Undefined offset: 0 D:\WWW\progect\drivingSchool\admin\Home\Model\StaffModel.class.php 第 571 行.
SQL: SELECT * FROM `dakanum` WHERE ( staff_id = '6' and month = '7' )  [ RunTime:0.0040s ]
NOTIC: [8] Undefined offset: 0 D:\WWW\progect\drivingSchool\admin\Home\Model\StaffModel.class.php 第 571 行.
SQL: SELECT * FROM `dakanum` WHERE ( staff_id = '6' and month = '8' )  [ RunTime:0.0070s ]
NOTIC: [8] Undefined offset: 0 D:\WWW\progect\drivingSchool\admin\Home\Model\StaffModel.class.php 第 571 行.
SQL: SELECT * FROM `dakanum` WHERE ( staff_id = '6' and month = '9' )  [ RunTime:0.0050s ]
NOTIC: [8] Undefined offset: 0 D:\WWW\progect\drivingSchool\admin\Home\Model\StaffModel.class.php 第 571 行.
SQL: SELECT * FROM `dakanum` WHERE ( staff_id = '6' and month = '10' )  [ RunTime:0.0120s ]
NOTIC: [8] Undefined offset: 0 D:\WWW\progect\drivingSchool\admin\Home\Model\StaffModel.class.php 第 571 行.
SQL: SELECT * FROM `dakanum` WHERE ( staff_id = '6' and month = '11' )  [ RunTime:0.0110s ]
NOTIC: [8] Undefined offset: 0 D:\WWW\progect\drivingSchool\admin\Home\Model\StaffModel.class.php 第 571 行.
SQL: SELECT * FROM `dakanum` WHERE ( staff_id = '6' and month = '12' )  [ RunTime:0.0070s ]
NOTIC: [8] Undefined offset: 0 D:\WWW\progect\drivingSchool\admin\Home\Model\StaffModel.class.php 第 571 行.
SQL: SELECT * FROM `dakanum` WHERE ( staff_id = '7' and month = '1' )  [ RunTime:0.0120s ]
NOTIC: [8] Undefined offset: 0 D:\WWW\progect\drivingSchool\admin\Home\Model\StaffModel.class.php 第 571 行.
SQL: SELECT * FROM `dakanum` WHERE ( staff_id = '7' and month = '2' )  [ RunTime:0.0170s ]
NOTIC: [8] Undefined offset: 0 D:\WWW\progect\drivingSchool\admin\Home\Model\StaffModel.class.php 第 571 行.
SQL: SELECT * FROM `dakanum` WHERE ( staff_id = '7' and month = '3' )  [ RunTime:0.0060s ]
NOTIC: [8] Undefined offset: 0 D:\WWW\progect\drivingSchool\admin\Home\Model\StaffModel.class.php 第 571 行.
SQL: SELECT * FROM `dakanum` WHERE ( staff_id = '7' and month = '4' )  [ RunTime:0.0050s ]
NOTIC: [8] Undefined offset: 0 D:\WWW\progect\drivingSchool\admin\Home\Model\StaffModel.class.php 第 571 行.
SQL: SELECT * FROM `dakanum` WHERE ( staff_id = '7' and month = '5' )  [ RunTime:0.0150s ]
NOTIC: [8] Undefined offset: 0 D:\WWW\progect\drivingSchool\admin\Home\Model\StaffModel.class.php 第 571 行.
SQL: SELECT * FROM `dakanum` WHERE ( staff_id = '7' and month = '6' )  [ RunTime:0.0050s ]
NOTIC: [8] Undefined offset: 0 D:\WWW\progect\drivingSchool\admin\Home\Model\StaffModel.class.php 第 571 行.
SQL: SELECT * FROM `dakanum` WHERE ( staff_id = '7' and month = '7' )  [ RunTime:0.0050s ]
NOTIC: [8] Undefined offset: 0 D:\WWW\progect\drivingSchool\admin\Home\Model\StaffModel.class.php 第 571 行.
SQL: SELECT * FROM `dakanum` WHERE ( staff_id = '7' and month = '8' )  [ RunTime:0.0060s ]
NOTIC: [8] Undefined offset: 0 D:\WWW\progect\drivingSchool\admin\Home\Model\StaffModel.class.php 第 571 行.
SQL: SELECT * FROM `dakanum` WHERE ( staff_id = '7' and month = '9' )  [ RunTime:0.0050s ]
NOTIC: [8] Undefined offset: 0 D:\WWW\progect\drivingSchool\admin\Home\Model\StaffModel.class.php 第 571 行.
SQL: SELECT * FROM `dakanum` WHERE ( staff_id = '7' and month = '10' )  [ RunTime:0.0050s ]
NOTIC: [8] Undefined offset: 0 D:\WWW\progect\drivingSchool\admin\Home\Model\StaffModel.class.php 第 571 行.
SQL: SELECT * FROM `dakanum` WHERE ( staff_id = '7' and month = '11' )  [ RunTime:0.0050s ]
NOTIC: [8] Undefined offset: 0 D:\WWW\progect\drivingSchool\admin\Home\Model\StaffModel.class.php 第 571 行.
SQL: SELECT * FROM `dakanum` WHERE ( staff_id = '7' and month = '12' )  [ RunTime:0.0130s ]
NOTIC: [8] Undefined offset: 0 D:\WWW\progect\drivingSchool\admin\Home\Model\StaffModel.class.php 第 571 行.
SQL: SELECT * FROM `dakanum` WHERE ( staff_id = '33' and month = '1' )  [ RunTime:0.0050s ]
SQL: SELECT * FROM `dakanum` WHERE ( staff_id = '33' and month = '2' )  [ RunTime:0.0050s ]
SQL: SELECT * FROM `dakanum` WHERE ( staff_id = '33' and month = '3' )  [ RunTime:0.0280s ]
SQL: SELECT * FROM `dakanum` WHERE ( staff_id = '33' and month = '4' )  [ RunTime:0.0060s ]
NOTIC: [8] Undefined offset: 0 D:\WWW\progect\drivingSchool\admin\Home\Model\StaffModel.class.php 第 571 行.
SQL: SELECT * FROM `dakanum` WHERE ( staff_id = '33' and month = '5' )  [ RunTime:0.0510s ]
SQL: SELECT * FROM `dakanum` WHERE ( staff_id = '33' and month = '6' )  [ RunTime:0.0170s ]
NOTIC: [8] Undefined offset: 0 D:\WWW\progect\drivingSchool\admin\Home\Model\StaffModel.class.php 第 571 行.
SQL: SELECT * FROM `dakanum` WHERE ( staff_id = '33' and month = '7' )  [ RunTime:0.0170s ]
NOTIC: [8] Undefined offset: 0 D:\WWW\progect\drivingSchool\admin\Home\Model\StaffModel.class.php 第 571 行.
SQL: SELECT * FROM `dakanum` WHERE ( staff_id = '33' and month = '8' )  [ RunTime:0.0140s ]
NOTIC: [8] Undefined offset: 0 D:\WWW\progect\drivingSchool\admin\Home\Model\StaffModel.class.php 第 571 行.
SQL: SELECT * FROM `dakanum` WHERE ( staff_id = '33' and month = '9' )  [ RunTime:0.0180s ]
NOTIC: [8] Undefined offset: 0 D:\WWW\progect\drivingSchool\admin\Home\Model\StaffModel.class.php 第 571 行.
SQL: SELECT * FROM `dakanum` WHERE ( staff_id = '33' and month = '10' )  [ RunTime:0.0200s ]
NOTIC: [8] Undefined offset: 0 D:\WWW\progect\drivingSchool\admin\Home\Model\StaffModel.class.php 第 571 行.
SQL: SELECT * FROM `dakanum` WHERE ( staff_id = '33' and month = '11' )  [ RunTime:0.0230s ]
NOTIC: [8] Undefined offset: 0 D:\WWW\progect\drivingSchool\admin\Home\Model\StaffModel.class.php 第 571 行.
SQL: SELECT * FROM `dakanum` WHERE ( staff_id = '33' and month = '12' )  [ RunTime:0.0130s ]
NOTIC: [8] Undefined offset: 0 D:\WWW\progect\drivingSchool\admin\Home\Model\StaffModel.class.php 第 571 行.
SQL: SELECT * FROM `dakanum` WHERE ( staff_id = '34' and month = '1' )  [ RunTime:0.0130s ]
NOTIC: [8] Undefined offset: 0 D:\WWW\progect\drivingSchool\admin\Home\Model\StaffModel.class.php 第 571 行.
SQL: SELECT * FROM `dakanum` WHERE ( staff_id = '34' and month = '2' )  [ RunTime:0.0060s ]
NOTIC: [8] Undefined offset: 0 D:\WWW\progect\drivingSchool\admin\Home\Model\StaffModel.class.php 第 571 行.
SQL: SELECT * FROM `dakanum` WHERE ( staff_id = '34' and month = '3' )  [ RunTime:0.0230s ]
NOTIC: [8] Undefined offset: 0 D:\WWW\progect\drivingSchool\admin\Home\Model\StaffModel.class.php 第 571 行.
SQL: SELECT * FROM `dakanum` WHERE ( staff_id = '34' and month = '4' )  [ RunTime:0.0130s ]
NOTIC: [8] Undefined offset: 0 D:\WWW\progect\drivingSchool\admin\Home\Model\StaffModel.class.php 第 571 行.
SQL: SELECT * FROM `dakanum` WHERE ( staff_id = '34' and month = '5' )  [ RunTime:0.0070s ]
NOTIC: [8] Undefined offset: 0 D:\WWW\progect\drivingSchool\admin\Home\Model\StaffModel.class.php 第 571 行.
SQL: SELECT * FROM `dakanum` WHERE ( staff_id = '34' and month = '6' )  [ RunTime:0.0110s ]
NOTIC: [8] Undefined offset: 0 D:\WWW\progect\drivingSchool\admin\Home\Model\StaffModel.class.php 第 571 行.
SQL: SELECT * FROM `dakanum` WHERE ( staff_id = '34' and month = '7' )  [ RunTime:0.0090s ]
NOTIC: [8] Undefined offset: 0 D:\WWW\progect\drivingSchool\admin\Home\Model\StaffModel.class.php 第 571 行.
SQL: SELECT * FROM `dakanum` WHERE ( staff_id = '34' and month = '8' )  [ RunTime:0.0130s ]
NOTIC: [8] Undefined offset: 0 D:\WWW\progect\drivingSchool\admin\Home\Model\StaffModel.class.php 第 571 行.
SQL: SELECT * FROM `dakanum` WHERE ( staff_id = '34' and month = '9' )  [ RunTime:0.0070s ]
NOTIC: [8] Undefined offset: 0 D:\WWW\progect\drivingSchool\admin\Home\Model\StaffModel.class.php 第 571 行.
SQL: SELECT * FROM `dakanum` WHERE ( staff_id = '34' and month = '10' )  [ RunTime:0.0080s ]
NOTIC: [8] Undefined offset: 0 D:\WWW\progect\drivingSchool\admin\Home\Model\StaffModel.class.php 第 571 行.
SQL: SELECT * FROM `dakanum` WHERE ( staff_id = '34' and month = '11' )  [ RunTime:0.0050s ]
NOTIC: [8] Undefined offset: 0 D:\WWW\progect\drivingSchool\admin\Home\Model\StaffModel.class.php 第 571 行.
SQL: SELECT * FROM `dakanum` WHERE ( staff_id = '34' and month = '12' )  [ RunTime:0.0090s ]
NOTIC: [8] Undefined offset: 0 D:\WWW\progect\drivingSchool\admin\Home\Model\StaffModel.class.php 第 571 行.
SQL: SELECT * FROM `dakanum` WHERE ( staff_id = '35' and month = '1' )  [ RunTime:0.0170s ]
NOTIC: [8] Undefined offset: 0 D:\WWW\progect\drivingSchool\admin\Home\Model\StaffModel.class.php 第 571 行.
SQL: SELECT * FROM `dakanum` WHERE ( staff_id = '35' and month = '2' )  [ RunTime:0.0170s ]
NOTIC: [8] Undefined offset: 0 D:\WWW\progect\drivingSchool\admin\Home\Model\StaffModel.class.php 第 571 行.
SQL: SELECT * FROM `dakanum` WHERE ( staff_id = '35' and month = '3' )  [ RunTime:0.0170s ]
NOTIC: [8] Undefined offset: 0 D:\WWW\progect\drivingSchool\admin\Home\Model\StaffModel.class.php 第 571 行.
SQL: SELECT * FROM `dakanum` WHERE ( staff_id = '35' and month = '4' )  [ RunTime:0.0180s ]
NOTIC: [8] Undefined offset: 0 D:\WWW\progect\drivingSchool\admin\Home\Model\StaffModel.class.php 第 571 行.
SQL: SELECT * FROM `dakanum` WHERE ( staff_id = '35' and month = '5' )  [ RunTime:0.0150s ]
NOTIC: [8] Undefined offset: 0 D:\WWW\progect\drivingSchool\admin\Home\Model\StaffModel.class.php 第 571 行.
SQL: SELECT * FROM `dakanum` WHERE ( staff_id = '35' and month = '6' )  [ RunTime:0.0130s ]
NOTIC: [8] Undefined offset: 0 D:\WWW\progect\drivingSchool\admin\Home\Model\StaffModel.class.php 第 571 行.
SQL: SELECT * FROM `dakanum` WHERE ( staff_id = '35' and month = '7' )  [ RunTime:0.0110s ]
NOTIC: [8] Undefined offset: 0 D:\WWW\progect\drivingSchool\admin\Home\Model\StaffModel.class.php 第 571 行.
SQL: SELECT * FROM `dakanum` WHERE ( staff_id = '35' and month = '8' )  [ RunTime:0.0160s ]
NOTIC: [8] Undefined offset: 0 D:\WWW\progect\drivingSchool\admin\Home\Model\StaffModel.class.php 第 571 行.
SQL: SELECT * FROM `dakanum` WHERE ( staff_id = '35' and month = '9' )  [ RunTime:0.0150s ]
NOTIC: [8] Undefined offset: 0 D:\WWW\progect\drivingSchool\admin\Home\Model\StaffModel.class.php 第 571 行.
SQL: SELECT * FROM `dakanum` WHERE ( staff_id = '35' and month = '10' )  [ RunTime:0.0350s ]
NOTIC: [8] Undefined offset: 0 D:\WWW\progect\drivingSchool\admin\Home\Model\StaffModel.class.php 第 571 行.
SQL: SELECT * FROM `dakanum` WHERE ( staff_id = '35' and month = '11' )  [ RunTime:0.0400s ]
NOTIC: [8] Undefined offset: 0 D:\WWW\progect\drivingSchool\admin\Home\Model\StaffModel.class.php 第 571 行.
SQL: SELECT * FROM `dakanum` WHERE ( staff_id = '35' and month = '12' )  [ RunTime:0.0390s ]
NOTIC: [8] Undefined offset: 0 D:\WWW\progect\drivingSchool\admin\Home\Model\StaffModel.class.php 第 571 行.
INFO: [ view_parse ] --START--
INFO: [ template_filter ] --START--
INFO: Run Behavior\ContentReplaceBehavior [ RunTime:0.001000s ]
INFO: [ template_filter ] --END-- [ RunTime:0.001000s ]
NOTIC: [8] Undefined variable: search D:\WWW\progect\drivingSchool\admin\Runtime\Cache\Home\e515fee5ba469dd77eec8a49913febd4.php 第 23 行.
NOTIC: [8] Undefined variable: search D:\WWW\progect\drivingSchool\admin\Runtime\Cache\Home\e515fee5ba469dd77eec8a49913febd4.php 第 27 行.
INFO: Run Behavior\ParseTemplateBehavior [ RunTime:0.044003s ]
INFO: [ view_parse ] --END-- [ RunTime:0.044003s ]
INFO: [ view_filter ] --START--
INFO: Run Behavior\WriteHtmlCacheBehavior [ RunTime:0.001000s ]
INFO: [ view_filter ] --END-- [ RunTime:0.001000s ]
INFO: [ app_end ] --START--
INFO: Run Behavior\ShowPageTraceBehavior [ RunTime:0.002000s ]
INFO: [ app_end ] --END-- [ RunTime:0.002000s ]

[ 2016-04-22T08:01:47+08:00 ] 127.0.0.1 /progect/drivingSchool/index.php/Home/Staff/leave
INFO: [ app_init ] --START--
INFO: Run Behavior\BuildLiteBehavior [ RunTime:0.000000s ]
INFO: [ app_init ] --END-- [ RunTime:0.001000s ]
INFO: [ app_begin ] --START--
INFO: Run Behavior\ReadHtmlCacheBehavior [ RunTime:0.000000s ]
INFO: [ app_begin ] --END-- [ RunTime:0.000000s ]
NOTIC: [2048] Declaration of Home\Controller\StaffController::show() should be compatible with Think\Controller::show($content, $charset = '', $contentType = '', $prefix = '') D:\WWW\progect\drivingSchool\admin\Home\Controller\StaffController.class.php 第 157 行.
SQL: SHOW COLUMNS FROM `staff` [ RunTime:0.0350s ]
SQL: SELECT * FROM `staff` INNER JOIN staff_leave on staff.staff_id = staff_leave.work_id  WHERE ( staff.role_id in (1,4,5,6) )  [ RunTime:0.0390s ]
INFO: [ view_parse ] --START--
INFO: [ template_filter ] --START--
INFO: Run Behavior\ContentReplaceBehavior [ RunTime:0.000000s ]
INFO: [ template_filter ] --END-- [ RunTime:0.000000s ]
NOTIC: [8] Undefined variable: search D:\WWW\progect\drivingSchool\admin\Runtime\Cache\Home\6118d72b34788c9771c50dd879f59fa2.php 第 17 行.
NOTIC: [8] Undefined variable: search D:\WWW\progect\drivingSchool\admin\Runtime\Cache\Home\6118d72b34788c9771c50dd879f59fa2.php 第 21 行.
NOTIC: [8] Undefined variable: search D:\WWW\progect\drivingSchool\admin\Runtime\Cache\Home\6118d72b34788c9771c50dd879f59fa2.php 第 25 行.
NOTIC: [8] Undefined variable: search D:\WWW\progect\drivingSchool\admin\Runtime\Cache\Home\6118d72b34788c9771c50dd879f59fa2.php 第 29 行.
INFO: Run Behavior\ParseTemplateBehavior [ RunTime:0.015001s ]
INFO: [ view_parse ] --END-- [ RunTime:0.015001s ]
INFO: [ view_filter ] --START--
INFO: Run Behavior\WriteHtmlCacheBehavior [ RunTime:0.000000s ]
INFO: [ view_filter ] --END-- [ RunTime:0.000000s ]
INFO: [ app_end ] --START--
INFO: Run Behavior\ShowPageTraceBehavior [ RunTime:0.001000s ]
INFO: [ app_end ] --END-- [ RunTime:0.001000s ]

[ 2016-04-22T08:02:21+08:00 ] 127.0.0.1 /progect/drivingSchool/index.php/Home/Staff/leave
INFO: [ app_init ] --START--
INFO: Run Behavior\BuildLiteBehavior [ RunTime:0.000000s ]
INFO: [ app_init ] --END-- [ RunTime:0.000000s ]
INFO: [ app_begin ] --START--
INFO: Run Behavior\ReadHtmlCacheBehavior [ RunTime:0.000000s ]
INFO: [ app_begin ] --END-- [ RunTime:0.001000s ]
NOTIC: [2048] Declaration of Home\Controller\StaffController::show() should be compatible with Think\Controller::show($content, $charset = '', $contentType = '', $prefix = '') D:\WWW\progect\drivingSchool\admin\Home\Controller\StaffController.class.php 第 157 行.
SQL: SHOW COLUMNS FROM `staff` [ RunTime:0.0070s ]
SQL: SELECT * FROM `staff` INNER JOIN staff_leave on staff.staff_id = staff_leave.work_id  WHERE ( staff.role_id in (1,4,5,6) )  [ RunTime:0.0080s ]
INFO: [ view_parse ] --START--
INFO: [ template_filter ] --START--
INFO: Run Behavior\ContentReplaceBehavior [ RunTime:0.000000s ]
INFO: [ template_filter ] --END-- [ RunTime:0.000000s ]
NOTIC: [8] Undefined variable: search D:\WWW\progect\drivingSchool\admin\Runtime\Cache\Home\6118d72b34788c9771c50dd879f59fa2.php 第 17 行.
NOTIC: [8] Undefined variable: search D:\WWW\progect\drivingSchool\admin\Runtime\Cache\Home\6118d72b34788c9771c50dd879f59fa2.php 第 21 行.
NOTIC: [8] Undefined variable: search D:\WWW\progect\drivingSchool\admin\Runtime\Cache\Home\6118d72b34788c9771c50dd879f59fa2.php 第 25 行.
NOTIC: [8] Undefined variable: search D:\WWW\progect\drivingSchool\admin\Runtime\Cache\Home\6118d72b34788c9771c50dd879f59fa2.php 第 29 行.
INFO: Run Behavior\ParseTemplateBehavior [ RunTime:0.025001s ]
INFO: [ view_parse ] --END-- [ RunTime:0.025001s ]
INFO: [ view_filter ] --START--
INFO: Run Behavior\WriteHtmlCacheBehavior [ RunTime:0.000000s ]
INFO: [ view_filter ] --END-- [ RunTime:0.000000s ]
INFO: [ app_end ] --START--
INFO: Run Behavior\ShowPageTraceBehavior [ RunTime:0.001001s ]
INFO: [ app_end ] --END-- [ RunTime:0.001001s ]

[ 2016-04-22T08:02:26+08:00 ] 127.0.0.1 /progect/drivingSchool/index.php/Home/Staff/leavestatus/id/2/id/7
INFO: [ app_init ] --START--
INFO: Run Behavior\BuildLiteBehavior [ RunTime:0.000000s ]
INFO: [ app_init ] --END-- [ RunTime:0.000000s ]
INFO: [ app_begin ] --START--
INFO: Run Behavior\ReadHtmlCacheBehavior [ RunTime:0.001000s ]
INFO: [ app_begin ] --END-- [ RunTime:0.001000s ]
NOTIC: [2048] Declaration of Home\Controller\StaffController::show() should be compatible with Think\Controller::show($content, $charset = '', $contentType = '', $prefix = '') D:\WWW\progect\drivingSchool\admin\Home\Controller\StaffController.class.php 第 157 行.
SQL: SHOW COLUMNS FROM `staff` [ RunTime:0.1710s ]

[ 2016-04-22T08:02:31+08:00 ] 127.0.0.1 /progect/drivingSchool/index.php/Home/Staff/leavestatus/id/3/id/7
INFO: [ app_init ] --START--
INFO: Run Behavior\BuildLiteBehavior [ RunTime:0.000000s ]
INFO: [ app_init ] --END-- [ RunTime:0.001000s ]
INFO: [ app_begin ] --START--
INFO: Run Behavior\ReadHtmlCacheBehavior [ RunTime:0.000000s ]
INFO: [ app_begin ] --END-- [ RunTime:0.000000s ]
NOTIC: [2048] Declaration of Home\Controller\StaffController::show() should be compatible with Think\Controller::show($content, $charset = '', $contentType = '', $prefix = '') D:\WWW\progect\drivingSchool\admin\Home\Controller\StaffController.class.php 第 157 行.
SQL: SHOW COLUMNS FROM `staff` [ RunTime:0.0960s ]

[ 2016-04-22T08:04:37+08:00 ] 127.0.0.1 /progect/drivingSchool/index.php/Home/Staff/leave
INFO: [ app_init ] --START--
INFO: Run Behavior\BuildLiteBehavior [ RunTime:0.000000s ]
INFO: [ app_init ] --END-- [ RunTime:0.000000s ]
INFO: [ app_begin ] --START--
INFO: Run Behavior\ReadHtmlCacheBehavior [ RunTime:0.002000s ]
INFO: [ app_begin ] --END-- [ RunTime:0.002000s ]
NOTIC: [2048] Declaration of Home\Controller\StaffController::show() should be compatible with Think\Controller::show($content, $charset = '', $contentType = '', $prefix = '') D:\WWW\progect\drivingSchool\admin\Home\Controller\StaffController.class.php 第 157 行.
SQL: SHOW COLUMNS FROM `staff` [ RunTime:0.0120s ]
SQL: SELECT * FROM `staff` INNER JOIN staff_leave on staff.staff_id = staff_leave.work_id  WHERE ( staff.role_id in (1,4,5,6) )  [ RunTime:0.0120s ]
INFO: [ view_parse ] --START--
INFO: [ template_filter ] --START--
INFO: Run Behavior\ContentReplaceBehavior [ RunTime:0.000000s ]
INFO: [ template_filter ] --END-- [ RunTime:0.000000s ]
NOTIC: [8] Undefined variable: search D:\WWW\progect\drivingSchool\admin\Runtime\Cache\Home\6118d72b34788c9771c50dd879f59fa2.php 第 17 行.
NOTIC: [8] Undefined variable: search D:\WWW\progect\drivingSchool\admin\Runtime\Cache\Home\6118d72b34788c9771c50dd879f59fa2.php 第 21 行.
NOTIC: [8] Undefined variable: search D:\WWW\progect\drivingSchool\admin\Runtime\Cache\Home\6118d72b34788c9771c50dd879f59fa2.php 第 25 行.
NOTIC: [8] Undefined variable: search D:\WWW\progect\drivingSchool\admin\Runtime\Cache\Home\6118d72b34788c9771c50dd879f59fa2.php 第 29 行.
INFO: Run Behavior\ParseTemplateBehavior [ RunTime:0.030001s ]
INFO: [ view_parse ] --END-- [ RunTime:0.030001s ]
INFO: [ view_filter ] --START--
INFO: Run Behavior\WriteHtmlCacheBehavior [ RunTime:0.001000s ]
INFO: [ view_filter ] --END-- [ RunTime:0.001000s ]
INFO: [ app_end ] --START--
INFO: Run Behavior\ShowPageTraceBehavior [ RunTime:0.001001s ]
INFO: [ app_end ] --END-- [ RunTime:0.001001s ]

[ 2016-04-22T08:04:42+08:00 ] 127.0.0.1 /progect/drivingSchool/index.php/Home/Staff/leave
INFO: [ app_init ] --START--
INFO: Run Behavior\BuildLiteBehavior [ RunTime:0.000000s ]
INFO: [ app_init ] --END-- [ RunTime:0.000000s ]
INFO: [ app_begin ] --START--
INFO: Run Behavior\ReadHtmlCacheBehavior [ RunTime:0.001000s ]
INFO: [ app_begin ] --END-- [ RunTime:0.001000s ]
NOTIC: [2048] Declaration of Home\Controller\StaffController::show() should be compatible with Think\Controller::show($content, $charset = '', $contentType = '', $prefix = '') D:\WWW\progect\drivingSchool\admin\Home\Controller\StaffController.class.php 第 157 行.
SQL: SHOW COLUMNS FROM `staff` [ RunTime:0.0410s ]
SQL: SELECT * FROM `staff` INNER JOIN staff_leave on staff.staff_id = staff_leave.work_id  WHERE ( staff.role_id in (1,4,5,6) )  [ RunTime:0.0400s ]
INFO: [ view_parse ] --START--
INFO: [ template_filter ] --START--
INFO: Run Behavior\ContentReplaceBehavior [ RunTime:0.000000s ]
INFO: [ template_filter ] --END-- [ RunTime:0.000000s ]
NOTIC: [8] Undefined variable: search D:\WWW\progect\drivingSchool\admin\Runtime\Cache\Home\6118d72b34788c9771c50dd879f59fa2.php 第 17 行.
NOTIC: [8] Undefined variable: search D:\WWW\progect\drivingSchool\admin\Runtime\Cache\Home\6118d72b34788c9771c50dd879f59fa2.php 第 21 行.
NOTIC: [8] Undefined variable: search D:\WWW\progect\drivingSchool\admin\Runtime\Cache\Home\6118d72b34788c9771c50dd879f59fa2.php 第 25 行.
NOTIC: [8] Undefined variable: search D:\WWW\progect\drivingSchool\admin\Runtime\Cache\Home\6118d72b34788c9771c50dd879f59fa2.php 第 29 行.
INFO: Run Behavior\ParseTemplateBehavior [ RunTime:0.028001s ]
INFO: [ view_parse ] --END-- [ RunTime:0.029001s ]
INFO: [ view_filter ] --START--
INFO: Run Behavior\WriteHtmlCacheBehavior [ RunTime:0.000000s ]
INFO: [ view_filter ] --END-- [ RunTime:0.000000s ]
INFO: [ app_end ] --START--
INFO: Run Behavior\ShowPageTraceBehavior [ RunTime:0.001000s ]
INFO: [ app_end ] --END-- [ RunTime:0.001000s ]

[ 2016-04-22T08:04:42+08:00 ] 127.0.0.1 /progect/drivingSchool/index.php/Home/Staff/leave
INFO: [ app_init ] --START--
INFO: Run Behavior\BuildLiteBehavior [ RunTime:0.000000s ]
INFO: [ app_init ] --END-- [ RunTime:0.000000s ]
INFO: [ app_begin ] --START--
INFO: Run Behavior\ReadHtmlCacheBehavior [ RunTime:0.001001s ]
INFO: [ app_begin ] --END-- [ RunTime:0.001001s ]
NOTIC: [2048] Declaration of Home\Controller\StaffController::show() should be compatible with Think\Controller::show($content, $charset = '', $contentType = '', $prefix = '') D:\WWW\progect\drivingSchool\admin\Home\Controller\StaffController.class.php 第 157 行.
SQL: SHOW COLUMNS FROM `staff` [ RunTime:0.0070s ]
SQL: SELECT * FROM `staff` INNER JOIN staff_leave on staff.staff_id = staff_leave.work_id  WHERE ( staff.role_id in (1,4,5,6) )  [ RunTime:0.0140s ]
INFO: [ view_parse ] --START--
INFO: [ template_filter ] --START--
INFO: Run Behavior\ContentReplaceBehavior [ RunTime:0.000000s ]
INFO: [ template_filter ] --END-- [ RunTime:0.001001s ]
NOTIC: [8] Undefined variable: search D:\WWW\progect\drivingSchool\admin\Runtime\Cache\Home\6118d72b34788c9771c50dd879f59fa2.php 第 17 行.
NOTIC: [8] Undefined variable: search D:\WWW\progect\drivingSchool\admin\Runtime\Cache\Home\6118d72b34788c9771c50dd879f59fa2.php 第 21 行.
NOTIC: [8] Undefined variable: search D:\WWW\progect\drivingSchool\admin\Runtime\Cache\Home\6118d72b34788c9771c50dd879f59fa2.php 第 25 行.
NOTIC: [8] Undefined variable: search D:\WWW\progect\drivingSchool\admin\Runtime\Cache\Home\6118d72b34788c9771c50dd879f59fa2.php 第 29 行.
INFO: Run Behavior\ParseTemplateBehavior [ RunTime:0.022002s ]
INFO: [ view_parse ] --END-- [ RunTime:0.022002s ]
INFO: [ view_filter ] --START--
INFO: Run Behavior\WriteHtmlCacheBehavior [ RunTime:0.001000s ]
INFO: [ view_filter ] --END-- [ RunTime:0.001000s ]
INFO: [ app_end ] --START--
INFO: Run Behavior\ShowPageTraceBehavior [ RunTime:0.001000s ]
INFO: [ app_end ] --END-- [ RunTime:0.001000s ]

