[ 2016-05-03T21:17:59+08:00 ] 127.0.0.1 /progect/drivingSchool/index.php/Home/staff/add
INFO: [ app_init ] --START--
INFO: Run Behavior\BuildLiteBehavior [ RunTime:0.000000s ]
INFO: [ app_init ] --END-- [ RunTime:0.084005s ]
INFO: [ app_begin ] --START--
INFO: Run Behavior\ReadHtmlCacheBehavior [ RunTime:0.004000s ]
INFO: [ app_begin ] --END-- [ RunTime:0.004000s ]
NOTIC: [2048] Declaration of Home\Controller\StaffController::show() should be compatible with Think\Controller::show($content, $charset = '', $contentType = '', $prefix = '') D:\WWW\progect\drivingSchool\admin\Home\Controller\StaffController.class.php 第 225 行.
INFO: [ view_parse ] --START--
INFO: [ template_filter ] --START--
INFO: Run Behavior\ContentReplaceBehavior [ RunTime:0.001000s ]
INFO: [ template_filter ] --END-- [ RunTime:0.001000s ]
NOTIC: [8] Undefined variable: region D:\WWW\progect\drivingSchool\admin\Runtime\Cache\Home\2192876f2ad2e120784a8efb407c6a29.php 第 46 行.
NOTIC: [8] Undefined variable: region D:\WWW\progect\drivingSchool\admin\Runtime\Cache\Home\2192876f2ad2e120784a8efb407c6a29.php 第 58 行.
NOTIC: [8] Undefined variable: region D:\WWW\progect\drivingSchool\admin\Runtime\Cache\Home\2192876f2ad2e120784a8efb407c6a29.php 第 70 行.
NOTIC: [8] Undefined variable: role D:\WWW\progect\drivingSchool\admin\Runtime\Cache\Home\2192876f2ad2e120784a8efb407c6a29.php 第 94 行.
NOTIC: [8] Undefined variable: coach D:\WWW\progect\drivingSchool\admin\Runtime\Cache\Home\2192876f2ad2e120784a8efb407c6a29.php 第 110 行.
NOTIC: [8] Undefined variable: coach D:\WWW\progect\drivingSchool\admin\Runtime\Cache\Home\2192876f2ad2e120784a8efb407c6a29.php 第 117 行.
NOTIC: [8] Undefined variable: coach D:\WWW\progect\drivingSchool\admin\Runtime\Cache\Home\2192876f2ad2e120784a8efb407c6a29.php 第 121 行.
NOTIC: [8] Undefined variable: coach D:\WWW\progect\drivingSchool\admin\Runtime\Cache\Home\2192876f2ad2e120784a8efb407c6a29.php 第 125 行.
NOTIC: [8] Undefined variable: coach D:\WWW\progect\drivingSchool\admin\Runtime\Cache\Home\2192876f2ad2e120784a8efb407c6a29.php 第 129 行.
INFO: Run Behavior\ParseTemplateBehavior [ RunTime:0.378022s ]
INFO: [ view_parse ] --END-- [ RunTime:0.378022s ]
INFO: [ view_filter ] --START--
INFO: Run Behavior\WriteHtmlCacheBehavior [ RunTime:0.010000s ]
INFO: [ view_filter ] --END-- [ RunTime:0.010000s ]
INFO: [ app_end ] --START--
INFO: Run Behavior\ShowPageTraceBehavior [ RunTime:0.003000s ]
INFO: [ app_end ] --END-- [ RunTime:0.003000s ]

