[ 2016-04-14T19:17:12+08:00 ] 127.0.0.1 /admin/home/charge/index
INFO: [ app_init ] --START--
INFO: Run Behavior\BuildLiteBehavior [ RunTime:0.000000s ]
INFO: [ app_init ] --END-- [ RunTime:0.001000s ]
ERR: 无法加载模块:Admin

[ 2016-04-14T19:18:48+08:00 ] 127.0.0.1 /admin/Home/View/Index/__PUBLIC__/admin/css/style.css
INFO: [ app_init ] --START--
INFO: Run Behavior\BuildLiteBehavior [ RunTime:0.000000s ]
INFO: [ app_init ] --END-- [ RunTime:0.001000s ]
ERR: 无法加载模块:Admin

[ 2016-04-14T19:18:48+08:00 ] 127.0.0.1 /admin/Home/View/Index/__PUBLIC__/admin/js/jquery.js
INFO: [ app_init ] --START--
INFO: Run Behavior\BuildLiteBehavior [ RunTime:0.000000s ]
INFO: [ app_init ] --END-- [ RunTime:0.000000s ]
ERR: 无法加载模块:Admin

[ 2016-04-14T19:18:48+08:00 ] 127.0.0.1 /admin/Home/View/Index/__PUBLIC__/admin/images/ico02.png
INFO: [ app_init ] --START--
INFO: Run Behavior\BuildLiteBehavior [ RunTime:0.000000s ]
INFO: [ app_init ] --END-- [ RunTime:0.001000s ]
ERR: 无法加载模块:Admin

[ 2016-04-14T19:18:48+08:00 ] 127.0.0.1 /admin/Home/View/Index/__PUBLIC__/admin/images/sun.png
INFO: [ app_init ] --START--
INFO: Run Behavior\BuildLiteBehavior [ RunTime:0.000000s ]
INFO: [ app_init ] --END-- [ RunTime:0.000000s ]
ERR: 无法加载模块:Admin

[ 2016-04-14T19:18:48+08:00 ] 127.0.0.1 /admin/Home/View/Index/__PUBLIC__/admin/images/ico03.png
INFO: [ app_init ] --START--
INFO: Run Behavior\BuildLiteBehavior [ RunTime:0.000000s ]
INFO: [ app_init ] --END-- [ RunTime:0.000000s ]
ERR: 无法加载模块:Admin

[ 2016-04-14T19:18:48+08:00 ] 127.0.0.1 /admin/Home/View/Index/__PUBLIC__/admin/images/time.png
INFO: [ app_init ] --START--
INFO: Run Behavior\BuildLiteBehavior [ RunTime:0.000000s ]
INFO: [ app_init ] --END-- [ RunTime:0.000000s ]
ERR: 无法加载模块:Admin

[ 2016-04-14T19:18:48+08:00 ] 127.0.0.1 /admin/Home/View/Index/__PUBLIC__/admin/images/ico01.png
INFO: [ app_init ] --START--
INFO: Run Behavior\BuildLiteBehavior [ RunTime:0.000000s ]
INFO: [ app_init ] --END-- [ RunTime:0.001000s ]
ERR: 无法加载模块:Admin

[ 2016-04-14T19:18:48+08:00 ] 127.0.0.1 /admin/Home/View/Index/__PUBLIC__/admin/images/dp.png
INFO: [ app_init ] --START--
INFO: Run Behavior\BuildLiteBehavior [ RunTime:0.000000s ]
INFO: [ app_init ] --END-- [ RunTime:0.001000s ]
ERR: 无法加载模块:Admin

[ 2016-04-14T19:18:48+08:00 ] 127.0.0.1 /admin/Home/View/Index/__PUBLIC__/admin/images/ico06.png
INFO: [ app_init ] --START--
INFO: Run Behavior\BuildLiteBehavior [ RunTime:0.000000s ]
INFO: [ app_init ] --END-- [ RunTime:0.000000s ]
ERR: 无法加载模块:Admin

[ 2016-04-14T19:18:48+08:00 ] 127.0.0.1 /admin/Home/View/Index/__PUBLIC__/admin/images/ico04.png
INFO: [ app_init ] --START--
INFO: Run Behavior\BuildLiteBehavior [ RunTime:0.000000s ]
INFO: [ app_init ] --END-- [ RunTime:0.001000s ]
ERR: 无法加载模块:Admin

[ 2016-04-14T19:18:48+08:00 ] 127.0.0.1 /admin/Home/View/Index/__PUBLIC__/admin/images/iadd.png
INFO: [ app_init ] --START--
INFO: Run Behavior\BuildLiteBehavior [ RunTime:0.000000s ]
INFO: [ app_init ] --END-- [ RunTime:0.001000s ]
ERR: 无法加载模块:Admin

